2022-06-18 10:39:34,218+0200 INFO  miktex-xetex - this process (13396) started by miktex-makefmt in directory C:\Users\ogglo\AppData\Local\Temp\mik79847 with command line: miktex-xetex.exe --miktex-enable-installer --miktex-disable-maintenance --miktex-disable-diagnose --interaction=nonstopmode --initialize --halt-on-error --alias=xelatex --job-name=xelatex --enable-etex xelatex.ini
2022-06-18 10:39:34,218+0200 INFO  miktex-xetex - this is MiKTeX-XETEX 4.8.0 (0.999994) (MiKTeX 22.3 Portable)
2022-06-18 10:39:34,225+0200 INFO  miktex-xetex - allowing known shell commands
2022-06-18 10:39:38,856+0200 INFO  miktex-xetex - this process (13396) finishes with exit code 0
2022-06-18 10:39:38,856+0200 WARN  miktex-xetex.core - still open: "C:\Users\ogglo\Documents\Enseignement\Projets\Exo aléatoire fanélie\Interface_graphique\miktex\texmfs\install\fonts/tfm/public/cm\cmsy7.tfm"
2022-06-18 10:39:38,856+0200 WARN  miktex-xetex.core - still open: "C:\Users\ogglo\Documents\Enseignement\Projets\Exo aléatoire fanélie\Interface_graphique\miktex\texmfs\install\fonts/tfm/public/cm\cmsy10.tfm"
2022-06-18 10:39:38,856+0200 WARN  miktex-xetex.core - still open: "C:\Users\ogglo\Documents\Enseignement\Projets\Exo aléatoire fanélie\Interface_graphique\miktex\texmfs\install\fonts/tfm/public/cm\cmr10.tfm"
2022-06-18 10:39:38,857+0200 WARN  miktex-xetex.core - still open: "C:\Users\ogglo\Documents\Enseignement\Projets\Exo aléatoire fanélie\Interface_graphique\miktex\texmfs\install\fonts/tfm/public/latex-fonts\lcircle10.tfm"
2022-06-18 10:39:38,857+0200 WARN  miktex-xetex.core - still open: "C:\Users\ogglo\Documents\Enseignement\Projets\Exo aléatoire fanélie\Interface_graphique\miktex\texmfs\install\fonts/tfm/public/cm\cmr10.tfm"
2022-06-18 10:39:38,857+0200 WARN  miktex-xetex.core - still open: "C:\Users\ogglo\Documents\Enseignement\Projets\Exo aléatoire fanélie\Interface_graphique\miktex\texmfs\install\fonts/tfm/public/latex-fonts\lcirclew10.tfm"
2022-06-18 10:39:38,857+0200 WARN  miktex-xetex.core - still open: "C:\Users\ogglo\Documents\Enseignement\Projets\Exo aléatoire fanélie\Interface_graphique\miktex\texmfs\install\fonts/tfm/public/cm\cmr10.tfm"
2022-06-18 10:39:38,857+0200 WARN  miktex-xetex.core - still open: "C:\Users\ogglo\Documents\Enseignement\Projets\Exo aléatoire fanélie\Interface_graphique\miktex\texmfs\install\fonts/tfm/public/cm\cmr10.tfm"
2022-06-18 10:39:38,857+0200 WARN  miktex-xetex.core - still open: "C:\Users\ogglo\Documents\Enseignement\Projets\Exo aléatoire fanélie\Interface_graphique\miktex\texmfs\install\fonts/tfm/public/cm\cmr10.tfm"
2022-06-18 10:39:38,857+0200 WARN  miktex-xetex.core - still open: "C:\Users\ogglo\Documents\Enseignement\Projets\Exo aléatoire fanélie\Interface_graphique\miktex\texmfs\install\fonts/tfm/public/cm\cmr10.tfm"
2022-06-18 10:39:38,857+0200 WARN  miktex-xetex.core - still open: "C:\Users\ogglo\Documents\Enseignement\Projets\Exo aléatoire fanélie\Interface_graphique\miktex\texmfs\install\fonts/tfm/public/cm\cmr10.tfm"
2022-06-18 10:39:38,857+0200 WARN  miktex-xetex.core - still open: "C:\Users\ogglo\Documents\Enseignement\Projets\Exo aléatoire fanélie\Interface_graphique\miktex\texmfs\install\fonts/tfm/public/cm\cmr10.tfm"
2022-06-18 10:39:38,857+0200 WARN  miktex-xetex.core - still open: "C:\Users\ogglo\Documents\Enseignement\Projets\Exo aléatoire fanélie\Interface_graphique\miktex\texmfs\install\fonts/tfm/public/cm\cmr10.tfm"
2022-06-18 10:39:38,857+0200 WARN  miktex-xetex.core - still open: "C:\Users\ogglo\Documents\Enseignement\Projets\Exo aléatoire fanélie\Interface_graphique\miktex\texmfs\install\fonts/tfm/public/cm\cmr10.tfm"
2022-06-18 10:39:38,857+0200 WARN  miktex-xetex.core - still open: "C:\Users\ogglo\Documents\Enseignement\Projets\Exo aléatoire fanélie\Interface_graphique\miktex\texmfs\install\fonts/tfm/public/cm\cmr10.tfm"
2022-06-18 10:39:38,857+0200 WARN  miktex-xetex.core - still open: "C:\Users\ogglo\Documents\Enseignement\Projets\Exo aléatoire fanélie\Interface_graphique\miktex\texmfs\install\fonts/tfm/public/cm\cmr10.tfm"
2022-06-18 10:39:38,858+0200 WARN  miktex-xetex.core - still open: "C:\Users\ogglo\Documents\Enseignement\Projets\Exo aléatoire fanélie\Interface_graphique\miktex\texmfs\install\fonts/tfm/public/cm\cmex10.tfm"
2022-06-18 10:39:38,858+0200 WARN  miktex-xetex.core - still open: "C:\Users\ogglo\Documents\Enseignement\Projets\Exo aléatoire fanélie\Interface_graphique\miktex\texmfs\install\fonts/tfm/public/latex-fonts\line10.tfm"
2022-06-18 10:39:38,858+0200 WARN  miktex-xetex.core - still open: "C:\Users\ogglo\Documents\Enseignement\Projets\Exo aléatoire fanélie\Interface_graphique\miktex\texmfs\install\fonts/tfm/public/latex-fonts\linew10.tfm"
2022-06-18 10:39:38,858+0200 WARN  miktex-xetex.core - still open: "C:\Users\ogglo\Documents\Enseignement\Projets\Exo aléatoire fanélie\Interface_graphique\miktex\texmfs\install\fonts/tfm/public/cm\cmmi5.tfm"
2022-06-18 10:39:38,858+0200 WARN  miktex-xetex.core - still open: "C:\Users\ogglo\Documents\Enseignement\Projets\Exo aléatoire fanélie\Interface_graphique\miktex\texmfs\install\fonts/tfm/public/cm\cmr10.tfm"
2022-06-18 10:39:38,858+0200 WARN  miktex-xetex.core - still open: "C:\Users\ogglo\Documents\Enseignement\Projets\Exo aléatoire fanélie\Interface_graphique\miktex\texmfs\install\fonts/tfm/public/cm\cmr10.tfm"
2022-06-18 10:39:38,858+0200 WARN  miktex-xetex.core - still open: "C:\Users\ogglo\Documents\Enseignement\Projets\Exo aléatoire fanélie\Interface_graphique\miktex\texmfs\install\fonts/tfm/public/cm\cmr5.tfm"
2022-06-18 10:39:38,858+0200 WARN  miktex-xetex.core - still open: "C:\Users\ogglo\Documents\Enseignement\Projets\Exo aléatoire fanélie\Interface_graphique\miktex\texmfs\install\fonts/tfm/public/cm\cmr7.tfm"
2022-06-18 10:39:38,858+0200 WARN  miktex-xetex.core - still open: "C:\Users\ogglo\Documents\Enseignement\Projets\Exo aléatoire fanélie\Interface_graphique\miktex\texmfs\install\fonts/tfm/public/cm\cmmi7.tfm"
2022-06-18 10:39:38,858+0200 WARN  miktex-xetex.core - still open: "C:\Users\ogglo\Documents\Enseignement\Projets\Exo aléatoire fanélie\Interface_graphique\miktex\texmfs\install\fonts/tfm/public/cm\cmmi10.tfm"
2022-06-18 10:39:38,858+0200 WARN  miktex-xetex.core - still open: "C:\Users\ogglo\Documents\Enseignement\Projets\Exo aléatoire fanélie\Interface_graphique\miktex\texmfs\install\fonts/tfm/public/cm\cmsy5.tfm"
2022-06-18 10:39:38,858+0200 WARN  miktex-xetex.core - still open: "C:\Users\ogglo\Documents\Enseignement\Projets\Exo aléatoire fanélie\Interface_graphique\miktex\texmfs\install\fonts/tfm/public/cm\cmr10.tfm"
