2022-06-18 10:25:45,803+0200 INFO  main - starting: MiKTeX Console 4.7 (MiKTeX 22.3 Portable)
2022-06-18 10:25:45,810+0200 INFO  miktex-console.core - start process: pdftex --miktex-disable-installer --miktex-disable-maintenance --miktex-disable-diagnose --version
2022-06-18 10:25:46,238+0200 ERROR miktex-console.core - Something is wrong with the PATH:
2022-06-18 10:25:46,239+0200 ERROR miktex-console.core - C:\WINDOWS\system32;C:\WINDOWS;C:\WINDOWS\System32\Wbem;C:\WINDOWS\System32\WindowsPowerShell\v1.0\;C:\WINDOWS\System32\OpenSSH\;C:\Program Files\NVIDIA Corporation\NVIDIA NvDLISR;C:\Program Files (x86)\NVIDIA Corporation\PhysX\Common;M:\Strawberry\c\bin;M:\Strawberry\perl\site\bin;M:\Strawberry\perl\bin;C:\Program Files (x86)\dotnet\;C:\Program Files\MySQL\MySQL Shell 8.0\bin\;C:\Users\ogglo\AppData\Local\Microsoft\WindowsApps;C:\Users\ogglo\AppData\Local\Programs\MiKTeX\miktex\bin\x64\;M:\Strawberry\perl\bin;C:\Users\ogglo\AppData\Local\Programs\Microsoft VS Code\bin;D:\MAMP\bin\php\php7.4.1;C:\Users\ogglo\AppData\Roaming\Composer\vendor\bin
2022-06-18 10:25:47,874+0200 INFO  miktex-console.core - start process: miktex fontmaps configure
2022-06-18 10:26:00,934+0200 INFO  mainwindow - checking for updates...
2022-06-18 10:26:00,940+0200 INFO  miktex-console.packagemanager - searching for updateable packages
2022-06-18 10:26:00,942+0200 INFO  miktex-console.packagemanager - going to download https://api2.miktex.org/hello
2022-06-18 10:26:01,106+0200 INFO  miktex-console.packagemanager - going to download https://api2.miktex.org/repositories?&releaseState=Stable&orderBy=ranking&take=1&onlySecure=true
2022-06-18 10:26:01,132+0200 INFO  mainwindow - downloading https://distrib-coffee.ipsl.jussieu.fr/pub/mirrors/ctan/systems/win32/miktex/tm/packages/miktex-zzdb3-2.9.tar.lzma...
2022-06-18 10:26:01,270+0200 INFO  miktex-console.packagemanager - going to download https://distrib-coffee.ipsl.jussieu.fr/pub/mirrors/ctan/systems/win32/miktex/tm/packages/miktex-zzdb3-2.9.tar.lzma
2022-06-18 10:26:01,546+0200 INFO  mainwindow - 1.35 MB, 39.12 Mbit/s
2022-06-18 10:26:03,312+0200 INFO  mainwindow - updating package manifests ("C:\Users\ogglo\Documents\Enseignement\Projets\Exo aléatoire fanélie\Interface_graphique\miktex\texmfs\install\miktex/config\package-manifests.ini")...
2022-06-18 10:26:04,522+0200 INFO  mainwindow - installed 5526 package manifests
2022-06-18 10:26:04,523+0200 INFO  mainwindow - visiting repository https://distrib-coffee.ipsl.jussieu.fr/pub/mirrors/ctan/systems/win32/miktex/tm/packages/...
2022-06-18 10:26:04,523+0200 INFO  mainwindow - repository type: remote package repository
2022-06-18 10:26:04,523+0200 INFO  mainwindow - loading package repository manifest...
2022-06-18 10:26:04,524+0200 INFO  mainwindow - downloading https://distrib-coffee.ipsl.jussieu.fr/pub/mirrors/ctan/systems/win32/miktex/tm/packages/miktex-zzdb1-2.9.tar.lzma...
2022-06-18 10:26:04,524+0200 INFO  miktex-console.packagemanager - going to download https://distrib-coffee.ipsl.jussieu.fr/pub/mirrors/ctan/systems/win32/miktex/tm/packages/miktex-zzdb1-2.9.tar.lzma
2022-06-18 10:26:04,604+0200 INFO  mainwindow - 0.28 MB, 28.12 Mbit/s
2022-06-18 10:26:07,769+0200 INFO  mainwindow - package repository digest: b5774742ea2888e1892f2db7b171668e
2022-06-18 10:26:09,195+0200 INFO  mainwindow - found 104 updates
2022-06-18 10:26:09,214+0200 INFO  miktex-console.core - start process: pdftex --miktex-disable-installer --miktex-disable-maintenance --miktex-disable-diagnose --version
2022-06-18 10:26:09,660+0200 ERROR miktex-console.core - Something is wrong with the PATH:
2022-06-18 10:26:09,660+0200 ERROR miktex-console.core - C:\WINDOWS\system32;C:\WINDOWS;C:\WINDOWS\System32\Wbem;C:\WINDOWS\System32\WindowsPowerShell\v1.0\;C:\WINDOWS\System32\OpenSSH\;C:\Program Files\NVIDIA Corporation\NVIDIA NvDLISR;C:\Program Files (x86)\NVIDIA Corporation\PhysX\Common;M:\Strawberry\c\bin;M:\Strawberry\perl\site\bin;M:\Strawberry\perl\bin;C:\Program Files (x86)\dotnet\;C:\Program Files\MySQL\MySQL Shell 8.0\bin\;C:\Users\ogglo\AppData\Local\Microsoft\WindowsApps;C:\Users\ogglo\AppData\Local\Programs\MiKTeX\miktex\bin\x64\;M:\Strawberry\perl\bin;C:\Users\ogglo\AppData\Local\Programs\Microsoft VS Code\bin;D:\MAMP\bin\php\php7.4.1;C:\Users\ogglo\AppData\Roaming\Composer\vendor\bin
2022-06-18 10:26:54,126+0200 INFO  mainwindow - installing updates...
2022-06-18 10:26:54,127+0200 INFO  miktex-console.packagemanager - going to download https://api2.miktex.org/repositories?&releaseState=Stable&orderBy=ranking&take=1&onlySecure=true
2022-06-18 10:26:54,239+0200 INFO  mainwindow - starting package maintenance...
2022-06-18 10:26:54,239+0200 INFO  mainwindow - installation directory: "C:\Users\ogglo\Documents\Enseignement\Projets\Exo aléatoire fanélie\Interface_graphique\miktex\texmfs\install"
2022-06-18 10:26:54,239+0200 INFO  mainwindow - package repository: https://ctan.mines-albi.fr/systems/win32/miktex/tm/packages/
2022-06-18 10:26:54,452+0200 INFO  mainwindow - package repository digest: b5774742ea2888e1892f2db7b171668e
2022-06-18 10:26:54,453+0200 INFO  mainwindow - going to download 37787781 bytes
2022-06-18 10:26:54,453+0200 INFO  mainwindow - going to install 2635 file(s) (104 package(s))
2022-06-18 10:26:55,053+0200 INFO  miktex-console.packagemanager - installing package amsmath
2022-06-18 10:26:55,053+0200 INFO  mainwindow - downloading https://ctan.mines-albi.fr/systems/win32/miktex/tm/packages/amsmath.tar.lzma...
2022-06-18 10:26:55,053+0200 INFO  miktex-console.packagemanager - going to download https://ctan.mines-albi.fr/systems/win32/miktex/tm/packages/amsmath.tar.lzma
2022-06-18 10:26:55,254+0200 INFO  mainwindow - 0.03 MB, 1.26 Mbit/s
2022-06-18 10:26:55,280+0200 INFO  mainwindow - extracting files from amsmath.tar.lzma...
2022-06-18 10:26:55,449+0200 INFO  miktex-console.packagemanager - installing package babel
2022-06-18 10:26:55,450+0200 INFO  mainwindow - downloading https://ctan.mines-albi.fr/systems/win32/miktex/tm/packages/babel.tar.lzma...
2022-06-18 10:26:55,450+0200 INFO  miktex-console.packagemanager - going to download https://ctan.mines-albi.fr/systems/win32/miktex/tm/packages/babel.tar.lzma
2022-06-18 10:26:55,542+0200 INFO  mainwindow - 0.19 MB, 16.39 Mbit/s
2022-06-18 10:27:05,558+0200 INFO  mainwindow - extracting files from babel.tar.lzma...
2022-06-18 10:27:07,903+0200 INFO  miktex-console.packagemanager - installing package csplain
2022-06-18 10:27:07,903+0200 INFO  mainwindow - downloading https://ctan.mines-albi.fr/systems/win32/miktex/tm/packages/csplain.tar.lzma...
2022-06-18 10:27:07,904+0200 INFO  miktex-console.packagemanager - going to download https://ctan.mines-albi.fr/systems/win32/miktex/tm/packages/csplain.tar.lzma
2022-06-18 10:27:08,079+0200 INFO  mainwindow - 0.12 MB, 5.64 Mbit/s
2022-06-18 10:27:08,222+0200 INFO  mainwindow - extracting files from csplain.tar.lzma...
2022-06-18 10:27:08,452+0200 INFO  miktex-console.packagemanager - installing package graphics
2022-06-18 10:27:08,452+0200 INFO  mainwindow - downloading https://ctan.mines-albi.fr/systems/win32/miktex/tm/packages/graphics.tar.lzma...
2022-06-18 10:27:08,452+0200 INFO  miktex-console.packagemanager - going to download https://ctan.mines-albi.fr/systems/win32/miktex/tm/packages/graphics.tar.lzma
2022-06-18 10:27:08,482+0200 INFO  mainwindow - 0.02 MB, 4.30 Mbit/s
2022-06-18 10:27:08,519+0200 INFO  mainwindow - extracting files from graphics.tar.lzma...
2022-06-18 10:27:08,584+0200 INFO  miktex-console.packagemanager - installing package graphics-def
2022-06-18 10:27:08,584+0200 INFO  mainwindow - downloading https://ctan.mines-albi.fr/systems/win32/miktex/tm/packages/graphics-def.tar.lzma...
2022-06-18 10:27:08,584+0200 INFO  miktex-console.packagemanager - going to download https://ctan.mines-albi.fr/systems/win32/miktex/tm/packages/graphics-def.tar.lzma
2022-06-18 10:27:08,616+0200 INFO  mainwindow - 0.01 MB, 2.72 Mbit/s
2022-06-18 10:27:08,634+0200 INFO  mainwindow - extracting files from graphics-def.tar.lzma...
2022-06-18 10:27:08,663+0200 INFO  miktex-console.packagemanager - installing package hyperref
2022-06-18 10:27:08,663+0200 INFO  mainwindow - downloading https://ctan.mines-albi.fr/systems/win32/miktex/tm/packages/hyperref.tar.lzma...
2022-06-18 10:27:08,663+0200 INFO  miktex-console.packagemanager - going to download https://ctan.mines-albi.fr/systems/win32/miktex/tm/packages/hyperref.tar.lzma
2022-06-18 10:27:08,762+0200 INFO  mainwindow - 0.09 MB, 7.35 Mbit/s
2022-06-18 10:27:08,813+0200 INFO  mainwindow - extracting files from hyperref.tar.lzma...
2022-06-18 10:27:08,910+0200 INFO  miktex-console.packagemanager - installing package l3backend
2022-06-18 10:27:08,911+0200 INFO  mainwindow - downloading https://ctan.mines-albi.fr/systems/win32/miktex/tm/packages/l3backend.tar.lzma...
2022-06-18 10:27:08,911+0200 INFO  miktex-console.packagemanager - going to download https://ctan.mines-albi.fr/systems/win32/miktex/tm/packages/l3backend.tar.lzma
2022-06-18 10:27:08,943+0200 INFO  mainwindow - 0.02 MB, 4.01 Mbit/s
2022-06-18 10:27:08,968+0200 INFO  mainwindow - extracting files from l3backend.tar.lzma...
2022-06-18 10:27:09,001+0200 INFO  miktex-console.packagemanager - installing package l3kernel
2022-06-18 10:27:09,002+0200 INFO  mainwindow - downloading https://ctan.mines-albi.fr/systems/win32/miktex/tm/packages/l3kernel.tar.lzma...
2022-06-18 10:27:09,002+0200 INFO  miktex-console.packagemanager - going to download https://ctan.mines-albi.fr/systems/win32/miktex/tm/packages/l3kernel.tar.lzma
2022-06-18 10:27:09,115+0200 INFO  mainwindow - 0.17 MB, 12.14 Mbit/s
2022-06-18 10:27:09,158+0200 INFO  mainwindow - extracting files from l3kernel.tar.lzma...
2022-06-18 10:27:09,241+0200 INFO  miktex-console.packagemanager - installing package l3packages
2022-06-18 10:27:09,241+0200 INFO  mainwindow - downloading https://ctan.mines-albi.fr/systems/win32/miktex/tm/packages/l3packages.tar.lzma...
2022-06-18 10:27:09,241+0200 INFO  miktex-console.packagemanager - going to download https://ctan.mines-albi.fr/systems/win32/miktex/tm/packages/l3packages.tar.lzma
2022-06-18 10:27:09,272+0200 INFO  mainwindow - 0.02 MB, 6.10 Mbit/s
2022-06-18 10:27:09,305+0200 INFO  mainwindow - extracting files from l3packages.tar.lzma...
2022-06-18 10:27:09,346+0200 INFO  miktex-console.packagemanager - installing package latex-firstaid
2022-06-18 10:27:09,346+0200 INFO  mainwindow - downloading https://ctan.mines-albi.fr/systems/win32/miktex/tm/packages/latex-firstaid.tar.lzma...
2022-06-18 10:27:09,346+0200 INFO  miktex-console.packagemanager - going to download https://ctan.mines-albi.fr/systems/win32/miktex/tm/packages/latex-firstaid.tar.lzma
2022-06-18 10:27:09,374+0200 INFO  mainwindow - 0.00 MB, 1.04 Mbit/s
2022-06-18 10:27:09,388+0200 INFO  mainwindow - extracting files from latex-firstaid.tar.lzma...
2022-06-18 10:27:09,409+0200 INFO  miktex-console.packagemanager - installing package lm
2022-06-18 10:27:09,410+0200 INFO  mainwindow - downloading https://ctan.mines-albi.fr/systems/win32/miktex/tm/packages/lm.tar.lzma...
2022-06-18 10:27:09,410+0200 INFO  miktex-console.packagemanager - going to download https://ctan.mines-albi.fr/systems/win32/miktex/tm/packages/lm.tar.lzma
2022-06-18 10:27:16,276+0200 INFO  mainwindow - 13.56 MB, 15.80 Mbit/s
2022-06-18 10:27:19,043+0200 INFO  mainwindow - extracting files from lm.tar.lzma...
2022-06-18 10:27:22,889+0200 INFO  miktex-console.packagemanager - installing package ltxbase
2022-06-18 10:27:22,890+0200 INFO  mainwindow - downloading https://ctan.mines-albi.fr/systems/win32/miktex/tm/packages/ltxbase.tar.lzma...
2022-06-18 10:27:22,890+0200 INFO  miktex-console.packagemanager - going to download https://ctan.mines-albi.fr/systems/win32/miktex/tm/packages/ltxbase.tar.lzma
2022-06-18 10:27:23,354+0200 INFO  mainwindow - 0.23 MB, 3.91 Mbit/s
2022-06-18 10:27:23,674+0200 INFO  mainwindow - extracting files from ltxbase.tar.lzma...
2022-06-18 10:27:24,204+0200 INFO  miktex-console.packagemanager - installing package luaotfload
2022-06-18 10:27:24,205+0200 INFO  mainwindow - downloading https://ctan.mines-albi.fr/systems/win32/miktex/tm/packages/luaotfload.tar.lzma...
2022-06-18 10:27:24,205+0200 INFO  miktex-console.packagemanager - going to download https://ctan.mines-albi.fr/systems/win32/miktex/tm/packages/luaotfload.tar.lzma
2022-06-18 10:27:24,729+0200 INFO  mainwindow - 0.58 MB, 8.76 Mbit/s
2022-06-18 10:27:24,913+0200 INFO  mainwindow - extracting files from luaotfload.tar.lzma...
2022-06-18 10:27:25,215+0200 INFO  miktex-console.packagemanager - installing package make4ht
2022-06-18 10:27:25,216+0200 INFO  mainwindow - downloading https://ctan.mines-albi.fr/systems/win32/miktex/tm/packages/make4ht.tar.lzma...
2022-06-18 10:27:25,216+0200 INFO  miktex-console.packagemanager - going to download https://ctan.mines-albi.fr/systems/win32/miktex/tm/packages/make4ht.tar.lzma
2022-06-18 10:27:25,307+0200 INFO  mainwindow - 0.05 MB, 4.66 Mbit/s
2022-06-18 10:27:25,442+0200 INFO  mainwindow - extracting files from make4ht.tar.lzma...
2022-06-18 10:27:25,644+0200 INFO  miktex-console.packagemanager - installing package miktex-arctrl-bin-x64-2.9
2022-06-18 10:27:25,645+0200 INFO  mainwindow - downloading https://ctan.mines-albi.fr/systems/win32/miktex/tm/packages/miktex-arctrl-bin-x64-2.9.tar.lzma...
2022-06-18 10:27:25,645+0200 INFO  miktex-console.packagemanager - going to download https://ctan.mines-albi.fr/systems/win32/miktex/tm/packages/miktex-arctrl-bin-x64-2.9.tar.lzma
2022-06-18 10:27:25,736+0200 INFO  mainwindow - 0.06 MB, 5.04 Mbit/s
2022-06-18 10:27:25,751+0200 INFO  mainwindow - extracting files from miktex-arctrl-bin-x64-2.9.tar.lzma...
2022-06-18 10:27:25,772+0200 INFO  miktex-console.packagemanager - installing package miktex-asymptote-bin-x64-2.9
2022-06-18 10:27:25,773+0200 INFO  mainwindow - downloading https://ctan.mines-albi.fr/systems/win32/miktex/tm/packages/miktex-asymptote-bin-x64-2.9.tar.lzma...
2022-06-18 10:27:25,773+0200 INFO  miktex-console.packagemanager - going to download https://ctan.mines-albi.fr/systems/win32/miktex/tm/packages/miktex-asymptote-bin-x64-2.9.tar.lzma
2022-06-18 10:27:26,474+0200 INFO  mainwindow - 1.16 MB, 13.22 Mbit/s
2022-06-18 10:27:26,506+0200 INFO  mainwindow - extracting files from miktex-asymptote-bin-x64-2.9.tar.lzma...
2022-06-18 10:27:26,602+0200 INFO  miktex-console.packagemanager - installing package miktex-autosp-bin-x64-2.9
2022-06-18 10:27:26,603+0200 INFO  mainwindow - downloading https://ctan.mines-albi.fr/systems/win32/miktex/tm/packages/miktex-autosp-bin-x64-2.9.tar.lzma...
2022-06-18 10:27:26,603+0200 INFO  miktex-console.packagemanager - going to download https://ctan.mines-albi.fr/systems/win32/miktex/tm/packages/miktex-autosp-bin-x64-2.9.tar.lzma
2022-06-18 10:27:26,640+0200 INFO  mainwindow - 0.03 MB, 6.82 Mbit/s
2022-06-18 10:27:26,657+0200 INFO  mainwindow - extracting files from miktex-autosp-bin-x64-2.9.tar.lzma...
2022-06-18 10:27:26,683+0200 INFO  miktex-console.packagemanager - installing package miktex-axohelp-bin-x64-2.9
2022-06-18 10:27:26,684+0200 INFO  mainwindow - downloading https://ctan.mines-albi.fr/systems/win32/miktex/tm/packages/miktex-axohelp-bin-x64-2.9.tar.lzma...
2022-06-18 10:27:26,684+0200 INFO  miktex-console.packagemanager - going to download https://ctan.mines-albi.fr/systems/win32/miktex/tm/packages/miktex-axohelp-bin-x64-2.9.tar.lzma
2022-06-18 10:27:26,721+0200 INFO  mainwindow - 0.04 MB, 7.61 Mbit/s
2022-06-18 10:27:26,735+0200 INFO  mainwindow - extracting files from miktex-axohelp-bin-x64-2.9.tar.lzma...
2022-06-18 10:27:26,754+0200 INFO  miktex-console.packagemanager - installing package miktex-bibarts-bin-x64-2.9
2022-06-18 10:27:26,755+0200 INFO  mainwindow - downloading https://ctan.mines-albi.fr/systems/win32/miktex/tm/packages/miktex-bibarts-bin-x64-2.9.tar.lzma...
2022-06-18 10:27:26,755+0200 INFO  miktex-console.packagemanager - going to download https://ctan.mines-albi.fr/systems/win32/miktex/tm/packages/miktex-bibarts-bin-x64-2.9.tar.lzma
2022-06-18 10:27:26,823+0200 INFO  mainwindow - 0.06 MB, 7.76 Mbit/s
2022-06-18 10:27:26,836+0200 INFO  mainwindow - extracting files from miktex-bibarts-bin-x64-2.9.tar.lzma...
2022-06-18 10:27:26,860+0200 INFO  miktex-console.packagemanager - installing package miktex-bibtex-bin-x64-2.9
2022-06-18 10:27:26,860+0200 INFO  mainwindow - downloading https://ctan.mines-albi.fr/systems/win32/miktex/tm/packages/miktex-bibtex-bin-x64-2.9.tar.lzma...
2022-06-18 10:27:26,860+0200 INFO  miktex-console.packagemanager - going to download https://ctan.mines-albi.fr/systems/win32/miktex/tm/packages/miktex-bibtex-bin-x64-2.9.tar.lzma
2022-06-18 10:27:26,962+0200 INFO  mainwindow - 0.08 MB, 6.16 Mbit/s
2022-06-18 10:27:26,975+0200 INFO  mainwindow - extracting files from miktex-bibtex-bin-x64-2.9.tar.lzma...
2022-06-18 10:27:26,997+0200 INFO  miktex-console.packagemanager - installing package miktex-bibtex8bit-bin-x64-2.9
2022-06-18 10:27:26,997+0200 INFO  mainwindow - downloading https://ctan.mines-albi.fr/systems/win32/miktex/tm/packages/miktex-bibtex8bit-bin-x64-2.9.tar.lzma...
2022-06-18 10:27:26,997+0200 INFO  miktex-console.packagemanager - going to download https://ctan.mines-albi.fr/systems/win32/miktex/tm/packages/miktex-bibtex8bit-bin-x64-2.9.tar.lzma
2022-06-18 10:27:27,195+0200 INFO  mainwindow - 0.10 MB, 3.87 Mbit/s
2022-06-18 10:27:27,214+0200 INFO  mainwindow - extracting files from miktex-bibtex8bit-bin-x64-2.9.tar.lzma...
2022-06-18 10:27:27,245+0200 INFO  miktex-console.packagemanager - installing package miktex-bzip2-bin-x64-2.9
2022-06-18 10:27:27,245+0200 INFO  mainwindow - downloading https://ctan.mines-albi.fr/systems/win32/miktex/tm/packages/miktex-bzip2-bin-x64-2.9.tar.lzma...
2022-06-18 10:27:27,245+0200 INFO  miktex-console.packagemanager - going to download https://ctan.mines-albi.fr/systems/win32/miktex/tm/packages/miktex-bzip2-bin-x64-2.9.tar.lzma
2022-06-18 10:27:27,310+0200 INFO  mainwindow - 0.03 MB, 3.86 Mbit/s
2022-06-18 10:27:27,315+0200 ERROR miktex-console.core - Accès refusé.

2022-06-18 10:27:27,315+0200 ERROR miktex-console.core - Function: DeleteFileW
2022-06-18 10:27:27,315+0200 ERROR miktex-console.core - Result: 5
2022-06-18 10:27:27,315+0200 ERROR miktex-console.core - Data: path="C:\Users\ogglo\Documents\Enseignement\Projets\Exo aléatoire fanélie\Interface_graphique\miktex\texmfs\install\miktex\bin\x64\MiKTeX220300-bzip2.dll"
2022-06-18 10:27:27,315+0200 ERROR miktex-console.core - Source: Libraries\MiKTeX\Core\File\win\winFile.cpp:320
2022-06-18 10:27:27,327+0200 INFO  mainwindow - extracting files from miktex-bzip2-bin-x64-2.9.tar.lzma...
2022-06-18 10:27:27,346+0200 INFO  miktex-console.packagemanager - installing package miktex-cairo-bin-x64-2.9
2022-06-18 10:27:27,347+0200 INFO  mainwindow - downloading https://ctan.mines-albi.fr/systems/win32/miktex/tm/packages/miktex-cairo-bin-x64-2.9.tar.lzma...
2022-06-18 10:27:27,347+0200 INFO  miktex-console.packagemanager - going to download https://ctan.mines-albi.fr/systems/win32/miktex/tm/packages/miktex-cairo-bin-x64-2.9.tar.lzma
2022-06-18 10:27:27,722+0200 INFO  mainwindow - 0.39 MB, 8.44 Mbit/s
2022-06-18 10:27:27,736+0200 INFO  mainwindow - extracting files from miktex-cairo-bin-x64-2.9.tar.lzma...
2022-06-18 10:27:27,773+0200 INFO  miktex-console.packagemanager - installing package miktex-chktex-bin-x64-2.9
2022-06-18 10:27:27,774+0200 INFO  mainwindow - downloading https://ctan.mines-albi.fr/systems/win32/miktex/tm/packages/miktex-chktex-bin-x64-2.9.tar.lzma...
2022-06-18 10:27:27,774+0200 INFO  miktex-console.packagemanager - going to download https://ctan.mines-albi.fr/systems/win32/miktex/tm/packages/miktex-chktex-bin-x64-2.9.tar.lzma
2022-06-18 10:27:27,812+0200 INFO  mainwindow - 0.04 MB, 8.01 Mbit/s
2022-06-18 10:27:27,825+0200 INFO  mainwindow - extracting files from miktex-chktex-bin-x64-2.9.tar.lzma...
2022-06-18 10:27:27,842+0200 INFO  miktex-console.packagemanager - installing package miktex-cjkutils-bin-x64-2.9
2022-06-18 10:27:27,842+0200 INFO  mainwindow - downloading https://ctan.mines-albi.fr/systems/win32/miktex/tm/packages/miktex-cjkutils-bin-x64-2.9.tar.lzma...
2022-06-18 10:27:27,843+0200 INFO  miktex-console.packagemanager - going to download https://ctan.mines-albi.fr/systems/win32/miktex/tm/packages/miktex-cjkutils-bin-x64-2.9.tar.lzma
2022-06-18 10:27:27,904+0200 INFO  mainwindow - 0.06 MB, 7.40 Mbit/s
2022-06-18 10:27:27,929+0200 INFO  mainwindow - extracting files from miktex-cjkutils-bin-x64-2.9.tar.lzma...
2022-06-18 10:27:27,971+0200 INFO  miktex-console.packagemanager - installing package miktex-console-bin-x64-2.9
2022-06-18 10:27:27,971+0200 INFO  mainwindow - downloading https://ctan.mines-albi.fr/systems/win32/miktex/tm/packages/miktex-console-bin-x64-2.9.tar.lzma...
2022-06-18 10:27:27,971+0200 INFO  miktex-console.packagemanager - going to download https://ctan.mines-albi.fr/systems/win32/miktex/tm/packages/miktex-console-bin-x64-2.9.tar.lzma
2022-06-18 10:27:28,192+0200 INFO  mainwindow - 0.27 MB, 9.84 Mbit/s
2022-06-18 10:27:28,198+0200 ERROR miktex-console.core - Accès refusé.

2022-06-18 10:27:28,198+0200 ERROR miktex-console.core - Function: DeleteFileW
2022-06-18 10:27:28,198+0200 ERROR miktex-console.core - Result: 5
2022-06-18 10:27:28,198+0200 ERROR miktex-console.core - Data: path="C:\Users\ogglo\Documents\Enseignement\Projets\Exo aléatoire fanélie\Interface_graphique\miktex\texmfs\install\miktex\bin\x64\miktex-console.exe"
2022-06-18 10:27:28,198+0200 ERROR miktex-console.core - Source: Libraries\MiKTeX\Core\File\win\winFile.cpp:320
2022-06-18 10:27:28,213+0200 INFO  mainwindow - extracting files from miktex-console-bin-x64-2.9.tar.lzma...
2022-06-18 10:27:28,259+0200 INFO  miktex-console.packagemanager - installing package miktex-curl-bin-x64-2.9
2022-06-18 10:27:28,259+0200 INFO  mainwindow - downloading https://ctan.mines-albi.fr/systems/win32/miktex/tm/packages/miktex-curl-bin-x64-2.9.tar.lzma...
2022-06-18 10:27:28,259+0200 INFO  miktex-console.packagemanager - going to download https://ctan.mines-albi.fr/systems/win32/miktex/tm/packages/miktex-curl-bin-x64-2.9.tar.lzma
2022-06-18 10:27:28,412+0200 INFO  mainwindow - 0.20 MB, 10.26 Mbit/s
2022-06-18 10:27:28,417+0200 ERROR miktex-console.core - Accès refusé.

2022-06-18 10:27:28,418+0200 ERROR miktex-console.core - Function: DeleteFileW
2022-06-18 10:27:28,418+0200 ERROR miktex-console.core - Result: 5
2022-06-18 10:27:28,418+0200 ERROR miktex-console.core - Data: path="C:\Users\ogglo\Documents\Enseignement\Projets\Exo aléatoire fanélie\Interface_graphique\miktex\texmfs\install\miktex\bin\x64\MiKTeX220300-curl.dll"
2022-06-18 10:27:28,418+0200 ERROR miktex-console.core - Source: Libraries\MiKTeX\Core\File\win\winFile.cpp:320
2022-06-18 10:27:28,515+0200 INFO  mainwindow - extracting files from miktex-curl-bin-x64-2.9.tar.lzma...
2022-06-18 10:27:28,560+0200 INFO  miktex-console.packagemanager - installing package miktex-cweb-bin-x64-2.9
2022-06-18 10:27:28,560+0200 INFO  mainwindow - downloading https://ctan.mines-albi.fr/systems/win32/miktex/tm/packages/miktex-cweb-bin-x64-2.9.tar.lzma...
2022-06-18 10:27:28,560+0200 INFO  miktex-console.packagemanager - going to download https://ctan.mines-albi.fr/systems/win32/miktex/tm/packages/miktex-cweb-bin-x64-2.9.tar.lzma
2022-06-18 10:27:28,653+0200 INFO  mainwindow - 0.10 MB, 8.95 Mbit/s
2022-06-18 10:27:28,673+0200 INFO  mainwindow - extracting files from miktex-cweb-bin-x64-2.9.tar.lzma...
2022-06-18 10:27:28,710+0200 INFO  miktex-console.packagemanager - installing package miktex-devnag-bin-x64-2.9
2022-06-18 10:27:28,710+0200 INFO  mainwindow - downloading https://ctan.mines-albi.fr/systems/win32/miktex/tm/packages/miktex-devnag-bin-x64-2.9.tar.lzma...
2022-06-18 10:27:28,710+0200 INFO  miktex-console.packagemanager - going to download https://ctan.mines-albi.fr/systems/win32/miktex/tm/packages/miktex-devnag-bin-x64-2.9.tar.lzma
2022-06-18 10:27:28,744+0200 INFO  mainwindow - 0.02 MB, 5.66 Mbit/s
2022-06-18 10:27:28,757+0200 INFO  mainwindow - extracting files from miktex-devnag-bin-x64-2.9.tar.lzma...
2022-06-18 10:27:28,775+0200 INFO  miktex-console.packagemanager - installing package miktex-dvicopy-bin-x64-2.9
2022-06-18 10:27:28,776+0200 INFO  mainwindow - downloading https://ctan.mines-albi.fr/systems/win32/miktex/tm/packages/miktex-dvicopy-bin-x64-2.9.tar.lzma...
2022-06-18 10:27:28,776+0200 INFO  miktex-console.packagemanager - going to download https://ctan.mines-albi.fr/systems/win32/miktex/tm/packages/miktex-dvicopy-bin-x64-2.9.tar.lzma
2022-06-18 10:27:28,839+0200 INFO  mainwindow - 0.05 MB, 6.62 Mbit/s
2022-06-18 10:27:28,855+0200 INFO  mainwindow - extracting files from miktex-dvicopy-bin-x64-2.9.tar.lzma...
2022-06-18 10:27:28,875+0200 INFO  miktex-console.packagemanager - installing package miktex-dvipdfmx-bin-x64-2.9
2022-06-18 10:27:28,875+0200 INFO  mainwindow - downloading https://ctan.mines-albi.fr/systems/win32/miktex/tm/packages/miktex-dvipdfmx-bin-x64-2.9.tar.lzma...
2022-06-18 10:27:28,875+0200 INFO  miktex-console.packagemanager - going to download https://ctan.mines-albi.fr/systems/win32/miktex/tm/packages/miktex-dvipdfmx-bin-x64-2.9.tar.lzma
2022-06-18 10:27:29,115+0200 INFO  mainwindow - 0.33 MB, 10.97 Mbit/s
2022-06-18 10:27:29,130+0200 INFO  mainwindow - extracting files from miktex-dvipdfmx-bin-x64-2.9.tar.lzma...
2022-06-18 10:27:29,165+0200 INFO  miktex-console.packagemanager - installing package miktex-dvipng-bin-x64-2.9
2022-06-18 10:27:29,166+0200 INFO  mainwindow - downloading https://ctan.mines-albi.fr/systems/win32/miktex/tm/packages/miktex-dvipng-bin-x64-2.9.tar.lzma...
2022-06-18 10:27:29,166+0200 INFO  miktex-console.packagemanager - going to download https://ctan.mines-albi.fr/systems/win32/miktex/tm/packages/miktex-dvipng-bin-x64-2.9.tar.lzma
2022-06-18 10:27:29,203+0200 INFO  mainwindow - 0.05 MB, 10.16 Mbit/s
2022-06-18 10:27:29,216+0200 INFO  mainwindow - extracting files from miktex-dvipng-bin-x64-2.9.tar.lzma...
2022-06-18 10:27:29,237+0200 INFO  miktex-console.packagemanager - installing package miktex-dvips-bin-x64-2.9
2022-06-18 10:27:29,237+0200 INFO  mainwindow - downloading https://ctan.mines-albi.fr/systems/win32/miktex/tm/packages/miktex-dvips-bin-x64-2.9.tar.lzma...
2022-06-18 10:27:29,237+0200 INFO  miktex-console.packagemanager - going to download https://ctan.mines-albi.fr/systems/win32/miktex/tm/packages/miktex-dvips-bin-x64-2.9.tar.lzma
2022-06-18 10:27:29,331+0200 INFO  mainwindow - 0.14 MB, 11.65 Mbit/s
2022-06-18 10:27:29,348+0200 INFO  mainwindow - extracting files from miktex-dvips-bin-x64-2.9.tar.lzma...
2022-06-18 10:27:29,373+0200 INFO  miktex-console.packagemanager - installing package miktex-dvisvgm-bin-x64-2.9
2022-06-18 10:27:29,373+0200 INFO  mainwindow - downloading https://ctan.mines-albi.fr/systems/win32/miktex/tm/packages/miktex-dvisvgm-bin-x64-2.9.tar.lzma...
2022-06-18 10:27:29,373+0200 INFO  miktex-console.packagemanager - going to download https://ctan.mines-albi.fr/systems/win32/miktex/tm/packages/miktex-dvisvgm-bin-x64-2.9.tar.lzma
2022-06-18 10:27:30,108+0200 INFO  mainwindow - 1.46 MB, 15.88 Mbit/s
2022-06-18 10:27:30,123+0200 INFO  mainwindow - extracting files from miktex-dvisvgm-bin-x64-2.9.tar.lzma...
2022-06-18 10:27:30,223+0200 INFO  miktex-console.packagemanager - installing package miktex-epstopdf-bin-x64-2.9
2022-06-18 10:27:30,223+0200 INFO  mainwindow - downloading https://ctan.mines-albi.fr/systems/win32/miktex/tm/packages/miktex-epstopdf-bin-x64-2.9.tar.lzma...
2022-06-18 10:27:30,223+0200 INFO  miktex-console.packagemanager - going to download https://ctan.mines-albi.fr/systems/win32/miktex/tm/packages/miktex-epstopdf-bin-x64-2.9.tar.lzma
2022-06-18 10:27:30,292+0200 INFO  mainwindow - 0.11 MB, 13.29 Mbit/s
2022-06-18 10:27:30,304+0200 INFO  mainwindow - extracting files from miktex-epstopdf-bin-x64-2.9.tar.lzma...
2022-06-18 10:27:30,326+0200 INFO  miktex-console.packagemanager - installing package miktex-expat-bin-x64-2.9
2022-06-18 10:27:30,327+0200 INFO  mainwindow - downloading https://ctan.mines-albi.fr/systems/win32/miktex/tm/packages/miktex-expat-bin-x64-2.9.tar.lzma...
2022-06-18 10:27:30,327+0200 INFO  miktex-console.packagemanager - going to download https://ctan.mines-albi.fr/systems/win32/miktex/tm/packages/miktex-expat-bin-x64-2.9.tar.lzma
2022-06-18 10:27:30,362+0200 INFO  mainwindow - 0.05 MB, 11.48 Mbit/s
2022-06-18 10:27:30,368+0200 ERROR miktex-console.core - Accès refusé.

2022-06-18 10:27:30,368+0200 ERROR miktex-console.core - Function: DeleteFileW
2022-06-18 10:27:30,368+0200 ERROR miktex-console.core - Result: 5
2022-06-18 10:27:30,368+0200 ERROR miktex-console.core - Data: path="C:\Users\ogglo\Documents\Enseignement\Projets\Exo aléatoire fanélie\Interface_graphique\miktex\texmfs\install\miktex\bin\x64\MiKTeX220300-expat.dll"
2022-06-18 10:27:30,368+0200 ERROR miktex-console.core - Source: Libraries\MiKTeX\Core\File\win\winFile.cpp:320
2022-06-18 10:27:30,379+0200 INFO  mainwindow - extracting files from miktex-expat-bin-x64-2.9.tar.lzma...
2022-06-18 10:27:30,399+0200 INFO  miktex-console.packagemanager - installing package miktex-findtexmf-bin-x64-2.9
2022-06-18 10:27:30,400+0200 INFO  mainwindow - downloading https://ctan.mines-albi.fr/systems/win32/miktex/tm/packages/miktex-findtexmf-bin-x64-2.9.tar.lzma...
2022-06-18 10:27:30,400+0200 INFO  miktex-console.packagemanager - going to download https://ctan.mines-albi.fr/systems/win32/miktex/tm/packages/miktex-findtexmf-bin-x64-2.9.tar.lzma
2022-06-18 10:27:30,438+0200 INFO  mainwindow - 0.03 MB, 6.17 Mbit/s
2022-06-18 10:27:30,453+0200 INFO  mainwindow - extracting files from miktex-findtexmf-bin-x64-2.9.tar.lzma...
2022-06-18 10:27:30,477+0200 INFO  miktex-console.packagemanager - installing package miktex-fmt-bin-x64-2.9
2022-06-18 10:27:30,478+0200 INFO  mainwindow - downloading https://ctan.mines-albi.fr/systems/win32/miktex/tm/packages/miktex-fmt-bin-x64-2.9.tar.lzma...
2022-06-18 10:27:30,478+0200 INFO  miktex-console.packagemanager - going to download https://ctan.mines-albi.fr/systems/win32/miktex/tm/packages/miktex-fmt-bin-x64-2.9.tar.lzma
2022-06-18 10:27:30,518+0200 INFO  mainwindow - 0.06 MB, 13.00 Mbit/s
2022-06-18 10:27:30,524+0200 ERROR miktex-console.core - Accès refusé.

2022-06-18 10:27:30,524+0200 ERROR miktex-console.core - Function: DeleteFileW
2022-06-18 10:27:30,524+0200 ERROR miktex-console.core - Result: 5
2022-06-18 10:27:30,524+0200 ERROR miktex-console.core - Data: path="C:\Users\ogglo\Documents\Enseignement\Projets\Exo aléatoire fanélie\Interface_graphique\miktex\texmfs\install\miktex\bin\x64\MiKTeX220300-fmt.dll"
2022-06-18 10:27:30,524+0200 ERROR miktex-console.core - Source: Libraries\MiKTeX\Core\File\win\winFile.cpp:320
2022-06-18 10:27:30,536+0200 INFO  mainwindow - extracting files from miktex-fmt-bin-x64-2.9.tar.lzma...
2022-06-18 10:27:30,557+0200 INFO  miktex-console.packagemanager - installing package miktex-fontconfig-bin-x64-2.9
2022-06-18 10:27:30,558+0200 INFO  mainwindow - downloading https://ctan.mines-albi.fr/systems/win32/miktex/tm/packages/miktex-fontconfig-bin-x64-2.9.tar.lzma...
2022-06-18 10:27:30,558+0200 INFO  miktex-console.packagemanager - going to download https://ctan.mines-albi.fr/systems/win32/miktex/tm/packages/miktex-fontconfig-bin-x64-2.9.tar.lzma
2022-06-18 10:27:30,651+0200 INFO  mainwindow - 0.16 MB, 13.53 Mbit/s
2022-06-18 10:27:30,675+0200 INFO  mainwindow - extracting files from miktex-fontconfig-bin-x64-2.9.tar.lzma...
2022-06-18 10:27:30,727+0200 INFO  miktex-console.packagemanager - installing package miktex-fonts-bin-x64-2.9
2022-06-18 10:27:30,728+0200 INFO  mainwindow - downloading https://ctan.mines-albi.fr/systems/win32/miktex/tm/packages/miktex-fonts-bin-x64-2.9.tar.lzma...
2022-06-18 10:27:30,728+0200 INFO  miktex-console.packagemanager - going to download https://ctan.mines-albi.fr/systems/win32/miktex/tm/packages/miktex-fonts-bin-x64-2.9.tar.lzma
2022-06-18 10:27:30,790+0200 INFO  mainwindow - 0.08 MB, 10.38 Mbit/s
2022-06-18 10:27:30,808+0200 INFO  mainwindow - extracting files from miktex-fonts-bin-x64-2.9.tar.lzma...
2022-06-18 10:27:30,833+0200 INFO  miktex-console.packagemanager - installing package miktex-freeglut-bin-x64-2.9
2022-06-18 10:27:30,834+0200 INFO  mainwindow - downloading https://ctan.mines-albi.fr/systems/win32/miktex/tm/packages/miktex-freeglut-bin-x64-2.9.tar.lzma...
2022-06-18 10:27:30,834+0200 INFO  miktex-console.packagemanager - going to download https://ctan.mines-albi.fr/systems/win32/miktex/tm/packages/miktex-freeglut-bin-x64-2.9.tar.lzma
2022-06-18 10:27:30,898+0200 INFO  mainwindow - 0.08 MB, 10.34 Mbit/s
2022-06-18 10:27:30,916+0200 INFO  mainwindow - extracting files from miktex-freeglut-bin-x64-2.9.tar.lzma...
2022-06-18 10:27:30,938+0200 INFO  miktex-console.packagemanager - installing package miktex-freetype2-bin-x64-2.9
2022-06-18 10:27:30,938+0200 INFO  mainwindow - downloading https://ctan.mines-albi.fr/systems/win32/miktex/tm/packages/miktex-freetype2-bin-x64-2.9.tar.lzma...
2022-06-18 10:27:30,938+0200 INFO  miktex-console.packagemanager - going to download https://ctan.mines-albi.fr/systems/win32/miktex/tm/packages/miktex-freetype2-bin-x64-2.9.tar.lzma
2022-06-18 10:27:31,150+0200 INFO  mainwindow - 0.30 MB, 11.22 Mbit/s
2022-06-18 10:27:31,169+0200 INFO  mainwindow - extracting files from miktex-freetype2-bin-x64-2.9.tar.lzma...
2022-06-18 10:27:31,203+0200 INFO  miktex-console.packagemanager - installing package miktex-fribidixetex-bin-x64-2.9
2022-06-18 10:27:31,203+0200 INFO  mainwindow - downloading https://ctan.mines-albi.fr/systems/win32/miktex/tm/packages/miktex-fribidixetex-bin-x64-2.9.tar.lzma...
2022-06-18 10:27:31,203+0200 INFO  miktex-console.packagemanager - going to download https://ctan.mines-albi.fr/systems/win32/miktex/tm/packages/miktex-fribidixetex-bin-x64-2.9.tar.lzma
2022-06-18 10:27:31,261+0200 INFO  mainwindow - 0.03 MB, 3.51 Mbit/s
2022-06-18 10:27:31,275+0200 INFO  mainwindow - extracting files from miktex-fribidixetex-bin-x64-2.9.tar.lzma...
2022-06-18 10:27:31,298+0200 INFO  miktex-console.packagemanager - installing package miktex-gd-bin-x64-2.9
2022-06-18 10:27:31,298+0200 INFO  mainwindow - downloading https://ctan.mines-albi.fr/systems/win32/miktex/tm/packages/miktex-gd-bin-x64-2.9.tar.lzma...
2022-06-18 10:27:31,298+0200 INFO  miktex-console.packagemanager - going to download https://ctan.mines-albi.fr/systems/win32/miktex/tm/packages/miktex-gd-bin-x64-2.9.tar.lzma
2022-06-18 10:27:31,578+0200 INFO  mainwindow - 0.11 MB, 3.23 Mbit/s
2022-06-18 10:27:31,599+0200 INFO  mainwindow - extracting files from miktex-gd-bin-x64-2.9.tar.lzma...
2022-06-18 10:27:31,637+0200 INFO  miktex-console.packagemanager - installing package miktex-graphite2-bin-x64-2.9
2022-06-18 10:27:31,637+0200 INFO  mainwindow - downloading https://ctan.mines-albi.fr/systems/win32/miktex/tm/packages/miktex-graphite2-bin-x64-2.9.tar.lzma...
2022-06-18 10:27:31,637+0200 INFO  miktex-console.packagemanager - going to download https://ctan.mines-albi.fr/systems/win32/miktex/tm/packages/miktex-graphite2-bin-x64-2.9.tar.lzma
2022-06-18 10:27:31,740+0200 INFO  mainwindow - 0.07 MB, 5.80 Mbit/s
2022-06-18 10:27:31,758+0200 INFO  mainwindow - extracting files from miktex-graphite2-bin-x64-2.9.tar.lzma...
2022-06-18 10:27:31,785+0200 INFO  miktex-console.packagemanager - installing package miktex-gregorio-bin-x64-2.9
2022-06-18 10:27:31,785+0200 INFO  mainwindow - downloading https://ctan.mines-albi.fr/systems/win32/miktex/tm/packages/miktex-gregorio-bin-x64-2.9.tar.lzma...
2022-06-18 10:27:31,786+0200 INFO  miktex-console.packagemanager - going to download https://ctan.mines-albi.fr/systems/win32/miktex/tm/packages/miktex-gregorio-bin-x64-2.9.tar.lzma
2022-06-18 10:27:31,934+0200 INFO  mainwindow - 0.12 MB, 6.26 Mbit/s
2022-06-18 10:27:31,950+0200 INFO  mainwindow - extracting files from miktex-gregorio-bin-x64-2.9.tar.lzma...
2022-06-18 10:27:31,979+0200 INFO  miktex-console.packagemanager - installing package miktex-gsf2pk-bin-x64-2.9
2022-06-18 10:27:31,979+0200 INFO  mainwindow - downloading https://ctan.mines-albi.fr/systems/win32/miktex/tm/packages/miktex-gsf2pk-bin-x64-2.9.tar.lzma...
2022-06-18 10:27:31,980+0200 INFO  miktex-console.packagemanager - going to download https://ctan.mines-albi.fr/systems/win32/miktex/tm/packages/miktex-gsf2pk-bin-x64-2.9.tar.lzma
2022-06-18 10:27:32,041+0200 INFO  mainwindow - 0.04 MB, 5.74 Mbit/s
2022-06-18 10:27:32,055+0200 INFO  mainwindow - extracting files from miktex-gsf2pk-bin-x64-2.9.tar.lzma...
2022-06-18 10:27:32,073+0200 INFO  miktex-console.packagemanager - installing package miktex-harfbuzz-bin-x64-2.9
2022-06-18 10:27:32,073+0200 INFO  mainwindow - downloading https://ctan.mines-albi.fr/systems/win32/miktex/tm/packages/miktex-harfbuzz-bin-x64-2.9.tar.lzma...
2022-06-18 10:27:32,073+0200 INFO  miktex-console.packagemanager - going to download https://ctan.mines-albi.fr/systems/win32/miktex/tm/packages/miktex-harfbuzz-bin-x64-2.9.tar.lzma
2022-06-18 10:27:32,563+0200 INFO  mainwindow - 0.57 MB, 9.28 Mbit/s
2022-06-18 10:27:32,577+0200 INFO  mainwindow - extracting files from miktex-harfbuzz-bin-x64-2.9.tar.lzma...
2022-06-18 10:27:32,623+0200 INFO  miktex-console.packagemanager - installing package miktex-hitex-bin-x64
2022-06-18 10:27:32,624+0200 INFO  mainwindow - downloading https://ctan.mines-albi.fr/systems/win32/miktex/tm/packages/miktex-hitex-bin-x64.tar.lzma...
2022-06-18 10:27:32,624+0200 INFO  miktex-console.packagemanager - going to download https://ctan.mines-albi.fr/systems/win32/miktex/tm/packages/miktex-hitex-bin-x64.tar.lzma
2022-06-18 10:27:32,810+0200 INFO  mainwindow - 0.25 MB, 10.65 Mbit/s
2022-06-18 10:27:32,827+0200 INFO  mainwindow - extracting files from miktex-hitex-bin-x64.tar.lzma...
2022-06-18 10:27:32,860+0200 INFO  miktex-console.packagemanager - installing package miktex-hunspell-bin-x64-2.9
2022-06-18 10:27:32,860+0200 INFO  mainwindow - downloading https://ctan.mines-albi.fr/systems/win32/miktex/tm/packages/miktex-hunspell-bin-x64-2.9.tar.lzma...
2022-06-18 10:27:32,860+0200 INFO  miktex-console.packagemanager - going to download https://ctan.mines-albi.fr/systems/win32/miktex/tm/packages/miktex-hunspell-bin-x64-2.9.tar.lzma
2022-06-18 10:27:32,983+0200 INFO  mainwindow - 0.17 MB, 11.07 Mbit/s
2022-06-18 10:27:32,999+0200 INFO  mainwindow - extracting files from miktex-hunspell-bin-x64-2.9.tar.lzma...
2022-06-18 10:27:33,025+0200 INFO  miktex-console.packagemanager - installing package miktex-jpeg-bin-x64-2.9
2022-06-18 10:27:33,025+0200 INFO  mainwindow - downloading https://ctan.mines-albi.fr/systems/win32/miktex/tm/packages/miktex-jpeg-bin-x64-2.9.tar.lzma...
2022-06-18 10:27:33,026+0200 INFO  miktex-console.packagemanager - going to download https://ctan.mines-albi.fr/systems/win32/miktex/tm/packages/miktex-jpeg-bin-x64-2.9.tar.lzma
2022-06-18 10:27:33,119+0200 INFO  mainwindow - 0.11 MB, 9.42 Mbit/s
2022-06-18 10:27:33,132+0200 INFO  mainwindow - extracting files from miktex-jpeg-bin-x64-2.9.tar.lzma...
2022-06-18 10:27:33,152+0200 INFO  miktex-console.packagemanager - installing package miktex-kpathsea-bin-x64-2.9
2022-06-18 10:27:33,152+0200 INFO  mainwindow - downloading https://ctan.mines-albi.fr/systems/win32/miktex/tm/packages/miktex-kpathsea-bin-x64-2.9.tar.lzma...
2022-06-18 10:27:33,153+0200 INFO  miktex-console.packagemanager - going to download https://ctan.mines-albi.fr/systems/win32/miktex/tm/packages/miktex-kpathsea-bin-x64-2.9.tar.lzma
2022-06-18 10:27:33,186+0200 INFO  mainwindow - 0.02 MB, 4.45 Mbit/s
2022-06-18 10:27:33,198+0200 INFO  mainwindow - extracting files from miktex-kpathsea-bin-x64-2.9.tar.lzma...
2022-06-18 10:27:33,215+0200 INFO  miktex-console.packagemanager - installing package miktex-lacheck-bin-x64-2.9
2022-06-18 10:27:33,215+0200 INFO  mainwindow - downloading https://ctan.mines-albi.fr/systems/win32/miktex/tm/packages/miktex-lacheck-bin-x64-2.9.tar.lzma...
2022-06-18 10:27:33,215+0200 INFO  miktex-console.packagemanager - going to download https://ctan.mines-albi.fr/systems/win32/miktex/tm/packages/miktex-lacheck-bin-x64-2.9.tar.lzma
2022-06-18 10:27:33,251+0200 INFO  mainwindow - 0.03 MB, 6.79 Mbit/s
2022-06-18 10:27:33,265+0200 INFO  mainwindow - extracting files from miktex-lacheck-bin-x64-2.9.tar.lzma...
2022-06-18 10:27:33,282+0200 INFO  miktex-console.packagemanager - installing package miktex-lcdf-typetools-bin-x64-2.9
2022-06-18 10:27:33,282+0200 INFO  mainwindow - downloading https://ctan.mines-albi.fr/systems/win32/miktex/tm/packages/miktex-lcdf-typetools-bin-x64-2.9.tar.lzma...
2022-06-18 10:27:33,283+0200 INFO  miktex-console.packagemanager - going to download https://ctan.mines-albi.fr/systems/win32/miktex/tm/packages/miktex-lcdf-typetools-bin-x64-2.9.tar.lzma
2022-06-18 10:27:33,680+0200 INFO  mainwindow - 0.68 MB, 13.74 Mbit/s
2022-06-18 10:27:33,724+0200 INFO  mainwindow - extracting files from miktex-lcdf-typetools-bin-x64-2.9.tar.lzma...
2022-06-18 10:27:33,812+0200 INFO  miktex-console.packagemanager - installing package miktex-libressl-bin-x64-2.9
2022-06-18 10:27:33,812+0200 INFO  mainwindow - downloading https://ctan.mines-albi.fr/systems/win32/miktex/tm/packages/miktex-libressl-bin-x64-2.9.tar.lzma...
2022-06-18 10:27:33,812+0200 INFO  miktex-console.packagemanager - going to download https://ctan.mines-albi.fr/systems/win32/miktex/tm/packages/miktex-libressl-bin-x64-2.9.tar.lzma
2022-06-18 10:27:34,146+0200 INFO  mainwindow - 0.60 MB, 14.35 Mbit/s
2022-06-18 10:27:34,161+0200 ERROR miktex-console.core - Accès refusé.

2022-06-18 10:27:34,161+0200 ERROR miktex-console.core - Function: DeleteFileW
2022-06-18 10:27:34,161+0200 ERROR miktex-console.core - Result: 5
2022-06-18 10:27:34,161+0200 ERROR miktex-console.core - Data: path="C:\Users\ogglo\Documents\Enseignement\Projets\Exo aléatoire fanélie\Interface_graphique\miktex\texmfs\install\miktex\bin\x64\MiKTeX220300-libressl-crypto.dll"
2022-06-18 10:27:34,161+0200 ERROR miktex-console.core - Source: Libraries\MiKTeX\Core\File\win\winFile.cpp:320
2022-06-18 10:27:34,172+0200 INFO  mainwindow - extracting files from miktex-libressl-bin-x64-2.9.tar.lzma...
2022-06-18 10:27:34,221+0200 INFO  miktex-console.packagemanager - installing package miktex-log4cxx-bin-x64-2.9
2022-06-18 10:27:34,221+0200 INFO  mainwindow - downloading https://ctan.mines-albi.fr/systems/win32/miktex/tm/packages/miktex-log4cxx-bin-x64-2.9.tar.lzma...
2022-06-18 10:27:34,221+0200 INFO  miktex-console.packagemanager - going to download https://ctan.mines-albi.fr/systems/win32/miktex/tm/packages/miktex-log4cxx-bin-x64-2.9.tar.lzma
2022-06-18 10:27:34,477+0200 INFO  mainwindow - 0.53 MB, 16.56 Mbit/s
2022-06-18 10:27:34,484+0200 ERROR miktex-console.core - Accès refusé.

2022-06-18 10:27:34,484+0200 ERROR miktex-console.core - Function: DeleteFileW
2022-06-18 10:27:34,485+0200 ERROR miktex-console.core - Result: 5
2022-06-18 10:27:34,485+0200 ERROR miktex-console.core - Data: path="C:\Users\ogglo\Documents\Enseignement\Projets\Exo aléatoire fanélie\Interface_graphique\miktex\texmfs\install\miktex\bin\x64\MiKTeX220300-apr.dll"
2022-06-18 10:27:34,485+0200 ERROR miktex-console.core - Source: Libraries\MiKTeX\Core\File\win\winFile.cpp:320
2022-06-18 10:27:34,487+0200 ERROR miktex-console.core - Accès refusé.

2022-06-18 10:27:34,487+0200 ERROR miktex-console.core - Function: DeleteFileW
2022-06-18 10:27:34,487+0200 ERROR miktex-console.core - Result: 5
2022-06-18 10:27:34,487+0200 ERROR miktex-console.core - Data: path="C:\Users\ogglo\Documents\Enseignement\Projets\Exo aléatoire fanélie\Interface_graphique\miktex\texmfs\install\miktex\bin\x64\MiKTeX220300-aprutil.dll"
2022-06-18 10:27:34,487+0200 ERROR miktex-console.core - Source: Libraries\MiKTeX\Core\File\win\winFile.cpp:320
2022-06-18 10:27:34,490+0200 ERROR miktex-console.core - Accès refusé.

2022-06-18 10:27:34,490+0200 ERROR miktex-console.core - Function: DeleteFileW
2022-06-18 10:27:34,490+0200 ERROR miktex-console.core - Result: 5
2022-06-18 10:27:34,490+0200 ERROR miktex-console.core - Data: path="C:\Users\ogglo\Documents\Enseignement\Projets\Exo aléatoire fanélie\Interface_graphique\miktex\texmfs\install\miktex\bin\x64\MiKTeX220300-log4cxx.dll"
2022-06-18 10:27:34,490+0200 ERROR miktex-console.core - Source: Libraries\MiKTeX\Core\File\win\winFile.cpp:320
2022-06-18 10:27:34,500+0200 INFO  mainwindow - extracting files from miktex-log4cxx-bin-x64-2.9.tar.lzma...
2022-06-18 10:27:34,558+0200 INFO  miktex-console.packagemanager - installing package miktex-lua53-bin-x64-2.9
2022-06-18 10:27:34,558+0200 INFO  mainwindow - downloading https://ctan.mines-albi.fr/systems/win32/miktex/tm/packages/miktex-lua53-bin-x64-2.9.tar.lzma...
2022-06-18 10:27:34,558+0200 INFO  miktex-console.packagemanager - going to download https://ctan.mines-albi.fr/systems/win32/miktex/tm/packages/miktex-lua53-bin-x64-2.9.tar.lzma
2022-06-18 10:27:34,627+0200 INFO  mainwindow - 0.10 MB, 12.16 Mbit/s
2022-06-18 10:27:34,643+0200 INFO  mainwindow - extracting files from miktex-lua53-bin-x64-2.9.tar.lzma...
2022-06-18 10:27:34,670+0200 INFO  miktex-console.packagemanager - installing package miktex-luatex-bin-x64-2.9
2022-06-18 10:27:34,670+0200 INFO  mainwindow - downloading https://ctan.mines-albi.fr/systems/win32/miktex/tm/packages/miktex-luatex-bin-x64-2.9.tar.lzma...
2022-06-18 10:27:34,670+0200 INFO  miktex-console.packagemanager - going to download https://ctan.mines-albi.fr/systems/win32/miktex/tm/packages/miktex-luatex-bin-x64-2.9.tar.lzma
2022-06-18 10:27:35,933+0200 INFO  mainwindow - 2.02 MB, 12.82 Mbit/s
2022-06-18 10:27:35,952+0200 INFO  mainwindow - extracting files from miktex-luatex-bin-x64-2.9.tar.lzma...
2022-06-18 10:27:36,092+0200 INFO  miktex-console.packagemanager - installing package miktex-lzma-bin-x64-2.9
2022-06-18 10:27:36,092+0200 INFO  mainwindow - downloading https://ctan.mines-albi.fr/systems/win32/miktex/tm/packages/miktex-lzma-bin-x64-2.9.tar.lzma...
2022-06-18 10:27:36,092+0200 INFO  miktex-console.packagemanager - going to download https://ctan.mines-albi.fr/systems/win32/miktex/tm/packages/miktex-lzma-bin-x64-2.9.tar.lzma
2022-06-18 10:27:36,186+0200 INFO  mainwindow - 0.07 MB, 6.30 Mbit/s
2022-06-18 10:27:36,190+0200 ERROR miktex-console.core - Accès refusé.

2022-06-18 10:27:36,190+0200 ERROR miktex-console.core - Function: DeleteFileW
2022-06-18 10:27:36,190+0200 ERROR miktex-console.core - Result: 5
2022-06-18 10:27:36,190+0200 ERROR miktex-console.core - Data: path="C:\Users\ogglo\Documents\Enseignement\Projets\Exo aléatoire fanélie\Interface_graphique\miktex\texmfs\install\miktex\bin\x64\MiKTeX220300-lzma2.dll"
2022-06-18 10:27:36,190+0200 ERROR miktex-console.core - Source: Libraries\MiKTeX\Core\File\win\winFile.cpp:320
2022-06-18 10:27:36,200+0200 INFO  mainwindow - extracting files from miktex-lzma-bin-x64-2.9.tar.lzma...
2022-06-18 10:27:36,219+0200 INFO  miktex-console.packagemanager - installing package miktex-m-tx-bin-x64-2.9
2022-06-18 10:27:36,219+0200 INFO  mainwindow - downloading https://ctan.mines-albi.fr/systems/win32/miktex/tm/packages/miktex-m-tx-bin-x64-2.9.tar.lzma...
2022-06-18 10:27:36,219+0200 INFO  miktex-console.packagemanager - going to download https://ctan.mines-albi.fr/systems/win32/miktex/tm/packages/miktex-m-tx-bin-x64-2.9.tar.lzma
2022-06-18 10:27:36,281+0200 INFO  mainwindow - 0.05 MB, 6.75 Mbit/s
2022-06-18 10:27:36,294+0200 INFO  mainwindow - extracting files from miktex-m-tx-bin-x64-2.9.tar.lzma...
2022-06-18 10:27:36,313+0200 INFO  miktex-console.packagemanager - installing package miktex-makeindex-bin-x64-2.9
2022-06-18 10:27:36,313+0200 INFO  mainwindow - downloading https://ctan.mines-albi.fr/systems/win32/miktex/tm/packages/miktex-makeindex-bin-x64-2.9.tar.lzma...
2022-06-18 10:27:36,313+0200 INFO  miktex-console.packagemanager - going to download https://ctan.mines-albi.fr/systems/win32/miktex/tm/packages/miktex-makeindex-bin-x64-2.9.tar.lzma
2022-06-18 10:27:36,350+0200 INFO  mainwindow - 0.03 MB, 7.34 Mbit/s
2022-06-18 10:27:36,363+0200 INFO  mainwindow - extracting files from miktex-makeindex-bin-x64-2.9.tar.lzma...
2022-06-18 10:27:36,382+0200 INFO  miktex-console.packagemanager - installing package miktex-md5-bin-x64-2.9
2022-06-18 10:27:36,383+0200 INFO  mainwindow - downloading https://ctan.mines-albi.fr/systems/win32/miktex/tm/packages/miktex-md5-bin-x64-2.9.tar.lzma...
2022-06-18 10:27:36,383+0200 INFO  miktex-console.packagemanager - going to download https://ctan.mines-albi.fr/systems/win32/miktex/tm/packages/miktex-md5-bin-x64-2.9.tar.lzma
2022-06-18 10:27:36,413+0200 INFO  mainwindow - 0.01 MB, 2.34 Mbit/s
2022-06-18 10:27:36,417+0200 ERROR miktex-console.core - Accès refusé.

2022-06-18 10:27:36,417+0200 ERROR miktex-console.core - Function: DeleteFileW
2022-06-18 10:27:36,417+0200 ERROR miktex-console.core - Result: 5
2022-06-18 10:27:36,417+0200 ERROR miktex-console.core - Data: path="C:\Users\ogglo\Documents\Enseignement\Projets\Exo aléatoire fanélie\Interface_graphique\miktex\texmfs\install\miktex\bin\x64\MiKTeX220300-md5.dll"
2022-06-18 10:27:36,417+0200 ERROR miktex-console.core - Source: Libraries\MiKTeX\Core\File\win\winFile.cpp:320
2022-06-18 10:27:36,427+0200 INFO  mainwindow - extracting files from miktex-md5-bin-x64-2.9.tar.lzma...
2022-06-18 10:27:36,442+0200 INFO  miktex-console.packagemanager - installing package miktex-metafont-bin-x64-2.9
2022-06-18 10:27:36,443+0200 INFO  mainwindow - downloading https://ctan.mines-albi.fr/systems/win32/miktex/tm/packages/miktex-metafont-bin-x64-2.9.tar.lzma...
2022-06-18 10:27:36,443+0200 INFO  miktex-console.packagemanager - going to download https://ctan.mines-albi.fr/systems/win32/miktex/tm/packages/miktex-metafont-bin-x64-2.9.tar.lzma
2022-06-18 10:27:36,627+0200 INFO  mainwindow - 0.21 MB, 9.18 Mbit/s
2022-06-18 10:27:36,642+0200 INFO  mainwindow - extracting files from miktex-metafont-bin-x64-2.9.tar.lzma...
2022-06-18 10:27:36,671+0200 INFO  miktex-console.packagemanager - installing package miktex-metapost-bin-x64-2.9
2022-06-18 10:27:36,672+0200 INFO  mainwindow - downloading https://ctan.mines-albi.fr/systems/win32/miktex/tm/packages/miktex-metapost-bin-x64-2.9.tar.lzma...
2022-06-18 10:27:36,672+0200 INFO  miktex-console.packagemanager - going to download https://ctan.mines-albi.fr/systems/win32/miktex/tm/packages/miktex-metapost-bin-x64-2.9.tar.lzma
2022-06-18 10:27:36,909+0200 INFO  mainwindow - 0.29 MB, 9.72 Mbit/s
2022-06-18 10:27:36,924+0200 INFO  mainwindow - extracting files from miktex-metapost-bin-x64-2.9.tar.lzma...
2022-06-18 10:27:36,959+0200 INFO  miktex-console.packagemanager - installing package miktex-mfware-bin-x64-2.9
2022-06-18 10:27:36,960+0200 INFO  mainwindow - downloading https://ctan.mines-albi.fr/systems/win32/miktex/tm/packages/miktex-mfware-bin-x64-2.9.tar.lzma...
2022-06-18 10:27:36,960+0200 INFO  miktex-console.packagemanager - going to download https://ctan.mines-albi.fr/systems/win32/miktex/tm/packages/miktex-mfware-bin-x64-2.9.tar.lzma
2022-06-18 10:27:37,054+0200 INFO  mainwindow - 0.11 MB, 8.94 Mbit/s
2022-06-18 10:27:37,072+0200 INFO  mainwindow - extracting files from miktex-mfware-bin-x64-2.9.tar.lzma...
2022-06-18 10:27:37,107+0200 INFO  miktex-console.packagemanager - installing package miktex-misc
2022-06-18 10:27:37,108+0200 INFO  mainwindow - downloading https://ctan.mines-albi.fr/systems/win32/miktex/tm/packages/miktex-misc.tar.lzma...
2022-06-18 10:27:37,108+0200 INFO  miktex-console.packagemanager - going to download https://ctan.mines-albi.fr/systems/win32/miktex/tm/packages/miktex-misc.tar.lzma
2022-06-18 10:27:37,141+0200 INFO  mainwindow - 0.02 MB, 5.77 Mbit/s
2022-06-18 10:27:37,191+0200 INFO  mainwindow - extracting files from miktex-misc.tar.lzma...
2022-06-18 10:27:37,281+0200 INFO  miktex-console.packagemanager - installing package miktex-mktex-bin-x64-2.9
2022-06-18 10:27:37,281+0200 INFO  mainwindow - downloading https://ctan.mines-albi.fr/systems/win32/miktex/tm/packages/miktex-mktex-bin-x64-2.9.tar.lzma...
2022-06-18 10:27:37,281+0200 INFO  miktex-console.packagemanager - going to download https://ctan.mines-albi.fr/systems/win32/miktex/tm/packages/miktex-mktex-bin-x64-2.9.tar.lzma
2022-06-18 10:27:37,400+0200 INFO  mainwindow - 0.14 MB, 9.43 Mbit/s
2022-06-18 10:27:37,422+0200 INFO  mainwindow - extracting files from miktex-mktex-bin-x64-2.9.tar.lzma...
2022-06-18 10:27:37,460+0200 INFO  miktex-console.packagemanager - installing package miktex-mo-bin-x64-2.9
2022-06-18 10:27:37,460+0200 INFO  mainwindow - downloading https://ctan.mines-albi.fr/systems/win32/miktex/tm/packages/miktex-mo-bin-x64-2.9.tar.lzma...
2022-06-18 10:27:37,460+0200 INFO  miktex-console.packagemanager - going to download https://ctan.mines-albi.fr/systems/win32/miktex/tm/packages/miktex-mo-bin-x64-2.9.tar.lzma
2022-06-18 10:27:37,678+0200 INFO  mainwindow - 0.33 MB, 11.99 Mbit/s
2022-06-18 10:27:37,694+0200 INFO  mainwindow - extracting files from miktex-mo-bin-x64-2.9.tar.lzma...
2022-06-18 10:27:37,731+0200 INFO  miktex-console.packagemanager - installing package miktex-mpfr-bin-x64-2.9
2022-06-18 10:27:37,732+0200 INFO  mainwindow - downloading https://ctan.mines-albi.fr/systems/win32/miktex/tm/packages/miktex-mpfr-bin-x64-2.9.tar.lzma...
2022-06-18 10:27:37,732+0200 INFO  miktex-console.packagemanager - going to download https://ctan.mines-albi.fr/systems/win32/miktex/tm/packages/miktex-mpfr-bin-x64-2.9.tar.lzma
2022-06-18 10:27:37,860+0200 INFO  mainwindow - 0.18 MB, 11.34 Mbit/s
2022-06-18 10:27:37,873+0200 INFO  mainwindow - extracting files from miktex-mpfr-bin-x64-2.9.tar.lzma...
2022-06-18 10:27:37,897+0200 INFO  miktex-console.packagemanager - installing package miktex-mpmcli-bin-x64-2.9
2022-06-18 10:27:37,897+0200 INFO  mainwindow - downloading https://ctan.mines-albi.fr/systems/win32/miktex/tm/packages/miktex-mpmcli-bin-x64-2.9.tar.lzma...
2022-06-18 10:27:37,897+0200 INFO  miktex-console.packagemanager - going to download https://ctan.mines-albi.fr/systems/win32/miktex/tm/packages/miktex-mpmcli-bin-x64-2.9.tar.lzma
2022-06-18 10:27:37,954+0200 INFO  mainwindow - 0.06 MB, 7.94 Mbit/s
2022-06-18 10:27:37,966+0200 INFO  mainwindow - extracting files from miktex-mpmcli-bin-x64-2.9.tar.lzma...
2022-06-18 10:27:37,986+0200 INFO  miktex-console.packagemanager - installing package miktex-mspack-bin-x64-2.9
2022-06-18 10:27:37,986+0200 INFO  mainwindow - downloading https://ctan.mines-albi.fr/systems/win32/miktex/tm/packages/miktex-mspack-bin-x64-2.9.tar.lzma...
2022-06-18 10:27:37,987+0200 INFO  miktex-console.packagemanager - going to download https://ctan.mines-albi.fr/systems/win32/miktex/tm/packages/miktex-mspack-bin-x64-2.9.tar.lzma
2022-06-18 10:27:38,021+0200 INFO  mainwindow - 0.04 MB, 8.53 Mbit/s
2022-06-18 10:27:38,026+0200 ERROR miktex-console.core - Accès refusé.

2022-06-18 10:27:38,026+0200 ERROR miktex-console.core - Function: DeleteFileW
2022-06-18 10:27:38,026+0200 ERROR miktex-console.core - Result: 5
2022-06-18 10:27:38,026+0200 ERROR miktex-console.core - Data: path="C:\Users\ogglo\Documents\Enseignement\Projets\Exo aléatoire fanélie\Interface_graphique\miktex\texmfs\install\miktex\bin\x64\MiKTeX220300-mspack.dll"
2022-06-18 10:27:38,026+0200 ERROR miktex-console.core - Source: Libraries\MiKTeX\Core\File\win\winFile.cpp:320
2022-06-18 10:27:38,037+0200 INFO  mainwindow - extracting files from miktex-mspack-bin-x64-2.9.tar.lzma...
2022-06-18 10:27:38,055+0200 INFO  miktex-console.packagemanager - installing package miktex-mthelp-bin-x64-2.9
2022-06-18 10:27:38,055+0200 INFO  mainwindow - downloading https://ctan.mines-albi.fr/systems/win32/miktex/tm/packages/miktex-mthelp-bin-x64-2.9.tar.lzma...
2022-06-18 10:27:38,055+0200 INFO  miktex-console.packagemanager - going to download https://ctan.mines-albi.fr/systems/win32/miktex/tm/packages/miktex-mthelp-bin-x64-2.9.tar.lzma
2022-06-18 10:27:38,090+0200 INFO  mainwindow - 0.04 MB, 9.76 Mbit/s
2022-06-18 10:27:38,103+0200 INFO  mainwindow - extracting files from miktex-mthelp-bin-x64-2.9.tar.lzma...
2022-06-18 10:27:38,121+0200 INFO  miktex-console.packagemanager - installing package miktex-mtprint-bin-x64-2.9
2022-06-18 10:27:38,122+0200 INFO  mainwindow - downloading https://ctan.mines-albi.fr/systems/win32/miktex/tm/packages/miktex-mtprint-bin-x64-2.9.tar.lzma...
2022-06-18 10:27:38,122+0200 INFO  miktex-console.packagemanager - going to download https://ctan.mines-albi.fr/systems/win32/miktex/tm/packages/miktex-mtprint-bin-x64-2.9.tar.lzma
2022-06-18 10:27:38,157+0200 INFO  mainwindow - 0.05 MB, 10.64 Mbit/s
2022-06-18 10:27:38,169+0200 INFO  mainwindow - extracting files from miktex-mtprint-bin-x64-2.9.tar.lzma...
2022-06-18 10:27:38,188+0200 INFO  miktex-console.packagemanager - installing package miktex-omegaware-bin-x64-2.9
2022-06-18 10:27:38,188+0200 INFO  mainwindow - downloading https://ctan.mines-albi.fr/systems/win32/miktex/tm/packages/miktex-omegaware-bin-x64-2.9.tar.lzma...
2022-06-18 10:27:38,188+0200 INFO  miktex-console.packagemanager - going to download https://ctan.mines-albi.fr/systems/win32/miktex/tm/packages/miktex-omegaware-bin-x64-2.9.tar.lzma
2022-06-18 10:27:38,318+0200 INFO  mainwindow - 0.21 MB, 13.36 Mbit/s
2022-06-18 10:27:38,340+0200 INFO  mainwindow - extracting files from miktex-omegaware-bin-x64-2.9.tar.lzma...
2022-06-18 10:27:38,393+0200 INFO  miktex-console.packagemanager - installing package miktex-patgen-bin-x64
2022-06-18 10:27:38,394+0200 INFO  mainwindow - downloading https://ctan.mines-albi.fr/systems/win32/miktex/tm/packages/miktex-patgen-bin-x64.tar.lzma...
2022-06-18 10:27:38,394+0200 INFO  miktex-console.packagemanager - going to download https://ctan.mines-albi.fr/systems/win32/miktex/tm/packages/miktex-patgen-bin-x64.tar.lzma
2022-06-18 10:27:38,430+0200 INFO  mainwindow - 0.04 MB, 9.15 Mbit/s
2022-06-18 10:27:38,443+0200 INFO  mainwindow - extracting files from miktex-patgen-bin-x64.tar.lzma...
2022-06-18 10:27:38,460+0200 INFO  miktex-console.packagemanager - installing package miktex-pdftex-bin-x64-2.9
2022-06-18 10:27:38,461+0200 INFO  mainwindow - downloading https://ctan.mines-albi.fr/systems/win32/miktex/tm/packages/miktex-pdftex-bin-x64-2.9.tar.lzma...
2022-06-18 10:27:38,461+0200 INFO  miktex-console.packagemanager - going to download https://ctan.mines-albi.fr/systems/win32/miktex/tm/packages/miktex-pdftex-bin-x64-2.9.tar.lzma
2022-06-18 10:27:38,870+0200 INFO  mainwindow - 0.82 MB, 16.13 Mbit/s
2022-06-18 10:27:38,887+0200 INFO  mainwindow - extracting files from miktex-pdftex-bin-x64-2.9.tar.lzma...
2022-06-18 10:27:38,952+0200 INFO  miktex-console.packagemanager - installing package miktex-pixman-bin-x64-2.9
2022-06-18 10:27:38,952+0200 INFO  mainwindow - downloading https://ctan.mines-albi.fr/systems/win32/miktex/tm/packages/miktex-pixman-bin-x64-2.9.tar.lzma...
2022-06-18 10:27:38,952+0200 INFO  miktex-console.packagemanager - going to download https://ctan.mines-albi.fr/systems/win32/miktex/tm/packages/miktex-pixman-bin-x64-2.9.tar.lzma
2022-06-18 10:27:39,055+0200 INFO  mainwindow - 0.20 MB, 15.92 Mbit/s
2022-06-18 10:27:39,067+0200 INFO  mainwindow - extracting files from miktex-pixman-bin-x64-2.9.tar.lzma...
2022-06-18 10:27:39,093+0200 INFO  miktex-console.packagemanager - installing package miktex-pmx-bin-x64-2.9
2022-06-18 10:27:39,094+0200 INFO  mainwindow - downloading https://ctan.mines-albi.fr/systems/win32/miktex/tm/packages/miktex-pmx-bin-x64-2.9.tar.lzma...
2022-06-18 10:27:39,094+0200 INFO  miktex-console.packagemanager - going to download https://ctan.mines-albi.fr/systems/win32/miktex/tm/packages/miktex-pmx-bin-x64-2.9.tar.lzma
2022-06-18 10:27:39,225+0200 INFO  mainwindow - 0.25 MB, 14.86 Mbit/s
2022-06-18 10:27:39,240+0200 INFO  mainwindow - extracting files from miktex-pmx-bin-x64-2.9.tar.lzma...
2022-06-18 10:27:39,270+0200 INFO  miktex-console.packagemanager - installing package miktex-png-bin-x64-2.9
2022-06-18 10:27:39,270+0200 INFO  mainwindow - downloading https://ctan.mines-albi.fr/systems/win32/miktex/tm/packages/miktex-png-bin-x64-2.9.tar.lzma...
2022-06-18 10:27:39,270+0200 INFO  miktex-console.packagemanager - going to download https://ctan.mines-albi.fr/systems/win32/miktex/tm/packages/miktex-png-bin-x64-2.9.tar.lzma
2022-06-18 10:27:39,332+0200 INFO  mainwindow - 0.09 MB, 11.56 Mbit/s
2022-06-18 10:27:39,344+0200 INFO  mainwindow - extracting files from miktex-png-bin-x64-2.9.tar.lzma...
2022-06-18 10:27:39,364+0200 INFO  miktex-console.packagemanager - installing package miktex-poppler-bin-x64-2.9
2022-06-18 10:27:39,365+0200 INFO  mainwindow - downloading https://ctan.mines-albi.fr/systems/win32/miktex/tm/packages/miktex-poppler-bin-x64-2.9.tar.lzma...
2022-06-18 10:27:39,365+0200 INFO  miktex-console.packagemanager - going to download https://ctan.mines-albi.fr/systems/win32/miktex/tm/packages/miktex-poppler-bin-x64-2.9.tar.lzma
2022-06-18 10:27:40,201+0200 INFO  mainwindow - 1.32 MB, 12.67 Mbit/s
2022-06-18 10:27:40,236+0200 INFO  mainwindow - extracting files from miktex-poppler-bin-x64-2.9.tar.lzma...
2022-06-18 10:27:40,365+0200 INFO  miktex-console.packagemanager - installing package miktex-popt-bin-x64-2.9
2022-06-18 10:27:40,366+0200 INFO  mainwindow - downloading https://ctan.mines-albi.fr/systems/win32/miktex/tm/packages/miktex-popt-bin-x64-2.9.tar.lzma...
2022-06-18 10:27:40,366+0200 INFO  miktex-console.packagemanager - going to download https://ctan.mines-albi.fr/systems/win32/miktex/tm/packages/miktex-popt-bin-x64-2.9.tar.lzma
2022-06-18 10:27:40,409+0200 INFO  mainwindow - 0.02 MB, 4.45 Mbit/s
2022-06-18 10:27:40,413+0200 ERROR miktex-console.core - Accès refusé.

2022-06-18 10:27:40,413+0200 ERROR miktex-console.core - Function: DeleteFileW
2022-06-18 10:27:40,413+0200 ERROR miktex-console.core - Result: 5
2022-06-18 10:27:40,413+0200 ERROR miktex-console.core - Data: path="C:\Users\ogglo\Documents\Enseignement\Projets\Exo aléatoire fanélie\Interface_graphique\miktex\texmfs\install\miktex\bin\x64\MiKTeX220300-popt.dll"
2022-06-18 10:27:40,413+0200 ERROR miktex-console.core - Source: Libraries\MiKTeX\Core\File\win\winFile.cpp:320
2022-06-18 10:27:40,423+0200 INFO  mainwindow - extracting files from miktex-popt-bin-x64-2.9.tar.lzma...
2022-06-18 10:27:40,439+0200 INFO  miktex-console.packagemanager - installing package miktex-posix-bin-x64-2.9
2022-06-18 10:27:40,439+0200 INFO  mainwindow - downloading https://ctan.mines-albi.fr/systems/win32/miktex/tm/packages/miktex-posix-bin-x64-2.9.tar.lzma...
2022-06-18 10:27:40,439+0200 INFO  miktex-console.packagemanager - going to download https://ctan.mines-albi.fr/systems/win32/miktex/tm/packages/miktex-posix-bin-x64-2.9.tar.lzma
2022-06-18 10:27:40,476+0200 INFO  mainwindow - 0.04 MB, 8.07 Mbit/s
2022-06-18 10:27:40,489+0200 INFO  mainwindow - extracting files from miktex-posix-bin-x64-2.9.tar.lzma...
2022-06-18 10:27:40,509+0200 INFO  miktex-console.packagemanager - installing package miktex-ps2pk-bin-x64-2.9
2022-06-18 10:27:40,509+0200 INFO  mainwindow - downloading https://ctan.mines-albi.fr/systems/win32/miktex/tm/packages/miktex-ps2pk-bin-x64-2.9.tar.lzma...
2022-06-18 10:27:40,509+0200 INFO  miktex-console.packagemanager - going to download https://ctan.mines-albi.fr/systems/win32/miktex/tm/packages/miktex-ps2pk-bin-x64-2.9.tar.lzma
2022-06-18 10:27:40,572+0200 INFO  mainwindow - 0.07 MB, 9.40 Mbit/s
2022-06-18 10:27:40,586+0200 INFO  mainwindow - extracting files from miktex-ps2pk-bin-x64-2.9.tar.lzma...
2022-06-18 10:27:40,607+0200 INFO  miktex-console.packagemanager - installing package miktex-psutils-bin-x64-2.9
2022-06-18 10:27:40,607+0200 INFO  mainwindow - downloading https://ctan.mines-albi.fr/systems/win32/miktex/tm/packages/miktex-psutils-bin-x64-2.9.tar.lzma...
2022-06-18 10:27:40,608+0200 INFO  miktex-console.packagemanager - going to download https://ctan.mines-albi.fr/systems/win32/miktex/tm/packages/miktex-psutils-bin-x64-2.9.tar.lzma
2022-06-18 10:27:40,649+0200 INFO  mainwindow - 0.06 MB, 11.72 Mbit/s
2022-06-18 10:27:40,672+0200 INFO  mainwindow - extracting files from miktex-psutils-bin-x64-2.9.tar.lzma...
2022-06-18 10:27:40,713+0200 INFO  miktex-console.packagemanager - installing package miktex-ptex-bin-x64
2022-06-18 10:27:40,714+0200 INFO  mainwindow - downloading https://ctan.mines-albi.fr/systems/win32/miktex/tm/packages/miktex-ptex-bin-x64.tar.lzma...
2022-06-18 10:27:40,714+0200 INFO  miktex-console.packagemanager - going to download https://ctan.mines-albi.fr/systems/win32/miktex/tm/packages/miktex-ptex-bin-x64.tar.lzma
2022-06-18 10:27:41,088+0200 INFO  mainwindow - 0.77 MB, 16.64 Mbit/s
2022-06-18 10:27:41,128+0200 INFO  mainwindow - extracting files from miktex-ptex-bin-x64.tar.lzma...
2022-06-18 10:27:41,224+0200 INFO  miktex-console.packagemanager - installing package miktex-runtime-bin-x64-2.9
2022-06-18 10:27:41,225+0200 INFO  mainwindow - downloading https://ctan.mines-albi.fr/systems/win32/miktex/tm/packages/miktex-runtime-bin-x64-2.9.tar.lzma...
2022-06-18 10:27:41,225+0200 INFO  miktex-console.packagemanager - going to download https://ctan.mines-albi.fr/systems/win32/miktex/tm/packages/miktex-runtime-bin-x64-2.9.tar.lzma
2022-06-18 10:27:41,838+0200 INFO  mainwindow - 1.50 MB, 19.68 Mbit/s
2022-06-18 10:27:41,855+0200 ERROR miktex-console.core - Accès refusé.

2022-06-18 10:27:41,855+0200 ERROR miktex-console.core - Function: DeleteFileW
2022-06-18 10:27:41,855+0200 ERROR miktex-console.core - Result: 5
2022-06-18 10:27:41,855+0200 ERROR miktex-console.core - Data: path="C:\Users\ogglo\Documents\Enseignement\Projets\Exo aléatoire fanélie\Interface_graphique\miktex\texmfs\install\miktex\bin\x64\MiKTeX220300-core.dll"
2022-06-18 10:27:41,855+0200 ERROR miktex-console.core - Source: Libraries\MiKTeX\Core\File\win\winFile.cpp:320
2022-06-18 10:27:41,861+0200 ERROR miktex-console.core - Accès refusé.

2022-06-18 10:27:41,862+0200 ERROR miktex-console.core - Function: DeleteFileW
2022-06-18 10:27:41,862+0200 ERROR miktex-console.core - Result: 5
2022-06-18 10:27:41,862+0200 ERROR miktex-console.core - Data: path="C:\Users\ogglo\Documents\Enseignement\Projets\Exo aléatoire fanélie\Interface_graphique\miktex\texmfs\install\miktex\bin\x64\MiKTeX220300-extractor.dll"
2022-06-18 10:27:41,862+0200 ERROR miktex-console.core - Source: Libraries\MiKTeX\Core\File\win\winFile.cpp:320
2022-06-18 10:27:41,867+0200 ERROR miktex-console.core - Accès refusé.

2022-06-18 10:27:41,867+0200 ERROR miktex-console.core - Function: DeleteFileW
2022-06-18 10:27:41,867+0200 ERROR miktex-console.core - Result: 5
2022-06-18 10:27:41,867+0200 ERROR miktex-console.core - Data: path="C:\Users\ogglo\Documents\Enseignement\Projets\Exo aléatoire fanélie\Interface_graphique\miktex\texmfs\install\miktex\bin\x64\MiKTeX220300-loc.dll"
2022-06-18 10:27:41,867+0200 ERROR miktex-console.core - Source: Libraries\MiKTeX\Core\File\win\winFile.cpp:320
2022-06-18 10:27:41,873+0200 ERROR miktex-console.core - Accès refusé.

2022-06-18 10:27:41,873+0200 ERROR miktex-console.core - Function: DeleteFileW
2022-06-18 10:27:41,873+0200 ERROR miktex-console.core - Result: 5
2022-06-18 10:27:41,873+0200 ERROR miktex-console.core - Data: path="C:\Users\ogglo\Documents\Enseignement\Projets\Exo aléatoire fanélie\Interface_graphique\miktex\texmfs\install\miktex\bin\x64\MiKTeX220300-packagemanager.dll"
2022-06-18 10:27:41,873+0200 ERROR miktex-console.core - Source: Libraries\MiKTeX\Core\File\win\winFile.cpp:320
2022-06-18 10:27:41,876+0200 ERROR miktex-console.core - Accès refusé.

2022-06-18 10:27:41,876+0200 ERROR miktex-console.core - Function: DeleteFileW
2022-06-18 10:27:41,876+0200 ERROR miktex-console.core - Result: 5
2022-06-18 10:27:41,876+0200 ERROR miktex-console.core - Data: path="C:\Users\ogglo\Documents\Enseignement\Projets\Exo aléatoire fanélie\Interface_graphique\miktex\texmfs\install\miktex\bin\x64\MiKTeX220300-res.dll"
2022-06-18 10:27:41,876+0200 ERROR miktex-console.core - Source: Libraries\MiKTeX\Core\File\win\winFile.cpp:320
2022-06-18 10:27:41,879+0200 ERROR miktex-console.core - Accès refusé.

2022-06-18 10:27:41,879+0200 ERROR miktex-console.core - Function: DeleteFileW
2022-06-18 10:27:41,879+0200 ERROR miktex-console.core - Result: 5
2022-06-18 10:27:41,879+0200 ERROR miktex-console.core - Data: path="C:\Users\ogglo\Documents\Enseignement\Projets\Exo aléatoire fanélie\Interface_graphique\miktex\texmfs\install\miktex\bin\x64\MiKTeX220300-setup.dll"
2022-06-18 10:27:41,879+0200 ERROR miktex-console.core - Source: Libraries\MiKTeX\Core\File\win\winFile.cpp:320
2022-06-18 10:27:41,884+0200 ERROR miktex-console.core - Accès refusé.

2022-06-18 10:27:41,884+0200 ERROR miktex-console.core - Function: DeleteFileW
2022-06-18 10:27:41,884+0200 ERROR miktex-console.core - Result: 5
2022-06-18 10:27:41,884+0200 ERROR miktex-console.core - Data: path="C:\Users\ogglo\Documents\Enseignement\Projets\Exo aléatoire fanélie\Interface_graphique\miktex\texmfs\install\miktex\bin\x64\MiKTeX220300-trace.dll"
2022-06-18 10:27:41,884+0200 ERROR miktex-console.core - Source: Libraries\MiKTeX\Core\File\win\winFile.cpp:320
2022-06-18 10:27:41,887+0200 ERROR miktex-console.core - Accès refusé.

2022-06-18 10:27:41,887+0200 ERROR miktex-console.core - Function: DeleteFileW
2022-06-18 10:27:41,887+0200 ERROR miktex-console.core - Result: 5
2022-06-18 10:27:41,887+0200 ERROR miktex-console.core - Data: path="C:\Users\ogglo\Documents\Enseignement\Projets\Exo aléatoire fanélie\Interface_graphique\miktex\texmfs\install\miktex\bin\x64\MiKTeX220300-ui-Qt.dll"
2022-06-18 10:27:41,887+0200 ERROR miktex-console.core - Source: Libraries\MiKTeX\Core\File\win\winFile.cpp:320
2022-06-18 10:27:41,892+0200 ERROR miktex-console.core - Accès refusé.

2022-06-18 10:27:41,892+0200 ERROR miktex-console.core - Function: DeleteFileW
2022-06-18 10:27:41,892+0200 ERROR miktex-console.core - Result: 5
2022-06-18 10:27:41,892+0200 ERROR miktex-console.core - Data: path="C:\Users\ogglo\Documents\Enseignement\Projets\Exo aléatoire fanélie\Interface_graphique\miktex\texmfs\install\miktex\bin\x64\MiKTeX220300-utf8wrap.dll"
2022-06-18 10:27:41,892+0200 ERROR miktex-console.core - Source: Libraries\MiKTeX\Core\File\win\winFile.cpp:320
2022-06-18 10:27:41,896+0200 ERROR miktex-console.core - Accès refusé.

2022-06-18 10:27:41,896+0200 ERROR miktex-console.core - Function: DeleteFileW
2022-06-18 10:27:41,896+0200 ERROR miktex-console.core - Result: 5
2022-06-18 10:27:41,896+0200 ERROR miktex-console.core - Data: path="C:\Users\ogglo\Documents\Enseignement\Projets\Exo aléatoire fanélie\Interface_graphique\miktex\texmfs\install\miktex\bin\x64\MiKTeX220300-util.dll"
2022-06-18 10:27:41,896+0200 ERROR miktex-console.core - Source: Libraries\MiKTeX\Core\File\win\winFile.cpp:320
2022-06-18 10:27:41,908+0200 INFO  mainwindow - extracting files from miktex-runtime-bin-x64-2.9.tar.lzma...
2022-06-18 10:27:42,076+0200 INFO  miktex-console.packagemanager - installing package miktex-synctex-bin-x64-2.9
2022-06-18 10:27:42,076+0200 INFO  mainwindow - downloading https://ctan.mines-albi.fr/systems/win32/miktex/tm/packages/miktex-synctex-bin-x64-2.9.tar.lzma...
2022-06-18 10:27:42,076+0200 INFO  miktex-console.packagemanager - going to download https://ctan.mines-albi.fr/systems/win32/miktex/tm/packages/miktex-synctex-bin-x64-2.9.tar.lzma
2022-06-18 10:27:42,135+0200 INFO  mainwindow - 0.05 MB, 7.11 Mbit/s
2022-06-18 10:27:42,149+0200 INFO  mainwindow - extracting files from miktex-synctex-bin-x64-2.9.tar.lzma...
2022-06-18 10:27:42,170+0200 INFO  miktex-console.packagemanager - installing package miktex-tdsutil-bin-x64
2022-06-18 10:27:42,170+0200 INFO  mainwindow - downloading https://ctan.mines-albi.fr/systems/win32/miktex/tm/packages/miktex-tdsutil-bin-x64.tar.lzma...
2022-06-18 10:27:42,170+0200 INFO  miktex-console.packagemanager - going to download https://ctan.mines-albi.fr/systems/win32/miktex/tm/packages/miktex-tdsutil-bin-x64.tar.lzma
2022-06-18 10:27:42,208+0200 INFO  mainwindow - 0.06 MB, 13.42 Mbit/s
2022-06-18 10:27:42,224+0200 INFO  mainwindow - extracting files from miktex-tdsutil-bin-x64.tar.lzma...
2022-06-18 10:27:42,243+0200 INFO  miktex-console.packagemanager - installing package miktex-teckit-bin-x64-2.9
2022-06-18 10:27:42,244+0200 INFO  mainwindow - downloading https://ctan.mines-albi.fr/systems/win32/miktex/tm/packages/miktex-teckit-bin-x64-2.9.tar.lzma...
2022-06-18 10:27:42,244+0200 INFO  miktex-console.packagemanager - going to download https://ctan.mines-albi.fr/systems/win32/miktex/tm/packages/miktex-teckit-bin-x64-2.9.tar.lzma
2022-06-18 10:27:42,279+0200 INFO  mainwindow - 0.03 MB, 6.31 Mbit/s
2022-06-18 10:27:42,293+0200 INFO  mainwindow - extracting files from miktex-teckit-bin-x64-2.9.tar.lzma...
2022-06-18 10:27:42,312+0200 INFO  miktex-console.packagemanager - installing package miktex-tex-bin-x64-2.9
2022-06-18 10:27:42,312+0200 INFO  mainwindow - downloading https://ctan.mines-albi.fr/systems/win32/miktex/tm/packages/miktex-tex-bin-x64-2.9.tar.lzma...
2022-06-18 10:27:42,312+0200 INFO  miktex-console.packagemanager - going to download https://ctan.mines-albi.fr/systems/win32/miktex/tm/packages/miktex-tex-bin-x64-2.9.tar.lzma
2022-06-18 10:27:42,405+0200 INFO  mainwindow - 0.17 MB, 15.04 Mbit/s
2022-06-18 10:27:42,418+0200 INFO  mainwindow - extracting files from miktex-tex-bin-x64-2.9.tar.lzma...
2022-06-18 10:27:42,445+0200 INFO  miktex-console.packagemanager - installing package miktex-tex2xindy-bin-x64-2.9
2022-06-18 10:27:42,446+0200 INFO  mainwindow - downloading https://ctan.mines-albi.fr/systems/win32/miktex/tm/packages/miktex-tex2xindy-bin-x64-2.9.tar.lzma...
2022-06-18 10:27:42,446+0200 INFO  miktex-console.packagemanager - going to download https://ctan.mines-albi.fr/systems/win32/miktex/tm/packages/miktex-tex2xindy-bin-x64-2.9.tar.lzma
2022-06-18 10:27:42,478+0200 INFO  mainwindow - 0.02 MB, 4.62 Mbit/s
2022-06-18 10:27:42,490+0200 INFO  mainwindow - extracting files from miktex-tex2xindy-bin-x64-2.9.tar.lzma...
2022-06-18 10:27:42,505+0200 INFO  miktex-console.packagemanager - installing package miktex-tex4ht-bin-x64-2.9
2022-06-18 10:27:42,505+0200 INFO  mainwindow - downloading https://ctan.mines-albi.fr/systems/win32/miktex/tm/packages/miktex-tex4ht-bin-x64-2.9.tar.lzma...
2022-06-18 10:27:42,506+0200 INFO  miktex-console.packagemanager - going to download https://ctan.mines-albi.fr/systems/win32/miktex/tm/packages/miktex-tex4ht-bin-x64-2.9.tar.lzma
2022-06-18 10:27:42,548+0200 INFO  mainwindow - 0.07 MB, 13.84 Mbit/s
2022-06-18 10:27:42,561+0200 INFO  mainwindow - extracting files from miktex-tex4ht-bin-x64-2.9.tar.lzma...
2022-06-18 10:27:42,581+0200 INFO  miktex-console.packagemanager - installing package miktex-texify-bin-x64-2.9
2022-06-18 10:27:42,581+0200 INFO  mainwindow - downloading https://ctan.mines-albi.fr/systems/win32/miktex/tm/packages/miktex-texify-bin-x64-2.9.tar.lzma...
2022-06-18 10:27:42,581+0200 INFO  miktex-console.packagemanager - going to download https://ctan.mines-albi.fr/systems/win32/miktex/tm/packages/miktex-texify-bin-x64-2.9.tar.lzma
2022-06-18 10:27:42,620+0200 INFO  mainwindow - 0.07 MB, 14.14 Mbit/s
2022-06-18 10:27:42,634+0200 INFO  mainwindow - extracting files from miktex-texify-bin-x64-2.9.tar.lzma...
2022-06-18 10:27:42,652+0200 INFO  miktex-console.packagemanager - installing package miktex-texware-bin-x64-2.9
2022-06-18 10:27:42,653+0200 INFO  mainwindow - downloading https://ctan.mines-albi.fr/systems/win32/miktex/tm/packages/miktex-texware-bin-x64-2.9.tar.lzma...
2022-06-18 10:27:42,653+0200 INFO  miktex-console.packagemanager - going to download https://ctan.mines-albi.fr/systems/win32/miktex/tm/packages/miktex-texware-bin-x64-2.9.tar.lzma
2022-06-18 10:27:42,716+0200 INFO  mainwindow - 0.11 MB, 13.89 Mbit/s
2022-06-18 10:27:42,735+0200 INFO  mainwindow - extracting files from miktex-texware-bin-x64-2.9.tar.lzma...
2022-06-18 10:27:42,766+0200 INFO  miktex-console.packagemanager - installing package miktex-texworks-bin-x64-2.9
2022-06-18 10:27:42,767+0200 INFO  mainwindow - downloading https://ctan.mines-albi.fr/systems/win32/miktex/tm/packages/miktex-texworks-bin-x64-2.9.tar.lzma...
2022-06-18 10:27:42,767+0200 INFO  miktex-console.packagemanager - going to download https://ctan.mines-albi.fr/systems/win32/miktex/tm/packages/miktex-texworks-bin-x64-2.9.tar.lzma
2022-06-18 10:27:43,686+0200 INFO  mainwindow - 2.82 MB, 24.54 Mbit/s
2022-06-18 10:27:43,704+0200 INFO  mainwindow - extracting files from miktex-texworks-bin-x64-2.9.tar.lzma...
2022-06-18 10:27:43,856+0200 INFO  miktex-console.packagemanager - installing package miktex-ttf2pk2-bin-x64-2.9
2022-06-18 10:27:43,857+0200 INFO  mainwindow - downloading https://ctan.mines-albi.fr/systems/win32/miktex/tm/packages/miktex-ttf2pk2-bin-x64-2.9.tar.lzma...
2022-06-18 10:27:43,857+0200 INFO  miktex-console.packagemanager - going to download https://ctan.mines-albi.fr/systems/win32/miktex/tm/packages/miktex-ttf2pk2-bin-x64-2.9.tar.lzma
2022-06-18 10:27:43,960+0200 INFO  mainwindow - 0.06 MB, 4.92 Mbit/s
2022-06-18 10:27:43,974+0200 INFO  mainwindow - extracting files from miktex-ttf2pk2-bin-x64-2.9.tar.lzma...
2022-06-18 10:27:43,994+0200 INFO  miktex-console.packagemanager - installing package miktex-upmendex-bin-x64
2022-06-18 10:27:43,994+0200 INFO  mainwindow - downloading https://ctan.mines-albi.fr/systems/win32/miktex/tm/packages/miktex-upmendex-bin-x64.tar.lzma...
2022-06-18 10:27:43,994+0200 INFO  miktex-console.packagemanager - going to download https://ctan.mines-albi.fr/systems/win32/miktex/tm/packages/miktex-upmendex-bin-x64.tar.lzma
2022-06-18 10:27:44,054+0200 INFO  mainwindow - 0.04 MB, 5.58 Mbit/s
2022-06-18 10:27:44,066+0200 INFO  mainwindow - extracting files from miktex-upmendex-bin-x64.tar.lzma...
2022-06-18 10:27:44,084+0200 INFO  miktex-console.packagemanager - installing package miktex-uriparser-bin-x64-2.9
2022-06-18 10:27:44,084+0200 INFO  mainwindow - downloading https://ctan.mines-albi.fr/systems/win32/miktex/tm/packages/miktex-uriparser-bin-x64-2.9.tar.lzma...
2022-06-18 10:27:44,084+0200 INFO  miktex-console.packagemanager - going to download https://ctan.mines-albi.fr/systems/win32/miktex/tm/packages/miktex-uriparser-bin-x64-2.9.tar.lzma
2022-06-18 10:27:44,127+0200 INFO  mainwindow - 0.03 MB, 6.48 Mbit/s
2022-06-18 10:27:44,132+0200 ERROR miktex-console.core - Accès refusé.

2022-06-18 10:27:44,132+0200 ERROR miktex-console.core - Function: DeleteFileW
2022-06-18 10:27:44,132+0200 ERROR miktex-console.core - Result: 5
2022-06-18 10:27:44,132+0200 ERROR miktex-console.core - Data: path="C:\Users\ogglo\Documents\Enseignement\Projets\Exo aléatoire fanélie\Interface_graphique\miktex\texmfs\install\miktex\bin\x64\MiKTeX220300-uriparser.dll"
2022-06-18 10:27:44,132+0200 ERROR miktex-console.core - Source: Libraries\MiKTeX\Core\File\win\winFile.cpp:320
2022-06-18 10:27:44,141+0200 INFO  mainwindow - extracting files from miktex-uriparser-bin-x64-2.9.tar.lzma...
2022-06-18 10:27:44,158+0200 INFO  miktex-console.packagemanager - installing package miktex-web-bin-x64-2.9
2022-06-18 10:27:44,159+0200 INFO  mainwindow - downloading https://ctan.mines-albi.fr/systems/win32/miktex/tm/packages/miktex-web-bin-x64-2.9.tar.lzma...
2022-06-18 10:27:44,159+0200 INFO  miktex-console.packagemanager - going to download https://ctan.mines-albi.fr/systems/win32/miktex/tm/packages/miktex-web-bin-x64-2.9.tar.lzma
2022-06-18 10:27:44,222+0200 INFO  mainwindow - 0.07 MB, 9.49 Mbit/s
2022-06-18 10:27:44,236+0200 INFO  mainwindow - extracting files from miktex-web-bin-x64-2.9.tar.lzma...
2022-06-18 10:27:44,259+0200 INFO  miktex-console.packagemanager - installing package miktex-xetex-bin-x64-2.9
2022-06-18 10:27:44,259+0200 INFO  mainwindow - downloading https://ctan.mines-albi.fr/systems/win32/miktex/tm/packages/miktex-xetex-bin-x64-2.9.tar.lzma...
2022-06-18 10:27:44,259+0200 INFO  miktex-console.packagemanager - going to download https://ctan.mines-albi.fr/systems/win32/miktex/tm/packages/miktex-xetex-bin-x64-2.9.tar.lzma
2022-06-18 10:27:44,418+0200 INFO  mainwindow - 0.35 MB, 17.82 Mbit/s
2022-06-18 10:27:44,433+0200 INFO  mainwindow - extracting files from miktex-xetex-bin-x64-2.9.tar.lzma...
2022-06-18 10:27:44,472+0200 INFO  miktex-console.packagemanager - installing package miktex-xml2pmx-bin-x64
2022-06-18 10:27:44,472+0200 INFO  mainwindow - downloading https://ctan.mines-albi.fr/systems/win32/miktex/tm/packages/miktex-xml2pmx-bin-x64.tar.lzma...
2022-06-18 10:27:44,472+0200 INFO  miktex-console.packagemanager - going to download https://ctan.mines-albi.fr/systems/win32/miktex/tm/packages/miktex-xml2pmx-bin-x64.tar.lzma
2022-06-18 10:27:44,508+0200 INFO  mainwindow - 0.06 MB, 12.76 Mbit/s
2022-06-18 10:27:44,525+0200 INFO  mainwindow - extracting files from miktex-xml2pmx-bin-x64.tar.lzma...
2022-06-18 10:27:44,545+0200 INFO  miktex-console.packagemanager - installing package miktex-yap-bin-x64-2.9
2022-06-18 10:27:44,545+0200 INFO  mainwindow - downloading https://ctan.mines-albi.fr/systems/win32/miktex/tm/packages/miktex-yap-bin-x64-2.9.tar.lzma...
2022-06-18 10:27:44,545+0200 INFO  miktex-console.packagemanager - going to download https://ctan.mines-albi.fr/systems/win32/miktex/tm/packages/miktex-yap-bin-x64-2.9.tar.lzma
2022-06-18 10:27:44,809+0200 INFO  mainwindow - 0.63 MB, 19.20 Mbit/s
2022-06-18 10:27:44,824+0200 INFO  mainwindow - extracting files from miktex-yap-bin-x64-2.9.tar.lzma...
2022-06-18 10:27:44,878+0200 INFO  miktex-console.packagemanager - installing package miktex-zlib-bin-x64-2.9
2022-06-18 10:27:44,879+0200 INFO  mainwindow - downloading https://ctan.mines-albi.fr/systems/win32/miktex/tm/packages/miktex-zlib-bin-x64-2.9.tar.lzma...
2022-06-18 10:27:44,879+0200 INFO  miktex-console.packagemanager - going to download https://ctan.mines-albi.fr/systems/win32/miktex/tm/packages/miktex-zlib-bin-x64-2.9.tar.lzma
2022-06-18 10:27:44,914+0200 INFO  mainwindow - 0.04 MB, 9.61 Mbit/s
2022-06-18 10:27:44,919+0200 ERROR miktex-console.core - Accès refusé.

2022-06-18 10:27:44,919+0200 ERROR miktex-console.core - Function: DeleteFileW
2022-06-18 10:27:44,919+0200 ERROR miktex-console.core - Result: 5
2022-06-18 10:27:44,919+0200 ERROR miktex-console.core - Data: path="C:\Users\ogglo\Documents\Enseignement\Projets\Exo aléatoire fanélie\Interface_graphique\miktex\texmfs\install\miktex\bin\x64\MiKTeX220300-zlib.dll"
2022-06-18 10:27:44,919+0200 ERROR miktex-console.core - Source: Libraries\MiKTeX\Core\File\win\winFile.cpp:320
2022-06-18 10:27:44,929+0200 INFO  mainwindow - extracting files from miktex-zlib-bin-x64-2.9.tar.lzma...
2022-06-18 10:27:44,949+0200 INFO  miktex-console.packagemanager - installing package miktex-zzip-bin-x64-2.9
2022-06-18 10:27:44,949+0200 INFO  mainwindow - downloading https://ctan.mines-albi.fr/systems/win32/miktex/tm/packages/miktex-zzip-bin-x64-2.9.tar.lzma...
2022-06-18 10:27:44,949+0200 INFO  miktex-console.packagemanager - going to download https://ctan.mines-albi.fr/systems/win32/miktex/tm/packages/miktex-zzip-bin-x64-2.9.tar.lzma
2022-06-18 10:27:44,985+0200 INFO  mainwindow - 0.01 MB, 3.29 Mbit/s
2022-06-18 10:27:44,999+0200 INFO  mainwindow - extracting files from miktex-zzip-bin-x64-2.9.tar.lzma...
2022-06-18 10:27:45,449+0200 INFO  miktex-console.core - start process: miktex fontmaps configure
2022-06-18 10:27:50,946+0200 INFO  miktex-console.core - start process: mpm --register-components --verbose
2022-06-18 10:27:51,353+0200 INFO  miktex-console.core - start process: miktex --disable-installer --verbose fndb refresh
2022-06-18 10:27:56,069+0200 INFO  miktex-console.core - start process: miktex --disable-installer --verbose links install --force
2022-06-18 10:28:11,085+0200 INFO  miktex-console.core - start process: miktex --disable-installer --verbose fontmaps configure
2022-06-18 10:28:16,133+0200 INFO  miktex-console.core - start process: miktex --disable-installer --verbose languages configure
2022-06-18 10:28:16,801+0200 INFO  miktex-console.core - start process: pdftex --miktex-disable-installer --miktex-disable-maintenance --miktex-disable-diagnose --version
2022-06-18 10:28:17,056+0200 ERROR miktex-console.core - Something is wrong with the PATH:
2022-06-18 10:28:17,056+0200 ERROR miktex-console.core - C:\WINDOWS\system32;C:\WINDOWS;C:\WINDOWS\System32\Wbem;C:\WINDOWS\System32\WindowsPowerShell\v1.0\;C:\WINDOWS\System32\OpenSSH\;C:\Program Files\NVIDIA Corporation\NVIDIA NvDLISR;C:\Program Files (x86)\NVIDIA Corporation\PhysX\Common;M:\Strawberry\c\bin;M:\Strawberry\perl\site\bin;M:\Strawberry\perl\bin;C:\Program Files (x86)\dotnet\;C:\Program Files\MySQL\MySQL Shell 8.0\bin\;C:\Users\ogglo\AppData\Local\Microsoft\WindowsApps;C:\Users\ogglo\AppData\Local\Programs\MiKTeX\miktex\bin\x64\;M:\Strawberry\perl\bin;C:\Users\ogglo\AppData\Local\Programs\Microsoft VS Code\bin;D:\MAMP\bin\php\php7.4.1;C:\Users\ogglo\AppData\Roaming\Composer\vendor\bin
2022-06-18 10:28:17,551+0200 INFO  mainwindow - MiKTeX Console needs to be closed
2022-06-18 10:28:19,180+0200 INFO  miktex-console.core - starting finish script
2022-06-18 10:28:19,180+0200 INFO  miktex-console.core - start process: C:\WINDOWS\system32\cmd.exe /c C:\Users\ogglo\AppData\Local\Temp\mik49817\miktex-console-finish.cmd
2022-06-18 10:28:19,230+0200 INFO  main - finishing with exit code 0
2022-06-18 10:46:01,561+0200 INFO  main - starting: MiKTeX Console 4.7 (MiKTeX 22.3 Portable)
2022-06-18 10:46:01,567+0200 INFO  miktex-console.core - start process: pdftex --miktex-disable-installer --miktex-disable-maintenance --miktex-disable-diagnose --version
2022-06-18 10:46:01,879+0200 ERROR miktex-console.core - Something is wrong with the PATH:
2022-06-18 10:46:01,879+0200 ERROR miktex-console.core - C:\WINDOWS\system32;C:\WINDOWS;C:\WINDOWS\System32\Wbem;C:\WINDOWS\System32\WindowsPowerShell\v1.0\;C:\WINDOWS\System32\OpenSSH\;C:\Program Files\NVIDIA Corporation\NVIDIA NvDLISR;C:\Program Files (x86)\NVIDIA Corporation\PhysX\Common;M:\Strawberry\c\bin;M:\Strawberry\perl\site\bin;M:\Strawberry\perl\bin;C:\Program Files (x86)\dotnet\;C:\Program Files\MySQL\MySQL Shell 8.0\bin\;C:\Users\ogglo\AppData\Local\Microsoft\WindowsApps;C:\Users\ogglo\AppData\Local\Programs\MiKTeX\miktex\bin\x64\;M:\Strawberry\perl\bin;C:\Users\ogglo\AppData\Local\Programs\Microsoft VS Code\bin;D:\MAMP\bin\php\php7.4.1;C:\Users\ogglo\AppData\Roaming\Composer\vendor\bin
2022-06-18 10:46:03,517+0200 INFO  miktex-console.core - start process: miktex fontmaps configure
2022-06-18 11:11:52,844+0200 INFO  main - starting: MiKTeX Console 4.7 (MiKTeX 22.3 Portable)
2022-06-18 11:11:52,864+0200 INFO  miktex-console.core - start process: pdftex --miktex-disable-installer --miktex-disable-maintenance --miktex-disable-diagnose --version
2022-06-18 11:11:53,578+0200 ERROR miktex-console.core - Something is wrong with the PATH:
2022-06-18 11:11:53,578+0200 ERROR miktex-console.core - C:\WINDOWS\system32;C:\WINDOWS;C:\WINDOWS\System32\Wbem;C:\WINDOWS\System32\WindowsPowerShell\v1.0\;C:\WINDOWS\System32\OpenSSH\;C:\Program Files\NVIDIA Corporation\NVIDIA NvDLISR;C:\Program Files (x86)\NVIDIA Corporation\PhysX\Common;M:\Strawberry\c\bin;M:\Strawberry\perl\site\bin;M:\Strawberry\perl\bin;C:\Program Files (x86)\dotnet\;C:\Program Files\MySQL\MySQL Shell 8.0\bin\;C:\Users\ogglo\AppData\Local\Microsoft\WindowsApps;C:\Users\ogglo\AppData\Local\Programs\MiKTeX\miktex\bin\x64\;M:\Strawberry\perl\bin;C:\Users\ogglo\AppData\Local\Programs\Microsoft VS Code\bin;D:\MAMP\bin\php\php7.4.1;C:\Users\ogglo\AppData\Roaming\Composer\vendor\bin
2022-06-18 11:11:55,644+0200 INFO  miktex-console.core - start process: miktex fontmaps configure
2022-06-18 11:18:16,044+0200 INFO  main - starting: MiKTeX Console 4.7 (MiKTeX 22.3 Portable)
2022-06-18 11:18:16,050+0200 INFO  miktex-console.core - start process: pdftex --miktex-disable-installer --miktex-disable-maintenance --miktex-disable-diagnose --version
2022-06-18 11:18:16,413+0200 ERROR miktex-console.core - Something is wrong with the PATH:
2022-06-18 11:18:16,413+0200 ERROR miktex-console.core - C:\WINDOWS\system32;C:\WINDOWS;C:\WINDOWS\System32\Wbem;C:\WINDOWS\System32\WindowsPowerShell\v1.0\;C:\WINDOWS\System32\OpenSSH\;C:\Program Files\NVIDIA Corporation\NVIDIA NvDLISR;C:\Program Files (x86)\NVIDIA Corporation\PhysX\Common;M:\Strawberry\c\bin;M:\Strawberry\perl\site\bin;M:\Strawberry\perl\bin;C:\Program Files (x86)\dotnet\;C:\Program Files\MySQL\MySQL Shell 8.0\bin\;C:\Users\ogglo\AppData\Local\Microsoft\WindowsApps;C:\Users\ogglo\AppData\Local\Programs\MiKTeX\miktex\bin\x64\;M:\Strawberry\perl\bin;C:\Users\ogglo\AppData\Local\Programs\Microsoft VS Code\bin;D:\MAMP\bin\php\php7.4.1;C:\Users\ogglo\AppData\Roaming\Composer\vendor\bin
2022-06-18 11:18:35,940+0200 INFO  miktex-console.packagemanager - going to download https://api2.miktex.org/hello
2022-06-18 11:18:36,103+0200 INFO  miktex-console.packagemanager - going to download https://api2.miktex.org/repositories?&releaseState=Stable&orderBy=ranking&take=1&onlySecure=true
2022-06-18 11:18:37,253+0200 INFO  miktex-console.packagemanager - installing package tabu
2022-06-18 11:18:37,405+0200 INFO  miktex-console.packagemanager - going to download https://ctan.tetaneutral.net/systems/win32/miktex/tm/packages/tabu.tar.lzma
2022-06-18 11:18:38,955+0200 INFO  miktex-console.core - start process: miktex fontmaps configure
2022-06-18 17:56:25,946+0200 INFO  main - finishing with exit code 0
