2022-06-18 11:24:57,407+0200 INFO  miktex-maketfm - this process (7848) started by xelatex in directory C:\Users\ogglo\Documents\Enseignement\Projets\Exo aléatoire fanélie\Interface_graphique with command line: miktex-maketfm --verbose rsfs10
2022-06-18 11:24:57,452+0200 INFO  maketfm - Making rsfs10.tfm from "C:\Users\ogglo\Documents\Enseignement\Projets\Exo aléatoire fanélie\Interface_graphique\miktex\texmfs\install\fonts/source/public/rsfs\rsfs10.mf"...
2022-06-18 11:24:57,455+0200 INFO  maketfm - Running miktex-mf.exe...
2022-06-18 11:24:57,456+0200 INFO  maketfm - running: miktex-mf.exe --miktex-enable-installer --miktex-disable-maintenance --miktex-disable-diagnose --undump=mf \mode:=ljfour; nonstopmode; "input rsfs10"
2022-06-18 11:24:57,456+0200 INFO  miktex-maketfm.core - start process: miktex-mf.exe --miktex-enable-installer --miktex-disable-maintenance --miktex-disable-diagnose --undump=mf \mode:=ljfour; nonstopmode; "input rsfs10"
2022-06-18 11:24:59,074+0200 INFO  maketfm - Installing "C:\Users\ogglo\Documents\Enseignement\Projets\Exo aléatoire fanélie\Interface_graphique\miktex\texmfs/data\fonts/tfm/public/rsfs\rsfs10.tfm"...
2022-06-18 11:24:59,161+0200 INFO  miktex-maketfm - this process (7848) finishes with exit code 0
2022-06-18 11:24:59,609+0200 INFO  miktex-maketfm - this process (7072) started by xelatex in directory C:\Users\ogglo\Documents\Enseignement\Projets\Exo aléatoire fanélie\Interface_graphique with command line: miktex-maketfm --verbose rsfs5
2022-06-18 11:24:59,654+0200 INFO  maketfm - Making rsfs5.tfm from "C:\Users\ogglo\Documents\Enseignement\Projets\Exo aléatoire fanélie\Interface_graphique\miktex\texmfs\install\fonts/source/public/rsfs\rsfs5.mf"...
2022-06-18 11:24:59,656+0200 INFO  maketfm - Running miktex-mf.exe...
2022-06-18 11:24:59,657+0200 INFO  maketfm - running: miktex-mf.exe --miktex-enable-installer --miktex-disable-maintenance --miktex-disable-diagnose --undump=mf \mode:=ljfour; nonstopmode; "input rsfs5"
2022-06-18 11:24:59,657+0200 INFO  miktex-maketfm.core - start process: miktex-mf.exe --miktex-enable-installer --miktex-disable-maintenance --miktex-disable-diagnose --undump=mf \mode:=ljfour; nonstopmode; "input rsfs5"
2022-06-18 11:25:00,100+0200 INFO  maketfm - Installing "C:\Users\ogglo\Documents\Enseignement\Projets\Exo aléatoire fanélie\Interface_graphique\miktex\texmfs/data\fonts/tfm/public/rsfs\rsfs5.tfm"...
2022-06-18 11:25:00,111+0200 INFO  miktex-maketfm - this process (7072) finishes with exit code 0
2022-06-18 11:25:00,603+0200 INFO  miktex-maketfm - this process (10412) started by xelatex in directory C:\Users\ogglo\Documents\Enseignement\Projets\Exo aléatoire fanélie\Interface_graphique with command line: miktex-maketfm --verbose vect10
2022-06-18 11:25:00,650+0200 INFO  maketfm - Making vect10.tfm from "C:\Users\ogglo\Documents\Enseignement\Projets\Exo aléatoire fanélie\Interface_graphique\miktex\texmfs\install\fonts/source/public/esvect\vect10.mf"...
2022-06-18 11:25:00,654+0200 INFO  maketfm - Running miktex-mf.exe...
2022-06-18 11:25:00,654+0200 INFO  maketfm - running: miktex-mf.exe --miktex-enable-installer --miktex-disable-maintenance --miktex-disable-diagnose --undump=mf \mode:=ljfour; nonstopmode; "input vect10"
2022-06-18 11:25:00,654+0200 INFO  miktex-maketfm.core - start process: miktex-mf.exe --miktex-enable-installer --miktex-disable-maintenance --miktex-disable-diagnose --undump=mf \mode:=ljfour; nonstopmode; "input vect10"
2022-06-18 11:25:01,170+0200 INFO  maketfm - Installing "C:\Users\ogglo\Documents\Enseignement\Projets\Exo aléatoire fanélie\Interface_graphique\miktex\texmfs/data\fonts/tfm/public/esvect\vect10.tfm"...
2022-06-18 11:25:01,188+0200 INFO  miktex-maketfm - this process (10412) finishes with exit code 0
2022-06-18 11:25:01,625+0200 INFO  miktex-maketfm - this process (16156) started by xelatex in directory C:\Users\ogglo\Documents\Enseignement\Projets\Exo aléatoire fanélie\Interface_graphique with command line: miktex-maketfm --verbose vect8
2022-06-18 11:25:01,670+0200 INFO  maketfm - Making vect8.tfm from "C:\Users\ogglo\Documents\Enseignement\Projets\Exo aléatoire fanélie\Interface_graphique\miktex\texmfs\install\fonts/source/public/esvect\vect8.mf"...
2022-06-18 11:25:01,674+0200 INFO  maketfm - Running miktex-mf.exe...
2022-06-18 11:25:01,674+0200 INFO  maketfm - running: miktex-mf.exe --miktex-enable-installer --miktex-disable-maintenance --miktex-disable-diagnose --undump=mf \mode:=ljfour; nonstopmode; "input vect8"
2022-06-18 11:25:01,674+0200 INFO  miktex-maketfm.core - start process: miktex-mf.exe --miktex-enable-installer --miktex-disable-maintenance --miktex-disable-diagnose --undump=mf \mode:=ljfour; nonstopmode; "input vect8"
2022-06-18 11:25:02,181+0200 INFO  maketfm - Installing "C:\Users\ogglo\Documents\Enseignement\Projets\Exo aléatoire fanélie\Interface_graphique\miktex\texmfs/data\fonts/tfm/public/esvect\vect8.tfm"...
2022-06-18 11:25:02,197+0200 INFO  miktex-maketfm - this process (16156) finishes with exit code 0
2022-06-18 11:25:02,658+0200 INFO  miktex-maketfm - this process (7720) started by xelatex in directory C:\Users\ogglo\Documents\Enseignement\Projets\Exo aléatoire fanélie\Interface_graphique with command line: miktex-maketfm --verbose vect6
2022-06-18 11:25:02,706+0200 INFO  maketfm - Making vect6.tfm from "C:\Users\ogglo\Documents\Enseignement\Projets\Exo aléatoire fanélie\Interface_graphique\miktex\texmfs\install\fonts/source/public/esvect\vect6.mf"...
2022-06-18 11:25:02,709+0200 INFO  maketfm - Running miktex-mf.exe...
2022-06-18 11:25:02,710+0200 INFO  maketfm - running: miktex-mf.exe --miktex-enable-installer --miktex-disable-maintenance --miktex-disable-diagnose --undump=mf \mode:=ljfour; nonstopmode; "input vect6"
2022-06-18 11:25:02,710+0200 INFO  miktex-maketfm.core - start process: miktex-mf.exe --miktex-enable-installer --miktex-disable-maintenance --miktex-disable-diagnose --undump=mf \mode:=ljfour; nonstopmode; "input vect6"
2022-06-18 11:25:03,302+0200 INFO  maketfm - Installing "C:\Users\ogglo\Documents\Enseignement\Projets\Exo aléatoire fanélie\Interface_graphique\miktex\texmfs/data\fonts/tfm/public/esvect\vect6.tfm"...
2022-06-18 11:25:03,316+0200 INFO  miktex-maketfm - this process (7720) finishes with exit code 0
2022-06-19 18:54:47,048+0200 INFO  miktex-maketfm - this process (2496) started by xelatex in directory C:\Users\ogglo\Documents\Enseignement\Projets\Exo aléatoire fanélie\Interface_graphique with command line: miktex-maketfm --verbose rsfs7
2022-06-19 18:54:47,098+0200 INFO  maketfm - Making rsfs7.tfm from "C:\Users\ogglo\Documents\Enseignement\Projets\Exo aléatoire fanélie\Interface_graphique\miktex\texmfs\install\fonts/source/public/rsfs\rsfs7.mf"...
2022-06-19 18:54:47,105+0200 INFO  maketfm - Running miktex-mf.exe...
2022-06-19 18:54:47,106+0200 INFO  maketfm - running: miktex-mf.exe --miktex-enable-installer --miktex-disable-maintenance --miktex-disable-diagnose --undump=mf \mode:=ljfour; nonstopmode; "input rsfs7"
2022-06-19 18:54:47,106+0200 INFO  miktex-maketfm.core - start process: miktex-mf.exe --miktex-enable-installer --miktex-disable-maintenance --miktex-disable-diagnose --undump=mf \mode:=ljfour; nonstopmode; "input rsfs7"
2022-06-19 18:54:47,619+0200 INFO  maketfm - Installing "C:\Users\ogglo\Documents\Enseignement\Projets\Exo aléatoire fanélie\Interface_graphique\miktex\texmfs/data\fonts/tfm/public/rsfs\rsfs7.tfm"...
2022-06-19 18:54:47,641+0200 INFO  miktex-maketfm - this process (2496) finishes with exit code 0
2022-06-19 18:54:48,071+0200 INFO  miktex-maketfm - this process (15592) started by xelatex in directory C:\Users\ogglo\Documents\Enseignement\Projets\Exo aléatoire fanélie\Interface_graphique with command line: miktex-maketfm --verbose vect7
2022-06-19 18:54:48,115+0200 INFO  maketfm - Making vect7.tfm from "C:\Users\ogglo\Documents\Enseignement\Projets\Exo aléatoire fanélie\Interface_graphique\miktex\texmfs\install\fonts/source/public/esvect\vect7.mf"...
2022-06-19 18:54:48,118+0200 INFO  maketfm - Running miktex-mf.exe...
2022-06-19 18:54:48,118+0200 INFO  maketfm - running: miktex-mf.exe --miktex-enable-installer --miktex-disable-maintenance --miktex-disable-diagnose --undump=mf \mode:=ljfour; nonstopmode; "input vect7"
2022-06-19 18:54:48,118+0200 INFO  miktex-maketfm.core - start process: miktex-mf.exe --miktex-enable-installer --miktex-disable-maintenance --miktex-disable-diagnose --undump=mf \mode:=ljfour; nonstopmode; "input vect7"
2022-06-19 18:54:48,682+0200 INFO  maketfm - Installing "C:\Users\ogglo\Documents\Enseignement\Projets\Exo aléatoire fanélie\Interface_graphique\miktex\texmfs/data\fonts/tfm/public/esvect\vect7.tfm"...
2022-06-19 18:54:48,696+0200 INFO  miktex-maketfm - this process (15592) finishes with exit code 0
2022-09-03 15:48:09,349+0200 INFO  miktex-maketfm - this process (1176) started by xelatex in directory C:\Users\ogglo\Documents\Enseignement\Projets\Exo aléatoire fanélie\Activite mentales (version ordi perso)\output\activites_mentales_v1.02 with command line: miktex-maketfm --verbose vect9
2022-09-03 15:48:09,394+0200 INFO  maketfm - Making vect9.tfm from "C:\Users\ogglo\Documents\Enseignement\Projets\Exo aléatoire fanélie\Activite mentales (version ordi perso)\output\activites_mentales_v1.02\miktex\texmfs\install\fonts/source/public/esvect\vect9.mf"...
2022-09-03 15:48:09,397+0200 INFO  maketfm - Running miktex-mf.exe...
2022-09-03 15:48:09,397+0200 INFO  maketfm - running: miktex-mf.exe --miktex-enable-installer --miktex-disable-maintenance --miktex-disable-diagnose --undump=mf \mode:=ljfour; nonstopmode; "input vect9"
2022-09-03 15:48:09,398+0200 INFO  miktex-maketfm.core - start process: miktex-mf.exe --miktex-enable-installer --miktex-disable-maintenance --miktex-disable-diagnose --undump=mf \mode:=ljfour; nonstopmode; "input vect9"
2022-09-03 15:48:09,854+0200 INFO  maketfm - Installing "C:\Users\ogglo\Documents\Enseignement\Projets\Exo aléatoire fanélie\Activite mentales (version ordi perso)\output\activites_mentales_v1.02\miktex\texmfs/data\fonts/tfm/public/esvect\vect9.tfm"...
2022-09-03 15:48:09,865+0200 INFO  miktex-maketfm - this process (1176) finishes with exit code 0
