-pdfclose.exe;miktex/bin/x64
+pdfclose.exe;miktex/bin/x64;
-pdfdde.exe;miktex/bin/x64
+pdfdde.exe;miktex/bin/x64;
-pdfopen.exe;miktex/bin/x64
+pdfopen.exe;miktex/bin/x64;
-bg5pluslatex.exe;miktex/bin/x64
+bg5pluslatex.exe;miktex/bin/x64;
-bg5pluspdflatex.exe;miktex/bin/x64
+bg5pluspdflatex.exe;miktex/bin/x64;
-bg5latex.exe;miktex/bin/x64
+bg5latex.exe;miktex/bin/x64;
-bg5pdflatex.exe;miktex/bin/x64
+bg5pdflatex.exe;miktex/bin/x64;
-bg5platex.exe;miktex/bin/x64
+bg5platex.exe;miktex/bin/x64;
-bg5ppdflatex.exe;miktex/bin/x64
+bg5ppdflatex.exe;miktex/bin/x64;
-cef5latex.exe;miktex/bin/x64
+cef5latex.exe;miktex/bin/x64;
-cef5pdflatex.exe;miktex/bin/x64
+cef5pdflatex.exe;miktex/bin/x64;
-ceflatex.exe;miktex/bin/x64
+ceflatex.exe;miktex/bin/x64;
-cefpdflatex.exe;miktex/bin/x64
+cefpdflatex.exe;miktex/bin/x64;
-cefslatex.exe;miktex/bin/x64
+cefslatex.exe;miktex/bin/x64;
-cefspdflatex.exe;miktex/bin/x64
+cefspdflatex.exe;miktex/bin/x64;
-gbklatex.exe;miktex/bin/x64
+gbklatex.exe;miktex/bin/x64;
-gbkpdflatex.exe;miktex/bin/x64
+gbkpdflatex.exe;miktex/bin/x64;
-sjislatex.exe;miktex/bin/x64
+sjislatex.exe;miktex/bin/x64;
-sjispdflatex.exe;miktex/bin/x64
+sjispdflatex.exe;miktex/bin/x64;
-afm2tfm.exe;miktex/bin/x64
+afm2tfm.exe;miktex/bin/x64;
-asy.exe;miktex/bin/x64
+asy.exe;miktex/bin/x64;
-autosp.exe;miktex/bin/x64
+autosp.exe;miktex/bin/x64;
-axohelp.exe;miktex/bin/x64
+axohelp.exe;miktex/bin/x64;
-bg5conv.exe;miktex/bin/x64
+bg5conv.exe;miktex/bin/x64;
-bibsort.exe;miktex/bin/x64
+bibsort.exe;miktex/bin/x64;
-bibtex8.exe;miktex/bin/x64
+bibtex8.exe;miktex/bin/x64;
-bibtexu.exe;miktex/bin/x64
+bibtexu.exe;miktex/bin/x64;
-bibtex.exe;miktex/bin/x64
+bibtex.exe;miktex/bin/x64;
-cef5conv.exe;miktex/bin/x64
+cef5conv.exe;miktex/bin/x64;
-cefconv.exe;miktex/bin/x64
+cefconv.exe;miktex/bin/x64;
-cefsconv.exe;miktex/bin/x64
+cefsconv.exe;miktex/bin/x64;
-chktex.exe;miktex/bin/x64
+chktex.exe;miktex/bin/x64;
-ctangle.exe;miktex/bin/x64
+ctangle.exe;miktex/bin/x64;
-cweave.exe;miktex/bin/x64
+cweave.exe;miktex/bin/x64;
-ctwill.exe;miktex/bin/x64
+ctwill.exe;miktex/bin/x64;
-ctwill-refsort.exe;miktex/bin/x64
+ctwill-refsort.exe;miktex/bin/x64;
-ctwill-twinx.exe;miktex/bin/x64
+ctwill-twinx.exe;miktex/bin/x64;
-devnag.exe;miktex/bin/x64
+devnag.exe;miktex/bin/x64;
-dvicopy.exe;miktex/bin/x64
+dvicopy.exe;miktex/bin/x64;
-dvipdfm.exe;miktex/bin/x64
+dvipdfm.exe;miktex/bin/x64;
-dvipdfmx.exe;miktex/bin/x64
+dvipdfmx.exe;miktex/bin/x64;
-ebb.exe;miktex/bin/x64
+ebb.exe;miktex/bin/x64;
-extractbb.exe;miktex/bin/x64
+extractbb.exe;miktex/bin/x64;
-xbb.exe;miktex/bin/x64
+xbb.exe;miktex/bin/x64;
-xdvipdfmx.exe;miktex/bin/x64
+xdvipdfmx.exe;miktex/bin/x64;
-miktex-xdvipdfmx.exe;miktex/bin/x64
+miktex-xdvipdfmx.exe;miktex/bin/x64;
-dvipdft.exe;miktex/bin/x64
+dvipdft.exe;miktex/bin/x64;
-dvipng.exe;miktex/bin/x64
+dvipng.exe;miktex/bin/x64;
-dvips.exe;miktex/bin/x64
+dvips.exe;miktex/bin/x64;
-dvisvgm.exe;miktex/bin/x64
+dvisvgm.exe;miktex/bin/x64;
-dvitype.exe;miktex/bin/x64
+dvitype.exe;miktex/bin/x64;
-epsffit.exe;miktex/bin/x64
+epsffit.exe;miktex/bin/x64;
-epstopdf.exe;miktex/bin/x64
+epstopdf.exe;miktex/bin/x64;
-repstopdf.exe;miktex/bin/x64
+repstopdf.exe;miktex/bin/x64;
-miktex-epstopdf-unrestricted.exe;miktex/bin/x64
+miktex-epstopdf-unrestricted.exe;miktex/bin/x64;
-eptex.exe;miktex/bin/x64
+eptex.exe;miktex/bin/x64;
-euptex.exe;miktex/bin/x64
+euptex.exe;miktex/bin/x64;
-extconv.exe;miktex/bin/x64
+extconv.exe;miktex/bin/x64;
-fribidixetex.exe;miktex/bin/x64
+fribidixetex.exe;miktex/bin/x64;
-gftodvi.exe;miktex/bin/x64
+gftodvi.exe;miktex/bin/x64;
-gftopk.exe;miktex/bin/x64
+gftopk.exe;miktex/bin/x64;
-gftype.exe;miktex/bin/x64
+gftype.exe;miktex/bin/x64;
-gregorio.exe;miktex/bin/x64
+gregorio.exe;miktex/bin/x64;
-hbf2gf.exe;miktex/bin/x64
+hbf2gf.exe;miktex/bin/x64;
-hitex.exe;miktex/bin/x64
+hitex.exe;miktex/bin/x64;
-histretch.exe;miktex/bin/x64
+histretch.exe;miktex/bin/x64;
-hishrink.exe;miktex/bin/x64
+hishrink.exe;miktex/bin/x64;
-lacheck.exe;miktex/bin/x64
+lacheck.exe;miktex/bin/x64;
-makebase.exe;miktex/bin/x64
+makebase.exe;miktex/bin/x64;
-makefmt.exe;miktex/bin/x64
+makefmt.exe;miktex/bin/x64;
-makeindex.exe;miktex/bin/x64
+makeindex.exe;miktex/bin/x64;
-makepk.exe;miktex/bin/x64
+makepk.exe;miktex/bin/x64;
-maketfm.exe;miktex/bin/x64
+maketfm.exe;miktex/bin/x64;
-mkfntmap.exe;miktex/bin/x64
+mkfntmap.exe;miktex/bin/x64;
-mft.exe;miktex/bin/x64
+mft.exe;miktex/bin/x64;
-mf.exe;miktex/bin/x64
+mf.exe;miktex/bin/x64;
-inimf.exe;miktex/bin/x64
+inimf.exe;miktex/bin/x64;
-virmf.exe;miktex/bin/x64
+virmf.exe;miktex/bin/x64;
-mkocp.exe;miktex/bin/x64
+mkocp.exe;miktex/bin/x64;
-dvitomp.exe;miktex/bin/x64
+dvitomp.exe;miktex/bin/x64;
-mpost.exe;miktex/bin/x64
+mpost.exe;miktex/bin/x64;
-odvicopy.exe;miktex/bin/x64
+odvicopy.exe;miktex/bin/x64;
-ofm2opl.exe;miktex/bin/x64
+ofm2opl.exe;miktex/bin/x64;
-opl2ofm.exe;miktex/bin/x64
+opl2ofm.exe;miktex/bin/x64;
-otp2ocp.exe;miktex/bin/x64
+otp2ocp.exe;miktex/bin/x64;
-outocp.exe;miktex/bin/x64
+outocp.exe;miktex/bin/x64;
-ovf2ovp.exe;miktex/bin/x64
+ovf2ovp.exe;miktex/bin/x64;
-ovp2ovf.exe;miktex/bin/x64
+ovp2ovf.exe;miktex/bin/x64;
-patgen.exe;miktex/bin/x64
+patgen.exe;miktex/bin/x64;
-pbibtex.exe;miktex/bin/x64
+pbibtex.exe;miktex/bin/x64;
-pdftex.exe;miktex/bin/x64
+pdftex.exe;miktex/bin/x64;
-miktex-latex.exe;miktex/bin/x64
+miktex-latex.exe;miktex/bin/x64;
-miktex-pdflatex.exe;miktex/bin/x64
+miktex-pdflatex.exe;miktex/bin/x64;
-pdftosrc.exe;miktex/bin/x64
+pdftosrc.exe;miktex/bin/x64;
-pdvitype.exe;miktex/bin/x64
+pdvitype.exe;miktex/bin/x64;
-pk2bm.exe;miktex/bin/x64
+pk2bm.exe;miktex/bin/x64;
-pltotf.exe;miktex/bin/x64
+pltotf.exe;miktex/bin/x64;
-pmxab.exe;miktex/bin/x64
+pmxab.exe;miktex/bin/x64;
-pooltype.exe;miktex/bin/x64
+pooltype.exe;miktex/bin/x64;
-ppltotf.exe;miktex/bin/x64
+ppltotf.exe;miktex/bin/x64;
-prepmx.exe;miktex/bin/x64
+prepmx.exe;miktex/bin/x64;
-ps2pk.exe;miktex/bin/x64
+ps2pk.exe;miktex/bin/x64;
-psbook.exe;miktex/bin/x64
+psbook.exe;miktex/bin/x64;
-psnup.exe;miktex/bin/x64
+psnup.exe;miktex/bin/x64;
-psresize.exe;miktex/bin/x64
+psresize.exe;miktex/bin/x64;
-psselect.exe;miktex/bin/x64
+psselect.exe;miktex/bin/x64;
-pstops.exe;miktex/bin/x64
+pstops.exe;miktex/bin/x64;
-ptex.exe;miktex/bin/x64
+ptex.exe;miktex/bin/x64;
-ptftopl.exe;miktex/bin/x64
+ptftopl.exe;miktex/bin/x64;
-rebar.exe;miktex/bin/x64
+rebar.exe;miktex/bin/x64;
-scor2prt.exe;miktex/bin/x64
+scor2prt.exe;miktex/bin/x64;
-sjisconv.exe;miktex/bin/x64
+sjisconv.exe;miktex/bin/x64;
-synctex.exe;miktex/bin/x64
+synctex.exe;miktex/bin/x64;
-t4ht.exe;miktex/bin/x64
+t4ht.exe;miktex/bin/x64;
-tangle.exe;miktex/bin/x64
+tangle.exe;miktex/bin/x64;
-tex2aspc.exe;miktex/bin/x64
+tex2aspc.exe;miktex/bin/x64;
-tex4ht.exe;miktex/bin/x64
+tex4ht.exe;miktex/bin/x64;
-texworks.exe;miktex/bin/x64
+texworks.exe;miktex/bin/x64;
-tex.exe;miktex/bin/x64
+tex.exe;miktex/bin/x64;
-initex.exe;miktex/bin/x64
+initex.exe;miktex/bin/x64;
-virtex.exe;miktex/bin/x64
+virtex.exe;miktex/bin/x64;
-tftopl.exe;miktex/bin/x64
+tftopl.exe;miktex/bin/x64;
-ttf2afm.exe;miktex/bin/x64
+ttf2afm.exe;miktex/bin/x64;
-ttf2pk.exe;miktex/bin/x64
+ttf2pk.exe;miktex/bin/x64;
-ttf2tfm.exe;miktex/bin/x64
+ttf2tfm.exe;miktex/bin/x64;
-upbibtex.exe;miktex/bin/x64
+upbibtex.exe;miktex/bin/x64;
-updvitype.exe;miktex/bin/x64
+updvitype.exe;miktex/bin/x64;
-uppltotf.exe;miktex/bin/x64
+uppltotf.exe;miktex/bin/x64;
-uptex.exe;miktex/bin/x64
+uptex.exe;miktex/bin/x64;
-uptftopl.exe;miktex/bin/x64
+uptftopl.exe;miktex/bin/x64;
-upmendex.exe;miktex/bin/x64
+upmendex.exe;miktex/bin/x64;
-vftovp.exe;miktex/bin/x64
+vftovp.exe;miktex/bin/x64;
-vptovf.exe;miktex/bin/x64
+vptovf.exe;miktex/bin/x64;
-weave.exe;miktex/bin/x64
+weave.exe;miktex/bin/x64;
-xetex.exe;miktex/bin/x64
+xetex.exe;miktex/bin/x64;
-miktex-xelatex.exe;miktex/bin/x64
+miktex-xelatex.exe;miktex/bin/x64;
-xml2pmx.exe;miktex/bin/x64
+xml2pmx.exe;miktex/bin/x64;
-rungs.exe;miktex/bin/x64
+rungs.exe;miktex/bin/x64;
-kpsewhich.exe;miktex/bin/x64
+kpsewhich.exe;miktex/bin/x64;
-mktexlsr.exe;miktex/bin/x64
+mktexlsr.exe;miktex/bin/x64;
-texhash.exe;miktex/bin/x64
+texhash.exe;miktex/bin/x64;
-texlinks.exe;miktex/bin/x64
+texlinks.exe;miktex/bin/x64;
-updmap.exe;miktex/bin/x64
+updmap.exe;miktex/bin/x64;
-texdoc.exe;miktex/bin/x64
+texdoc.exe;miktex/bin/x64;
-pdfattach.exe;miktex/bin/x64
+pdfattach.exe;miktex/bin/x64;
-pdfdetach.exe;miktex/bin/x64
+pdfdetach.exe;miktex/bin/x64;
-pdffonts.exe;miktex/bin/x64
+pdffonts.exe;miktex/bin/x64;
-pdfimages.exe;miktex/bin/x64
+pdfimages.exe;miktex/bin/x64;
-pdfinfo.exe;miktex/bin/x64
+pdfinfo.exe;miktex/bin/x64;
-pdfseparate.exe;miktex/bin/x64
+pdfseparate.exe;miktex/bin/x64;
-pdftocairo.exe;miktex/bin/x64
+pdftocairo.exe;miktex/bin/x64;
-pdftohtml.exe;miktex/bin/x64
+pdftohtml.exe;miktex/bin/x64;
-pdftoppm.exe;miktex/bin/x64
+pdftoppm.exe;miktex/bin/x64;
-pdftops.exe;miktex/bin/x64
+pdftops.exe;miktex/bin/x64;
-pdftotext.exe;miktex/bin/x64
+pdftotext.exe;miktex/bin/x64;
-pdfunite.exe;miktex/bin/x64
+pdfunite.exe;miktex/bin/x64;
-fc-cache.exe;miktex/bin/x64
+fc-cache.exe;miktex/bin/x64;
-fc-cat.exe;miktex/bin/x64
+fc-cat.exe;miktex/bin/x64;
-fc-conflist.exe;miktex/bin/x64
+fc-conflist.exe;miktex/bin/x64;
-fc-list.exe;miktex/bin/x64
+fc-list.exe;miktex/bin/x64;
-fc-match.exe;miktex/bin/x64
+fc-match.exe;miktex/bin/x64;
-fc-pattern.exe;miktex/bin/x64
+fc-pattern.exe;miktex/bin/x64;
-fc-query.exe;miktex/bin/x64
+fc-query.exe;miktex/bin/x64;
-fc-scan.exe;miktex/bin/x64
+fc-scan.exe;miktex/bin/x64;
-fc-validate.exe;miktex/bin/x64
+fc-validate.exe;miktex/bin/x64;
-cfftot1.exe;miktex/bin/x64
+cfftot1.exe;miktex/bin/x64;
-mmafm.exe;miktex/bin/x64
+mmafm.exe;miktex/bin/x64;
-mmpfb.exe;miktex/bin/x64
+mmpfb.exe;miktex/bin/x64;
-otfinfo.exe;miktex/bin/x64
+otfinfo.exe;miktex/bin/x64;
-otftotfm.exe;miktex/bin/x64
+otftotfm.exe;miktex/bin/x64;
-t1dotlessj.exe;miktex/bin/x64
+t1dotlessj.exe;miktex/bin/x64;
-t1lint.exe;miktex/bin/x64
+t1lint.exe;miktex/bin/x64;
-t1rawafm.exe;miktex/bin/x64
+t1rawafm.exe;miktex/bin/x64;
-t1reencode.exe;miktex/bin/x64
+t1reencode.exe;miktex/bin/x64;
-t1testpage.exe;miktex/bin/x64
+t1testpage.exe;miktex/bin/x64;
-ttftotype42.exe;miktex/bin/x64
+ttftotype42.exe;miktex/bin/x64;
-zip.exe;miktex/bin/x64
+zip.exe;miktex/bin/x64;
-miktex-taskbar-icon.exe;miktex/bin/x64
+miktex-taskbar-icon.exe;miktex/bin/x64;
-miktex-update.exe;miktex/bin/x64
+miktex-update.exe;miktex/bin/x64;
-miktex-update_admin.exe;miktex/bin/x64
+miktex-update_admin.exe;miktex/bin/x64;
-luahbtex.exe;miktex/bin/x64
+luahbtex.exe;miktex/bin/x64;
-miktex-lualatex.exe;miktex/bin/x64
+miktex-lualatex.exe;miktex/bin/x64;
-miktex-texlua.exe;miktex/bin/x64
+miktex-texlua.exe;miktex/bin/x64;
-miktex-texluac.exe;miktex/bin/x64
+miktex-texluac.exe;miktex/bin/x64;
-luatex.exe;miktex/bin/x64
+luatex.exe;miktex/bin/x64;
-texlua.exe;miktex/bin/x64
+texlua.exe;miktex/bin/x64;
-texluac.exe;miktex/bin/x64
+texluac.exe;miktex/bin/x64;
-latex-dev.exe;miktex/bin/x64
+latex-dev.exe;miktex/bin/x64;
-amstex.exe;miktex/bin/x64
+amstex.exe;miktex/bin/x64;
-lualatex-dev.exe;miktex/bin/x64
+lualatex-dev.exe;miktex/bin/x64;
-pdfcslatex.exe;miktex/bin/x64
+pdfcslatex.exe;miktex/bin/x64;
-pdfcsplain.exe;miktex/bin/x64
+pdfcsplain.exe;miktex/bin/x64;
-dviluatex.exe;miktex/bin/x64
+dviluatex.exe;miktex/bin/x64;
-csplain.exe;miktex/bin/x64
+csplain.exe;miktex/bin/x64;
-cslatex.exe;miktex/bin/x64
+cslatex.exe;miktex/bin/x64;
-mltex.exe;miktex/bin/x64
+mltex.exe;miktex/bin/x64;
-bagpipe.exe;miktex/bin/x64
+bagpipe.exe;miktex/bin/x64;
-lualatex.exe;miktex/bin/x64
+lualatex.exe;miktex/bin/x64;
-bplain.exe;miktex/bin/x64
+bplain.exe;miktex/bin/x64;
-optex.exe;miktex/bin/x64
+optex.exe;miktex/bin/x64;
-bagpipex.exe;miktex/bin/x64
+bagpipex.exe;miktex/bin/x64;
+dvilualatex-dev.exe;miktex/bin/x64;
-dvilualatex.exe;miktex/bin/x64
+dvilualatex.exe;miktex/bin/x64;
-uptex.exe;miktex/bin/x64
+uptex.exe;miktex/bin/x64;
-etex.exe;miktex/bin/x64
+etex.exe;miktex/bin/x64;
-lollipop.exe;miktex/bin/x64
+lollipop.exe;miktex/bin/x64;
-hilatex.exe;miktex/bin/x64
+hilatex.exe;miktex/bin/x64;
-ptex.exe;miktex/bin/x64
+ptex.exe;miktex/bin/x64;
-hilatex-dev.exe;miktex/bin/x64
+hilatex-dev.exe;miktex/bin/x64;
-hitex.exe;miktex/bin/x64
+hitex.exe;miktex/bin/x64;
-jadetex.exe;miktex/bin/x64
+jadetex.exe;miktex/bin/x64;
-latex.exe;miktex/bin/x64
+latex.exe;miktex/bin/x64;
-luahblatex-dev.exe;miktex/bin/x64
+luahblatex-dev.exe;miktex/bin/x64;
-luahblatex.exe;miktex/bin/x64
+luahblatex.exe;miktex/bin/x64;
-utf8mex.exe;miktex/bin/x64
+utf8mex.exe;miktex/bin/x64;
-luahbtex.exe;miktex/bin/x64
+luahbtex.exe;miktex/bin/x64;
-uplatex-dev.exe;miktex/bin/x64
+uplatex-dev.exe;miktex/bin/x64;
-luatex.exe;miktex/bin/x64
+luatex.exe;miktex/bin/x64;
-mf.exe;miktex/bin/x64
+mf.exe;miktex/bin/x64;
-mllatex.exe;miktex/bin/x64
+mllatex.exe;miktex/bin/x64;
-eptex.exe;miktex/bin/x64
+eptex.exe;miktex/bin/x64;
-pdfetex.exe;miktex/bin/x64
+pdfetex.exe;miktex/bin/x64;
-pdfjadetex.exe;miktex/bin/x64
+pdfjadetex.exe;miktex/bin/x64;
-pdflatex-dev.exe;miktex/bin/x64
+pdflatex-dev.exe;miktex/bin/x64;
-dvilualollipop.exe;miktex/bin/x64
+dvilualollipop.exe;miktex/bin/x64;
-pdflatex.exe;miktex/bin/x64
+pdflatex.exe;miktex/bin/x64;
-lualollipop.exe;miktex/bin/x64
+lualollipop.exe;miktex/bin/x64;
-pdftex.exe;miktex/bin/x64
+pdftex.exe;miktex/bin/x64;
-xelatex.exe;miktex/bin/x64
+xelatex.exe;miktex/bin/x64;
-euptex.exe;miktex/bin/x64
+euptex.exe;miktex/bin/x64;
-platex.exe;miktex/bin/x64
+platex.exe;miktex/bin/x64;
-platex-dev.exe;miktex/bin/x64
+platex-dev.exe;miktex/bin/x64;
-uplatex.exe;miktex/bin/x64
+uplatex.exe;miktex/bin/x64;
-tex.exe;miktex/bin/x64
+tex.exe;miktex/bin/x64;
-xmltex.exe;miktex/bin/x64
+xmltex.exe;miktex/bin/x64;
-pdfxmltex.exe;miktex/bin/x64
+pdfxmltex.exe;miktex/bin/x64;
-xetex.exe;miktex/bin/x64
+xetex.exe;miktex/bin/x64;
-xelatex-dev.exe;miktex/bin/x64
+xelatex-dev.exe;miktex/bin/x64;
-dvilollipop.exe;miktex/bin/x64
+dvilollipop.exe;miktex/bin/x64;
-a5toa4.exe;miktex/bin/x64
+a5toa4.exe;miktex/bin/x64;
-mkcharacters.exe;miktex/bin/x64
+mkcharacters.exe;miktex/bin/x64;
-checkcites.exe;miktex/bin/x64
+checkcites.exe;miktex/bin/x64;
-ctanbib.exe;miktex/bin/x64
+ctanbib.exe;miktex/bin/x64;
-citeproc.exe;miktex/bin/x64
+citeproc.exe;miktex/bin/x64;
-luamesh.exe;miktex/bin/x64
+luamesh.exe;miktex/bin/x64;
-l3build.exe;miktex/bin/x64
+l3build.exe;miktex/bin/x64;
-cluttex.exe;miktex/bin/x64
+cluttex.exe;miktex/bin/x64;
-epspdf.exe;miktex/bin/x64
+epspdf.exe;miktex/bin/x64;
-getmapdl.exe;miktex/bin/x64
+getmapdl.exe;miktex/bin/x64;
-llmk.exe;miktex/bin/x64
+llmk.exe;miktex/bin/x64;
-luacolor.exe;miktex/bin/x64
+luacolor.exe;miktex/bin/x64;
-luafindfont.exe;miktex/bin/x64
+luafindfont.exe;miktex/bin/x64;
-luaotfload-tool.exe;miktex/bin/x64
+luaotfload-tool.exe;miktex/bin/x64;
-lyluatex.exe;miktex/bin/x64
+lyluatex.exe;miktex/bin/x64;
-lwarpmk.exe;miktex/bin/x64
+lwarpmk.exe;miktex/bin/x64;
-m-tx.exe;miktex/bin/x64
+m-tx.exe;miktex/bin/x64;
-magicnum.exe;miktex/bin/x64
+magicnum.exe;miktex/bin/x64;
-make4ht.exe;miktex/bin/x64
+make4ht.exe;miktex/bin/x64;
-makeglossaries-lite.exe;miktex/bin/x64
+makeglossaries-lite.exe;miktex/bin/x64;
-markdown-cli.exe;miktex/bin/x64
+markdown-cli.exe;miktex/bin/x64;
-xindex.exe;miktex/bin/x64
+xindex.exe;miktex/bin/x64;
-mkglyphlist.exe;miktex/bin/x64
+mkglyphlist.exe;miktex/bin/x64;
-mkluatexfontdb.exe;miktex/bin/x64
+mkluatexfontdb.exe;miktex/bin/x64;
-musixflx.exe;miktex/bin/x64
+musixflx.exe;miktex/bin/x64;
-musixtex.exe;miktex/bin/x64
+musixtex.exe;miktex/bin/x64;
-pfarrei.exe;miktex/bin/x64
+pfarrei.exe;miktex/bin/x64;
-ptex2pdf.exe;miktex/bin/x64
+ptex2pdf.exe;miktex/bin/x64;
-songidx.exe;miktex/bin/x64
+songidx.exe;miktex/bin/x64;
-tex4ebook.exe;miktex/bin/x64
+tex4ebook.exe;miktex/bin/x64;
-texlogsieve.exe;miktex/bin/x64
+texlogsieve.exe;miktex/bin/x64;
-latexpand.exe;miktex/bin/x64
+latexpand.exe;miktex/bin/x64;
-authorindex.exe;miktex/bin/x64
+authorindex.exe;miktex/bin/x64;
-ctan-o-mat.exe;miktex/bin/x64
+ctan-o-mat.exe;miktex/bin/x64;
-arlatex.exe;miktex/bin/x64
+arlatex.exe;miktex/bin/x64;
-abs2rel.exe;miktex/bin/x64
+abs2rel.exe;miktex/bin/x64;
-a2ping.exe;miktex/bin/x64
+a2ping.exe;miktex/bin/x64;
-bib2xhtml.exe;miktex/bin/x64
+bib2xhtml.exe;miktex/bin/x64;
-komkindex.exe;miktex/bin/x64
+komkindex.exe;miktex/bin/x64;
-findhyph.exe;miktex/bin/x64
+findhyph.exe;miktex/bin/x64;
-ctanify.exe;miktex/bin/x64
+ctanify.exe;miktex/bin/x64;
-afm2afm.exe;miktex/bin/x64
+afm2afm.exe;miktex/bin/x64;
-ltximg.exe;miktex/bin/x64
+ltximg.exe;miktex/bin/x64;
-csvtools.exe;miktex/bin/x64
+csvtools.exe;miktex/bin/x64;
-autoinst.exe;miktex/bin/x64
+autoinst.exe;miktex/bin/x64;
-fullref.exe;miktex/bin/x64
+fullref.exe;miktex/bin/x64;
-bibdoiadd.exe;miktex/bin/x64
+bibdoiadd.exe;miktex/bin/x64;
-mf2pt1.exe;miktex/bin/x64
+mf2pt1.exe;miktex/bin/x64;
-bibhtml.exe;miktex/bin/x64
+bibhtml.exe;miktex/bin/x64;
-bundledoc.exe;miktex/bin/x64
+bundledoc.exe;miktex/bin/x64;
-bibzbladd.exe;miktex/bin/x64
+bibzbladd.exe;miktex/bin/x64;
-birm.exe;miktex/bin/x64
+birm.exe;miktex/bin/x64;
-ibyhyph.exe;miktex/bin/x64
+ibyhyph.exe;miktex/bin/x64;
-chklref.exe;miktex/bin/x64
+chklref.exe;miktex/bin/x64;
-cjk-gs-integrate.exe;miktex/bin/x64
+cjk-gs-integrate.exe;miktex/bin/x64;
-creatdtx.exe;miktex/bin/x64
+creatdtx.exe;miktex/bin/x64;
-ctanupload.exe;miktex/bin/x64
+ctanupload.exe;miktex/bin/x64;
-htmove.exe;miktex/bin/x64
+htmove.exe;miktex/bin/x64;
-dad-to-utf8.exe;miktex/bin/x64
+dad-to-utf8.exe;miktex/bin/x64;
-dosepsbin.exe;miktex/bin/x64
+dosepsbin.exe;miktex/bin/x64;
-dviinfox.exe;miktex/bin/x64
+dviinfox.exe;miktex/bin/x64;
-htcopy.exe;miktex/bin/x64
+htcopy.exe;miktex/bin/x64;
-etexdef.exe;miktex/bin/x64
+etexdef.exe;miktex/bin/x64;
-latexindent.exe;miktex/bin/x64
+latexindent.exe;miktex/bin/x64;
-latexdiff-fast.exe;miktex/bin/x64
+latexdiff-fast.exe;miktex/bin/x64;
-pdfatfi.exe;miktex/bin/x64
+pdfatfi.exe;miktex/bin/x64;
-kanji-config-updmap-user.exe;miktex/bin/x64
+kanji-config-updmap-user.exe;miktex/bin/x64;
-exceltex.exe;miktex/bin/x64
+exceltex.exe;miktex/bin/x64;
-extractres.exe;miktex/bin/x64
+extractres.exe;miktex/bin/x64;
-feynmf.exe;miktex/bin/x64
+feynmf.exe;miktex/bin/x64;
-fig4latex.exe;miktex/bin/x64
+fig4latex.exe;miktex/bin/x64;
-ketcindy.exe;miktex/bin/x64
+ketcindy.exe;miktex/bin/x64;
-isi2bibtex.exe;miktex/bin/x64
+isi2bibtex.exe;miktex/bin/x64;
-jamo-normalize.exe;miktex/bin/x64
+jamo-normalize.exe;miktex/bin/x64;
-latexdiff.exe;miktex/bin/x64
+latexdiff.exe;miktex/bin/x64;
-jfmutil.exe;miktex/bin/x64
+jfmutil.exe;miktex/bin/x64;
-kanji-config-updmap.exe;miktex/bin/x64
+kanji-config-updmap.exe;miktex/bin/x64;
-kanji-config-updmap-sys.exe;miktex/bin/x64
+kanji-config-updmap-sys.exe;miktex/bin/x64;
-kanji-fontmap-creator.exe;miktex/bin/x64
+kanji-fontmap-creator.exe;miktex/bin/x64;
-texdirflatten.exe;miktex/bin/x64
+texdirflatten.exe;miktex/bin/x64;
-makejmlrbook.exe;miktex/bin/x64
+makejmlrbook.exe;miktex/bin/x64;
-luatexdef.exe;miktex/bin/x64
+luatexdef.exe;miktex/bin/x64;
-latex-git-log.exe;miktex/bin/x64
+latex-git-log.exe;miktex/bin/x64;
-makedtx.exe;miktex/bin/x64
+makedtx.exe;miktex/bin/x64;
-pdftexdef.exe;miktex/bin/x64
+pdftexdef.exe;miktex/bin/x64;
-latex2man.exe;miktex/bin/x64
+latex2man.exe;miktex/bin/x64;
-latexdef.exe;miktex/bin/x64
+latexdef.exe;miktex/bin/x64;
-latexdiff-so.exe;miktex/bin/x64
+latexdiff-so.exe;miktex/bin/x64;
-latexdiff-vc.exe;miktex/bin/x64
+latexdiff-vc.exe;miktex/bin/x64;
-latexmk.exe;miktex/bin/x64
+latexmk.exe;miktex/bin/x64;
-mathspic113.exe;miktex/bin/x64
+mathspic113.exe;miktex/bin/x64;
-makeglossaries.exe;miktex/bin/x64
+makeglossaries.exe;miktex/bin/x64;
-latexrevise.exe;miktex/bin/x64
+latexrevise.exe;miktex/bin/x64;
-ltx2crossrefxml.exe;miktex/bin/x64
+ltx2crossrefxml.exe;miktex/bin/x64;
-lualatexdef.exe;miktex/bin/x64
+lualatexdef.exe;miktex/bin/x64;
-mathspic.exe;miktex/bin/x64
+mathspic.exe;miktex/bin/x64;
-mfirstuc.exe;miktex/bin/x64
+mfirstuc.exe;miktex/bin/x64;
-mk4ht.exe;miktex/bin/x64
+mk4ht.exe;miktex/bin/x64;
-mkjobtexmf.exe;miktex/bin/x64
+mkjobtexmf.exe;miktex/bin/x64;
-mkt1font.exe;miktex/bin/x64
+mkt1font.exe;miktex/bin/x64;
-mptopdf.exe;miktex/bin/x64
+mptopdf.exe;miktex/bin/x64;
-OOopict.exe;miktex/bin/x64
+OOopict.exe;miktex/bin/x64;
-orderrefs.exe;miktex/bin/x64
+orderrefs.exe;miktex/bin/x64;
-ot2kpx.exe;miktex/bin/x64
+ot2kpx.exe;miktex/bin/x64;
-pdfcrop.exe;miktex/bin/x64
+pdfcrop.exe;miktex/bin/x64;
-pdflatexdef.exe;miktex/bin/x64
+pdflatexdef.exe;miktex/bin/x64;
-pdflatexpicscale.exe;miktex/bin/x64
+pdflatexpicscale.exe;miktex/bin/x64;
-pedigree.exe;miktex/bin/x64
+pedigree.exe;miktex/bin/x64;
-perltex.exe;miktex/bin/x64
+perltex.exe;miktex/bin/x64;
-pkfix.exe;miktex/bin/x64
+pkfix.exe;miktex/bin/x64;
-pkfix-helper.exe;miktex/bin/x64
+pkfix-helper.exe;miktex/bin/x64;
-pn2pdf.exe;miktex/bin/x64
+pn2pdf.exe;miktex/bin/x64;
-psjoin.exe;miktex/bin/x64
+psjoin.exe;miktex/bin/x64;
-pst2pdf.exe;miktex/bin/x64
+pst2pdf.exe;miktex/bin/x64;
-rcsinfo.exe;miktex/bin/x64
+rcsinfo.exe;miktex/bin/x64;
-rubikrotation.exe;miktex/bin/x64
+rubikrotation.exe;miktex/bin/x64;
-splitindex.exe;miktex/bin/x64
+splitindex.exe;miktex/bin/x64;
-srcredact.exe;miktex/bin/x64
+srcredact.exe;miktex/bin/x64;
-sty2dtx.exe;miktex/bin/x64
+sty2dtx.exe;miktex/bin/x64;
-svn-multi.exe;miktex/bin/x64
+svn-multi.exe;miktex/bin/x64;
-texcount.exe;miktex/bin/x64
+texcount.exe;miktex/bin/x64;
-texdef.exe;miktex/bin/x64
+texdef.exe;miktex/bin/x64;
-texdiff.exe;miktex/bin/x64
+texdiff.exe;miktex/bin/x64;
-texfot.exe;miktex/bin/x64
+texfot.exe;miktex/bin/x64;
-texindy.exe;miktex/bin/x64
+texindy.exe;miktex/bin/x64;
-texloganalyser.exe;miktex/bin/x64
+texloganalyser.exe;miktex/bin/x64;
+texlogfilter.exe;miktex/bin/x64;
-thumbpdf.exe;miktex/bin/x64
+thumbpdf.exe;miktex/bin/x64;
-ttf2kotexfont.exe;miktex/bin/x64
+ttf2kotexfont.exe;miktex/bin/x64;
-txt2qq.exe;miktex/bin/x64
+txt2qq.exe;miktex/bin/x64;
-urlbst.exe;miktex/bin/x64
+urlbst.exe;miktex/bin/x64;
-utf8-to-dad.exe;miktex/bin/x64
+utf8-to-dad.exe;miktex/bin/x64;
-vpe.exe;miktex/bin/x64
+vpe.exe;miktex/bin/x64;
-vpl2ovp.exe;miktex/bin/x64
+vpl2ovp.exe;miktex/bin/x64;
-vpl2vpl.exe;miktex/bin/x64
+vpl2vpl.exe;miktex/bin/x64;
-xdv2pdf_mergemarks.exe;miktex/bin/x64
+xdv2pdf_mergemarks.exe;miktex/bin/x64;
-xelatexdef.exe;miktex/bin/x64
+xelatexdef.exe;miktex/bin/x64;
-xetexdef.exe;miktex/bin/x64
+xetexdef.exe;miktex/bin/x64;
-xindy.exe;miktex/bin/x64
+xindy.exe;miktex/bin/x64;
-biokey2html.exe;miktex/bin/x64
+biokey2html.exe;miktex/bin/x64;
-dumphint.exe;miktex/bin/x64
+dumphint.exe;miktex/bin/x64;
-ps2pdf14.exe;miktex/bin/x64
+ps2pdf14.exe;miktex/bin/x64;
-gsnd.exe;miktex/bin/x64
+gsnd.exe;miktex/bin/x64;
-eps2eps.exe;miktex/bin/x64
+eps2eps.exe;miktex/bin/x64;
-ps2ps2.exe;miktex/bin/x64
+ps2ps2.exe;miktex/bin/x64;
-gsbj.exe;miktex/bin/x64
+gsbj.exe;miktex/bin/x64;
-gssetgs.exe;miktex/bin/x64
+gssetgs.exe;miktex/bin/x64;
-font2c.exe;miktex/bin/x64
+font2c.exe;miktex/bin/x64;
-ps2ascii.exe;miktex/bin/x64
+ps2ascii.exe;miktex/bin/x64;
-gslj.exe;miktex/bin/x64
+gslj.exe;miktex/bin/x64;
-lpr2.exe;miktex/bin/x64
+lpr2.exe;miktex/bin/x64;
-gst.exe;miktex/bin/x64
+gst.exe;miktex/bin/x64;
-gsdj.exe;miktex/bin/x64
+gsdj.exe;miktex/bin/x64;
-gsdj500.exe;miktex/bin/x64
+gsdj500.exe;miktex/bin/x64;
-gslp.exe;miktex/bin/x64
+gslp.exe;miktex/bin/x64;
-lpgs.exe;miktex/bin/x64
+lpgs.exe;miktex/bin/x64;
-gsndt.exe;miktex/bin/x64
+gsndt.exe;miktex/bin/x64;
-wmakebat.exe;miktex/bin/x64
+wmakebat.exe;miktex/bin/x64;
-pf2afm.exe;miktex/bin/x64
+pf2afm.exe;miktex/bin/x64;
-gstt.exe;miktex/bin/x64
+gstt.exe;miktex/bin/x64;
-httexi.exe;miktex/bin/x64
+httexi.exe;miktex/bin/x64;
-ht.exe;miktex/bin/x64
+ht.exe;miktex/bin/x64;
-ps2pdf.exe;miktex/bin/x64
+ps2pdf.exe;miktex/bin/x64;
-htcontext.exe;miktex/bin/x64
+htcontext.exe;miktex/bin/x64;
-ps2ps.exe;miktex/bin/x64
+ps2ps.exe;miktex/bin/x64;
-htlatex.exe;miktex/bin/x64
+htlatex.exe;miktex/bin/x64;
-pdf2dsc.exe;miktex/bin/x64
+pdf2dsc.exe;miktex/bin/x64;
-htmex.exe;miktex/bin/x64
+htmex.exe;miktex/bin/x64;
-httex.exe;miktex/bin/x64
+httex.exe;miktex/bin/x64;
-htxelatex.exe;miktex/bin/x64
+htxelatex.exe;miktex/bin/x64;
-htxetex.exe;miktex/bin/x64
+htxetex.exe;miktex/bin/x64;
-pdf2ps.exe;miktex/bin/x64
+pdf2ps.exe;miktex/bin/x64;
-lp386.exe;miktex/bin/x64
+lp386.exe;miktex/bin/x64;
-lp386r2.exe;miktex/bin/x64
+lp386r2.exe;miktex/bin/x64;
-pdfopt.exe;miktex/bin/x64
+pdfopt.exe;miktex/bin/x64;
-pfbtopfa.exe;miktex/bin/x64
+pfbtopfa.exe;miktex/bin/x64;
-pftogsf.exe;miktex/bin/x64
+pftogsf.exe;miktex/bin/x64;
-ps2epsi.exe;miktex/bin/x64
+ps2epsi.exe;miktex/bin/x64;
-ps2pdf12.exe;miktex/bin/x64
+ps2pdf12.exe;miktex/bin/x64;
-ps2pdf13.exe;miktex/bin/x64
+ps2pdf13.exe;miktex/bin/x64;
-ps2pdfxx.exe;miktex/bin/x64
+ps2pdfxx.exe;miktex/bin/x64;
-ps4pdf.exe;miktex/bin/x64
+ps4pdf.exe;miktex/bin/x64;
-de-macro.exe;miktex/bin/x64
+de-macro.exe;miktex/bin/x64;
-merge-tex.exe;miktex/bin/x64
+merge-tex.exe;miktex/bin/x64;
-gfi-run.exe;miktex/bin/x64
+gfi-run.exe;miktex/bin/x64;
-latex-papersize.exe;miktex/bin/x64
+latex-papersize.exe;miktex/bin/x64;
-depythontex.exe;miktex/bin/x64
+depythontex.exe;miktex/bin/x64;
-dviasm.exe;miktex/bin/x64
+dviasm.exe;miktex/bin/x64;
-pypostproc.exe;miktex/bin/x64
+pypostproc.exe;miktex/bin/x64;
-mgetmref.exe;miktex/bin/x64
+mgetmref.exe;miktex/bin/x64;
-optexcount.exe;miktex/bin/x64
+optexcount.exe;miktex/bin/x64;
-pdfbook2.exe;miktex/bin/x64
+pdfbook2.exe;miktex/bin/x64;
-pgfplots.exe;miktex/bin/x64
+pgfplots.exe;miktex/bin/x64;
-pygmentex.exe;miktex/bin/x64
+pygmentex.exe;miktex/bin/x64;
-pypreproc.exe;miktex/bin/x64
+pypreproc.exe;miktex/bin/x64;
-pythontex.exe;miktex/bin/x64
+pythontex.exe;miktex/bin/x64;
-spix.exe;miktex/bin/x64
+spix.exe;miktex/bin/x64;
-webquiz.exe;miktex/bin/x64
+webquiz.exe;miktex/bin/x64;
-biber.exe;miktex/bin/x64
+biber.exe;miktex/bin/x64;
-latex2nemeth.exe;miktex/bin/x64
+latex2nemeth.exe;miktex/bin/x64;
-bib2gls.exe;miktex/bin/x64
+bib2gls.exe;miktex/bin/x64;
-arara.exe;miktex/bin/x64
+arara.exe;miktex/bin/x64;
-bmeditor.exe;miktex/bin/x64
+bmeditor.exe;miktex/bin/x64;
-convertgls2bib.exe;miktex/bin/x64
+convertgls2bib.exe;miktex/bin/x64;
-texosquery.exe;miktex/bin/x64
+texosquery.exe;miktex/bin/x64;
-texosquery-jre5.exe;miktex/bin/x64
+texosquery-jre5.exe;miktex/bin/x64;
-texosquery-jre8.exe;miktex/bin/x64
+texosquery-jre8.exe;miktex/bin/x64;
-texplate.exe;miktex/bin/x64
+texplate.exe;miktex/bin/x64;
+beamer.cls;tex/latex/beamer;
+beamerbaseboxes.sty;tex/latex/beamer;
+beamercolorthemespruce.sty;tex/latex/beamer;
+beamerarticle.sty;tex/latex/beamer;
+beamercolorthemealbatross.sty;tex/latex/beamer;
+beamerbasearticle.sty;tex/latex/beamer;
+beamerbaseauxtemplates.sty;tex/latex/beamer;
+beamericonbook.eps;tex/latex/beamer;
+beamerbasecolor.sty;tex/latex/beamer;
+beamerseminar.sty;tex/latex/beamer;
+beamerbaseverbatim.sty;tex/latex/beamer;
+beamericonbook.tex;tex/latex/beamer;
+beamerbasecompatibility.sty;tex/latex/beamer;
+beamerbasedecode.sty;tex/latex/beamer;
+beamerbasefont.sty;tex/latex/beamer;
+beamerbaseframe.sty;tex/latex/beamer;
+beamerbaseframecomponents.sty;tex/latex/beamer;
+beamerbaseframesize.sty;tex/latex/beamer;
+beamerbaselocalstructure.sty;tex/latex/beamer;
+beamerbasetitle.sty;tex/latex/beamer;
+beamerbasemisc.sty;tex/latex/beamer;
+beamercolorthemeorchid.sty;tex/latex/beamer;
+beamerbasethemes.sty;tex/latex/beamer;
+beamerbasemodes.sty;tex/latex/beamer;
+beamerbasenavigation.sty;tex/latex/beamer;
+beamerbasenotes.sty;tex/latex/beamer;
+beamerbaseoptions.sty;tex/latex/beamer;
+beamercolorthemebeaver.sty;tex/latex/beamer;
+beamerbaseoverlay.sty;tex/latex/beamer;
+beamercolorthemewhale.sty;tex/latex/beamer;
+beamerbaserequires.sty;tex/latex/beamer;
+beamericonbook.20.eps;tex/latex/beamer;
+beamerbasesection.sty;tex/latex/beamer;
+beamerthemeBerkeley.sty;tex/latex/beamer;
+beamerbasetemplates.sty;tex/latex/beamer;
+beamericonbook.pdf;tex/latex/beamer;
+beamerbasetheorems.sty;tex/latex/beamer;
+beamercolorthemecrane.sty;tex/latex/beamer;
+beamerthemeGoettingen.sty;tex/latex/beamer;
+beamerbasetoc.sty;tex/latex/beamer;
+beamerbasetranslator.sty;tex/latex/beamer;
+beamercolorthemeseagull.sty;tex/latex/beamer;
+beamercolorthemerose.sty;tex/latex/beamer;
+beamerinnerthemerounded.sty;tex/latex/beamer;
+beamerbasetwoscreens.sty;tex/latex/beamer;
+beamercolorthemebeetle.sty;tex/latex/beamer;
+beamercolorthemedefault.sty;tex/latex/beamer;
+beamercolorthemedolphin.sty;tex/latex/beamer;
+beamericonbook.20.pdf;tex/latex/beamer;
+beamerfontthemestructureitalicserif.sty;tex/latex/beamer;
+beamercolorthemedove.sty;tex/latex/beamer;
+beamercolorthemefly.sty;tex/latex/beamer;
+beamerfontthemeprofessionalfonts.sty;tex/latex/beamer;
+beamercolorthemelily.sty;tex/latex/beamer;
+beamericonarticle.eps;tex/latex/beamer;
+beamercolorthememonarca.sty;tex/latex/beamer;
+beamercolorthemeseahorse.sty;tex/latex/beamer;
+beamercolorthemesidebartab.sty;tex/latex/beamer;
+beamercolorthemestructure.sty;tex/latex/beamer;
+beamerfoils.sty;tex/latex/beamer;
+beamercolorthemewolverine.sty;tex/latex/beamer;
+beamerfontthemedefault.sty;tex/latex/beamer;
+beamerfontthemeserif.sty;tex/latex/beamer;
+beamerfontthemestructurebold.sty;tex/latex/beamer;
+beamerfontthemestructuresmallcapsserif.sty;tex/latex/beamer;
+beamericonarticle.20.eps;tex/latex/beamer;
+beamericonarticle.20.pdf;tex/latex/beamer;
+beamericonarticle.pdf;tex/latex/beamer;
+xmpmulti.sty;tex/latex/beamer;
+beamericonarticle.tex;tex/latex/beamer;
+beamericononline.20.eps;tex/latex/beamer;
+beamericononline.20.pdf;tex/latex/beamer;
+beamericononline.eps;tex/latex/beamer;
+beamericononline.pdf;tex/latex/beamer;
+beamerinnerthemecircles.sty;tex/latex/beamer;
+beamerinnerthemedefault.sty;tex/latex/beamer;
+beamerinnerthemeinmargin.sty;tex/latex/beamer;
+beamerthemesidebar.sty;tex/latex/beamer;
+beamerinnerthemerectangles.sty;tex/latex/beamer;
+beamerouterthemedefault.sty;tex/latex/beamer;
+beamerouterthemeinfolines.sty;tex/latex/beamer;
+beamerouterthememiniframes.sty;tex/latex/beamer;
+beamerouterthemeshadow.sty;tex/latex/beamer;
+beamerouterthemesidebar.sty;tex/latex/beamer;
+beamerouterthemesmoothbars.sty;tex/latex/beamer;
+beamerouterthemesmoothtree.sty;tex/latex/beamer;
+beamerouterthemesplit.sty;tex/latex/beamer;
+beamerouterthemetree.sty;tex/latex/beamer;
+beamerthemeFrankfurt.sty;tex/latex/beamer;
+beamerpatchparalist.sty;tex/latex/beamer;
+beamerprosper.sty;tex/latex/beamer;
+beamertexpower.sty;tex/latex/beamer;
+beamerthemeAnnArbor.sty;tex/latex/beamer;
+beamerthemeAntibes.sty;tex/latex/beamer;
+beamerthemecompatibility.sty;tex/latex/beamer;
+beamerthemebars.sty;tex/latex/beamer;
+beamerthemeBergen.sty;tex/latex/beamer;
+beamerthemeBerlin.sty;tex/latex/beamer;
+beamerthemeBoadilla.sty;tex/latex/beamer;
+beamerthemeboxes.sty;tex/latex/beamer;
+beamerthemeCambridgeUS.sty;tex/latex/beamer;
+beamerthemeclassic.sty;tex/latex/beamer;
+beamerthemeCopenhagen.sty;tex/latex/beamer;
+beamerthemeDarmstadt.sty;tex/latex/beamer;
+beamerthemedefault.sty;tex/latex/beamer;
+beamerthemeDresden.sty;tex/latex/beamer;
+beamerthemeEastLansing.sty;tex/latex/beamer;
+beamerthemeHannover.sty;tex/latex/beamer;
+beamerthemeIlmenau.sty;tex/latex/beamer;
+beamerthemeJuanLesPins.sty;tex/latex/beamer;
+beamerthemelined.sty;tex/latex/beamer;
+beamerthemeLuebeck.sty;tex/latex/beamer;
+beamerthemeMadrid.sty;tex/latex/beamer;
+beamerthemeMalmoe.sty;tex/latex/beamer;
+beamerthemeMarburg.sty;tex/latex/beamer;
+beamerthemeMontpellier.sty;tex/latex/beamer;
+beamerthemePaloAlto.sty;tex/latex/beamer;
+beamerthemePittsburgh.sty;tex/latex/beamer;
+beamerthemeplain.sty;tex/latex/beamer;
+beamerthemeRochester.sty;tex/latex/beamer;
+beamerthemeshadow.sty;tex/latex/beamer;
+beamerthemeSingapore.sty;tex/latex/beamer;
+beamerthemesplit.sty;tex/latex/beamer;
+beamerthemeSzeged.sty;tex/latex/beamer;
+beamerthemetree.sty;tex/latex/beamer;
+beamerthemeWarsaw.sty;tex/latex/beamer;
+multimedia.sty;tex/latex/beamer;
+multimediasymbols.sty;tex/latex/beamer;
+beamer.tpm;tpm/packages;
+changes.txt;doc/latex/geometry;
+geometry-de.pdf;doc/latex/geometry;
+geometry.pdf;doc/latex/geometry;
+README.md;doc/latex/geometry;
+geometry-src.tar.xz;source;
+geometry.cfg;tex/latex/geometry;
+geometry.sty;tex/latex/geometry;
+geometry.tpm;tpm/packages;
+ltxcmds.pdf;doc/generic/ltxcmds;
+README.md;doc/generic/ltxcmds;
+ltxcmds-src.tar.xz;source;
+ltxcmds.sty;tex/generic/ltxcmds;
+ltxcmds.tpm;tpm/packages;
+infwarerr.pdf;doc/latex/infwarerr;
+README.md;doc/latex/infwarerr;
+infwarerr-src.tar.xz;source;
+infwarerr.sty;tex/generic/infwarerr;
+infwarerr.tpm;tpm/packages;
+kvsetkeys-example.tex;doc/latex/kvsetkeys;
+kvsetkeys.pdf;doc/latex/kvsetkeys;
+README.md;doc/latex/kvsetkeys;
+kvsetkeys-src.tar.xz;source;
+kvsetkeys.sty;tex/generic/kvsetkeys;
+kvsetkeys.tpm;tpm/packages;
+kvdefinekeys.pdf;doc/latex/kvdefinekeys;
+README.md;doc/latex/kvdefinekeys;
+kvdefinekeys-src.tar.xz;source;
+kvdefinekeys.sty;tex/generic/kvdefinekeys;
+kvdefinekeys.tpm;tpm/packages;
+pdfescape.pdf;doc/latex/pdfescape;
+README.md;doc/latex/pdfescape;
+pdfescape-src.tar.xz;source;
+pdfescape.sty;tex/generic/pdfescape;
+pdfescape.tpm;tpm/packages;
+hycolor.pdf;doc/latex/hycolor;
+README.md;doc/latex/hycolor;
+hycolor-src.tar.xz;source;
+hycolor.sty;tex/latex/hycolor;
+xcolor-patch.sty;tex/latex/hycolor;
+hycolor.tpm;tpm/packages;
+letltxmacro-showcases.tex;doc/latex/letltxmacro;
+letltxmacro.pdf;doc/latex/letltxmacro;
+README.md;doc/latex/letltxmacro;
+letltxmacro-src.tar.xz;source;
+letltxmacro.sty;tex/latex/letltxmacro;
+letltxmacro.tpm;tpm/packages;
+auxhook.pdf;doc/latex/auxhook;
+README.md;doc/latex/auxhook;
+auxhook-src.tar.xz;source;
+auxhook.sty;tex/latex/auxhook;
+auxhook.tpm;tpm/packages;
+README.md;doc/latex/refcount;
+refcount.pdf;doc/latex/refcount;
+refcount-src.tar.xz;source;
+refcount.sty;tex/latex/refcount;
+refcount.tpm;tpm/packages;
+gettitlestring.pdf;doc/latex/gettitlestring;
+README.md;doc/latex/gettitlestring;
+gettitlestring-src.tar.xz;source;
+gettitlestring.sty;tex/generic/gettitlestring;
+gettitlestring.tpm;tpm/packages;
+example-mycolorsetup.sty;doc/latex/kvoptions;
+kvoptions.pdf;doc/latex/kvoptions;
+README.md;doc/latex/kvoptions;
+kvoptions-src.tar.xz;source;
+kvoptions-patch.sty;tex/latex/kvoptions;
+kvoptions.sty;tex/latex/kvoptions;
+kvoptions.tpm;tpm/packages;
+intcalc.pdf;doc/latex/intcalc;
+README.md;doc/latex/intcalc;
+intcalc-src.tar.xz;source;
+intcalc.sty;tex/generic/intcalc;
+intcalc.tpm;tpm/packages;
+etexcmds.pdf;doc/latex/etexcmds;
+README.md;doc/latex/etexcmds;
+etexcmds-src.tar.xz;source;
+etexcmds.sty;tex/generic/etexcmds;
+etexcmds.tpm;tpm/packages;
+bitset.pdf;doc/latex/bitset;
+README.md;doc/latex/bitset;
+bitset-src.tar.xz;source;
+bitset.sty;tex/generic/bitset;
+bitset.tpm;tpm/packages;
+bigintcalc.pdf;doc/latex/bigintcalc;
+README.md;doc/latex/bigintcalc;
+bigintcalc-src.tar.xz;source;
+bigintcalc.sty;tex/generic/bigintcalc;
+bigintcalc.tpm;tpm/packages;
+README.md;doc/latex/stringenc;
+stringenc.pdf;doc/latex/stringenc;
+stringenc-src.tar.xz;source;
+se-ascii-print.def;tex/generic/stringenc;
+se-ascii.def;tex/generic/stringenc;
+se-nextstep.def;tex/generic/stringenc;
+se-clean7bit.def;tex/generic/stringenc;
+se-cp1250.def;tex/generic/stringenc;
+se-cp1251.def;tex/generic/stringenc;
+se-cp1252.def;tex/generic/stringenc;
+se-cp1257.def;tex/generic/stringenc;
+se-cp437.def;tex/generic/stringenc;
+se-cp850.def;tex/generic/stringenc;
+se-cp852.def;tex/generic/stringenc;
+se-cp855.def;tex/generic/stringenc;
+se-cp858.def;tex/generic/stringenc;
+stringenc.tpm;tpm/packages;
+se-cp865.def;tex/generic/stringenc;
+se-cp866.def;tex/generic/stringenc;
+se-dec-mcs.def;tex/generic/stringenc;
+se-iso-8859-1.def;tex/generic/stringenc;
+se-iso-8859-10.def;tex/generic/stringenc;
+se-iso-8859-11.def;tex/generic/stringenc;
+se-iso-8859-13.def;tex/generic/stringenc;
+se-iso-8859-14.def;tex/generic/stringenc;
+se-iso-8859-15.def;tex/generic/stringenc;
+se-iso-8859-16.def;tex/generic/stringenc;
+se-iso-8859-2.def;tex/generic/stringenc;
+se-iso-8859-3.def;tex/generic/stringenc;
+se-iso-8859-4.def;tex/generic/stringenc;
+se-iso-8859-5.def;tex/generic/stringenc;
+se-iso-8859-6.def;tex/generic/stringenc;
+se-iso-8859-7.def;tex/generic/stringenc;
+se-iso-8859-8.def;tex/generic/stringenc;
+se-iso-8859-9.def;tex/generic/stringenc;
+se-koi8-r.def;tex/generic/stringenc;
+se-mac-centeuro.def;tex/generic/stringenc;
+se-mac-cyrillic.def;tex/generic/stringenc;
+se-mac-roman.def;tex/generic/stringenc;
+se-pdfdoc.def;tex/generic/stringenc;
+se-utf16le.def;tex/generic/stringenc;
+se-utf32be.def;tex/generic/stringenc;
+se-utf32le.def;tex/generic/stringenc;
+se-utf8.def;tex/generic/stringenc;
+stringenc.sty;tex/generic/stringenc;
+README.md;doc/latex/rerunfilecheck;
+rerunfilecheck-example.cfg;doc/latex/rerunfilecheck;
+rerunfilecheck.pdf;doc/latex/rerunfilecheck;
+rerunfilecheck-src.tar.xz;source;
+rerunfilecheck.sty;tex/latex/rerunfilecheck;
+rerunfilecheck.tpm;tpm/packages;
+README.md;doc/latex/uniquecounter;
+uniquecounter-example.tex;doc/latex/uniquecounter;
+uniquecounter.pdf;doc/latex/uniquecounter;
+uniquecounter-src.tar.xz;source;
+uniquecounter.sty;tex/generic/uniquecounter;
+uniquecounter.tpm;tpm/packages;
+README.md;doc/latex/translator;
+translator.pdf;doc/latex/translator;
+translator.tex;doc/latex/translator;
+translator-theorem-dictionary-Portuguese.dict;tex/latex/translator;
+translator-environment-dictionary-French.dict;tex/latex/translator;
+translator-basic-dictionary-Bulgarian.dict;tex/latex/translator;
+translator-basic-dictionary-Catalan.dict;tex/latex/translator;
+translator-basic-dictionary-Croatian.dict;tex/latex/translator;
+translator-theorem-dictionary-Bulgarian.dict;tex/latex/translator;
+translator-months-dictionary-Nynorsk.dict;tex/latex/translator;
+translator-basic-dictionary-Polish.dict;tex/latex/translator;
+translator-basic-dictionary-Czech.dict;tex/latex/translator;
+translator-basic-dictionary-Danish.dict;tex/latex/translator;
+translator-basic-dictionary-Dutch.dict;tex/latex/translator;
+translator-bibliography-dictionary-German.dict;tex/latex/translator;
+translator-basic-dictionary-English.dict;tex/latex/translator;
+translator-basic-dictionary-Nynorsk.dict;tex/latex/translator;
+translator-basic-dictionary-French.dict;tex/latex/translator;
+translator-months-dictionary-Danish.dict;tex/latex/translator;
+translator-bibliography-dictionary-English.dict;tex/latex/translator;
+translator-basic-dictionary-German.dict;tex/latex/translator;
+translator-basic-dictionary-Greek.dict;tex/latex/translator;
+translator-basic-dictionary-Italian.dict;tex/latex/translator;
+translator-basic-dictionary-Norsk.dict;tex/latex/translator;
+translator-basic-dictionary-Portuguese.dict;tex/latex/translator;
+translator-basic-dictionary-Russian.dict;tex/latex/translator;
+translator-basic-dictionary-Serbian.dict;tex/latex/translator;
+translator-numbers-dictionary-Italian.dict;tex/latex/translator;
+translator-basic-dictionary-Spanish.dict;tex/latex/translator;
+translator-basic-dictionary-Swedish.dict;tex/latex/translator;
+translator-basic-dictionary-Turkish.dict;tex/latex/translator;
+translator-bibliography-dictionary-Bulgarian.dict;tex/latex/translator;
+translator-bibliography-dictionary-Catalan.dict;tex/latex/translator;
+translator-bibliography-dictionary-Croatian.dict;tex/latex/translator;
+translator-bibliography-dictionary-Polish.dict;tex/latex/translator;
+translator-bibliography-dictionary-Czech.dict;tex/latex/translator;
+translator-bibliography-dictionary-Danish.dict;tex/latex/translator;
+translator-bibliography-dictionary-Dutch.dict;tex/latex/translator;
+translator-bibliography-dictionary-French.dict;tex/latex/translator;
+translator-bibliography-dictionary-Greek.dict;tex/latex/translator;
+translator-bibliography-dictionary-Italian.dict;tex/latex/translator;
+translator-bibliography-dictionary-Portuguese.dict;tex/latex/translator;
+translator-bibliography-dictionary-Russian.dict;tex/latex/translator;
+translator-bibliography-dictionary-Serbian.dict;tex/latex/translator;
+translator-bibliography-dictionary-Spanish.dict;tex/latex/translator;
+translator-bibliography-dictionary-Swedish.dict;tex/latex/translator;
+translator-bibliography-dictionary-Turkish.dict;tex/latex/translator;
+translator-numbers-dictionary-Turkish.dict;tex/latex/translator;
+translator-numbers-dictionary-Greek.dict;tex/latex/translator;
+translator-environment-dictionary-Danish.dict;tex/latex/translator;
+translator-environment-dictionary-Bulgarian.dict;tex/latex/translator;
+translator-environment-dictionary-Catalan.dict;tex/latex/translator;
+translator-numbers-dictionary-Spanish.dict;tex/latex/translator;
+translator-environment-dictionary-Croatian.dict;tex/latex/translator;
+translator-environment-dictionary-Czech.dict;tex/latex/translator;
+translator-environment-dictionary-Dutch.dict;tex/latex/translator;
+translator-environment-dictionary-English.dict;tex/latex/translator;
+translator-environment-dictionary-German.dict;tex/latex/translator;
+translator-environment-dictionary-Greek.dict;tex/latex/translator;
+translator-environment-dictionary-Italian.dict;tex/latex/translator;
+translator-numbers-dictionary-German.dict;tex/latex/translator;
+translator-environment-dictionary-Polish.dict;tex/latex/translator;
+translator-environment-dictionary-Portuguese.dict;tex/latex/translator;
+translator-environment-dictionary-Russian.dict;tex/latex/translator;
+translator-environment-dictionary-Serbian.dict;tex/latex/translator;
+translator-environment-dictionary-Spanish.dict;tex/latex/translator;
+translator-environment-dictionary-Swedish.dict;tex/latex/translator;
+translator-environment-dictionary-Turkish.dict;tex/latex/translator;
+translator-months-dictionary-Bulgarian.dict;tex/latex/translator;
+translator-numbers-dictionary-Polish.dict;tex/latex/translator;
+translator-months-dictionary-Catalan.dict;tex/latex/translator;
+translator-months-dictionary-Croatian.dict;tex/latex/translator;
+translator-months-dictionary-Czech.dict;tex/latex/translator;
+translator-months-dictionary-Dutch.dict;tex/latex/translator;
+translator-months-dictionary-English.dict;tex/latex/translator;
+translator-months-dictionary-French.dict;tex/latex/translator;
+translator-months-dictionary-German.dict;tex/latex/translator;
+translator-months-dictionary-Greek.dict;tex/latex/translator;
+translator-months-dictionary-Italian.dict;tex/latex/translator;
+translator-months-dictionary-Norsk.dict;tex/latex/translator;
+translator-months-dictionary-Polish.dict;tex/latex/translator;
+translator-months-dictionary-Portuguese.dict;tex/latex/translator;
+translator-months-dictionary-Russian.dict;tex/latex/translator;
+translator-months-dictionary-Serbian.dict;tex/latex/translator;
+translator-theorem-dictionary-Czech.dict;tex/latex/translator;
+translator-months-dictionary-Spanish.dict;tex/latex/translator;
+translator-months-dictionary-Swedish.dict;tex/latex/translator;
+translator-theorem-dictionary-Polish.dict;tex/latex/translator;
+translator-months-dictionary-Turkish.dict;tex/latex/translator;
+translator-numbers-dictionary-Bulgarian.dict;tex/latex/translator;
+translator-numbers-dictionary-Catalan.dict;tex/latex/translator;
+translator-numbers-dictionary-Croatian.dict;tex/latex/translator;
+translator-theorem-dictionary-Russian.dict;tex/latex/translator;
+translator-numbers-dictionary-Czech.dict;tex/latex/translator;
+translator-numbers-dictionary-Danish.dict;tex/latex/translator;
+translator-numbers-dictionary-Dutch.dict;tex/latex/translator;
+translator-numbers-dictionary-English.dict;tex/latex/translator;
+translator-numbers-dictionary-French.dict;tex/latex/translator;
+translator-numbers-dictionary-Norsk.dict;tex/latex/translator;
+translator-numbers-dictionary-Nynorsk.dict;tex/latex/translator;
+translator-numbers-dictionary-Portuguese.dict;tex/latex/translator;
+translator-numbers-dictionary-Swedish.dict;tex/latex/translator;
+translator-numbers-dictionary-Russian.dict;tex/latex/translator;
+translator-numbers-dictionary-Serbian.dict;tex/latex/translator;
+translator-theorem-dictionary-Catalan.dict;tex/latex/translator;
+translator-theorem-dictionary-Croatian.dict;tex/latex/translator;
+translator-theorem-dictionary-Danish.dict;tex/latex/translator;
+translator-theorem-dictionary-Dutch.dict;tex/latex/translator;
+translator-theorem-dictionary-English.dict;tex/latex/translator;
+translator-theorem-dictionary-French.dict;tex/latex/translator;
+translator-theorem-dictionary-German.dict;tex/latex/translator;
+translator-theorem-dictionary-Greek.dict;tex/latex/translator;
+translator-theorem-dictionary-Italian.dict;tex/latex/translator;
+translator-theorem-dictionary-Norsk.dict;tex/latex/translator;
+translator-theorem-dictionary-Serbian.dict;tex/latex/translator;
+translator-theorem-dictionary-Spanish.dict;tex/latex/translator;
+translator-theorem-dictionary-Swedish.dict;tex/latex/translator;
+translator-theorem-dictionary-Turkish.dict;tex/latex/translator;
+translator.sty;tex/latex/translator;
+translator.tpm;tpm/packages;
+amsalpha.bst;bibtex/bst/amscls;
+amsplain.bst;bibtex/bst/amscls;
+amsart.cls;tex/latex/amscls;
+amsbook.cls;tex/latex/amscls;
+amsbooka.sty;tex/latex/amscls;
+amsdtx.cls;tex/latex/amscls;
+amsldoc.cls;tex/latex/amscls;
+amsmidx.sty;tex/latex/amscls;
+amsproc.cls;tex/latex/amscls;
+amsthm.sty;tex/latex/amscls;
+upref.sty;tex/latex/amscls;
+amscls.tpm;tpm/packages;
+acadian.ldf;tex/generic/babel-french;
+canadien.ldf;tex/generic/babel-french;
+francais.ldf;tex/generic/babel-french;
+french.ldf;tex/generic/babel-french;
+frenchb.ldf;tex/generic/babel-french;
+frenchb.lua;tex/generic/babel-french;
+babel-french.tpm;tpm/packages;
+dotlessj.sty;tex/latex/carlisle;
+ltxtable.sty;tex/latex/carlisle;
+plain.sty;tex/latex/carlisle;
+remreset.sty;tex/latex/carlisle;
+scalefnt.sty;tex/latex/carlisle;
+slashed.sty;tex/latex/carlisle;
+carlisle.tpm;tpm/packages;
+eurosym.map;fonts/map/dvips/eurosym;
+fey.mf;fonts/source/public/eurosym;
+feybl10.mf;fonts/source/public/eurosym;
+feybo10.mf;fonts/source/public/eurosym;
+feybr10.mf;fonts/source/public/eurosym;
+feyml10.mf;fonts/source/public/eurosym;
+feymo10.mf;fonts/source/public/eurosym;
+feymr10.mf;fonts/source/public/eurosym;
+feybl10.tfm;fonts/tfm/public/eurosym;
+feybo10.tfm;fonts/tfm/public/eurosym;
+feybr10.tfm;fonts/tfm/public/eurosym;
+feyml10.tfm;fonts/tfm/public/eurosym;
+feymo10.tfm;fonts/tfm/public/eurosym;
+feymr10.tfm;fonts/tfm/public/eurosym;
+feybl10.pfb;fonts/type1/public/eurosym;
+feybo10.pfb;fonts/type1/public/eurosym;
+feybr10.pfb;fonts/type1/public/eurosym;
+feyml10.pfb;fonts/type1/public/eurosym;
+feymo10.pfb;fonts/type1/public/eurosym;
+feymr10.pfb;fonts/type1/public/eurosym;
+geybl10.pfb;fonts/type1/public/eurosym;
+geymr10.pfb;fonts/type1/public/eurosym;
+geybo10.pfb;fonts/type1/public/eurosym;
+geymo10.pfb;fonts/type1/public/eurosym;
+geybr10.pfb;fonts/type1/public/eurosym;
+geyml10.pfb;fonts/type1/public/eurosym;
+eurosym.sty;tex/latex/eurosym;
+eurosym.tpm;tpm/packages;
+semtrans.sty;tex/latex/jknappen;
+00readme.txt;doc/latex/jknappen;
+jknappen-src.tar.xz;source;
+greekctr.sty;tex/latex/jknappen;
+holtpolt.sty;tex/latex/jknappen;
+latin1jk.def;tex/latex/jknappen;
+latin2jk.def;tex/latex/jknappen;
+latin3jk.def;tex/latex/jknappen;
+mathbbol.sty;tex/latex/jknappen;
+mathrsfs.sty;tex/latex/jknappen;
+parboxx.sty;tex/latex/jknappen;
+sans.sty;tex/latex/jknappen;
+sgmlcmpt.sty;tex/latex/jknappen;
+smartmn.sty;tex/latex/jknappen;
+tccompat.sty;tex/latex/jknappen;
+ubbold.fd;tex/latex/jknappen;
+ursfs.fd;tex/latex/jknappen;
+ustmary.fd;tex/latex/jknappen;
+young.sty;tex/latex/jknappen;
+jknappen.tpm;tpm/packages;
+bclogo-doc.pdf;doc/graphics/bclogo;
+bclogo.pdf;doc/graphics/bclogo;
+fond.pdf;doc/graphics/bclogo;
+syracuse-crop.pdf;doc/graphics/bclogo;
+syracuse.pdf;doc/graphics/bclogo;
+bclogo-src.tar.bz2;source;
+bc-attention.mps;tex/latex/bclogo;
+bc-aux-301.mps;tex/latex/bclogo;
+bc-bombe.mps;tex/latex/bclogo;
+bc-book.mps;tex/latex/bclogo;
+bc-calendrier.mps;tex/latex/bclogo;
+bc-cle.mps;tex/latex/bclogo;
+bc-clefa.mps;tex/latex/bclogo;
+bc-yin.mps;tex/latex/bclogo;
+bc-clesol.mps;tex/latex/bclogo;
+bc-coeur.mps;tex/latex/bclogo;
+bc-crayon.mps;tex/latex/bclogo;
+bc-cube.mps;tex/latex/bclogo;
+bc-dallemagne.mps;tex/latex/bclogo;
+bc-danger.mps;tex/latex/bclogo;
+bc-dautriche.mps;tex/latex/bclogo;
+bc-dbelgique.mps;tex/latex/bclogo;
+bc-dbulgarie.mps;tex/latex/bclogo;
+bc-dpaysbas.mps;tex/latex/bclogo;
+bc-dfrance.mps;tex/latex/bclogo;
+bc-ditalie.mps;tex/latex/bclogo;
+bc-dluxembourg.mps;tex/latex/bclogo;
+bc-dodecaedre.mps;tex/latex/bclogo;
+bc-dz.mps;tex/latex/bclogo;
+bc-eclaircie.mps;tex/latex/bclogo;
+bc-etoile.mps;tex/latex/bclogo;
+bc-femme.mps;tex/latex/bclogo;
+bc-feujaune.mps;tex/latex/bclogo;
+bc-feurouge.mps;tex/latex/bclogo;
+bc-feutricolore.mps;tex/latex/bclogo;
+bc-feuvert.mps;tex/latex/bclogo;
+bc-fleur.mps;tex/latex/bclogo;
+bc-homme.mps;tex/latex/bclogo;
+bc-horloge.mps;tex/latex/bclogo;
+bc-icosaedre.mps;tex/latex/bclogo;
+bc-info.mps;tex/latex/bclogo;
+bc-inter.mps;tex/latex/bclogo;
+bc-interdit.mps;tex/latex/bclogo;
+bc-lampe.mps;tex/latex/bclogo;
+bc-loupe.mps;tex/latex/bclogo;
+bc-neige.mps;tex/latex/bclogo;
+bc-note.mps;tex/latex/bclogo;
+bc-nucleaire.mps;tex/latex/bclogo;
+bc-octaedre.mps;tex/latex/bclogo;
+bc-oeil.mps;tex/latex/bclogo;
+bc-orne.mps;tex/latex/bclogo;
+bc-ours.mps;tex/latex/bclogo;
+bc-outil.mps;tex/latex/bclogo;
+bc-peaceandlove.mps;tex/latex/bclogo;
+bc-pluie.mps;tex/latex/bclogo;
+bc-plume.mps;tex/latex/bclogo;
+bc-poisson.mps;tex/latex/bclogo;
+bc-recyclage.mps;tex/latex/bclogo;
+bc-rosevents.mps;tex/latex/bclogo;
+bc-smiley-bonnehumeur.mps;tex/latex/bclogo;
+bc-smiley-mauvaisehumeur.mps;tex/latex/bclogo;
+bc-soleil.mps;tex/latex/bclogo;
+bc-stop.mps;tex/latex/bclogo;
+bc-takecare.mps;tex/latex/bclogo;
+bc-tetraedre.mps;tex/latex/bclogo;
+bc-trefle.mps;tex/latex/bclogo;
+bc-trombone.mps;tex/latex/bclogo;
+bc-valetcoeur.mps;tex/latex/bclogo;
+bc-velo.mps;tex/latex/bclogo;
+bclogo.sty;tex/latex/bclogo;
+bclogo.tpm;tpm/packages;
+ctan-lion.png;doc/latex/mdframed;
+mdframed-example-default.pdf;doc/latex/mdframed;
+mdframed-example-default.tex;doc/latex/mdframed;
+mdframed-example-pstricks.pdf;doc/latex/mdframed;
+mdframed-example-pstricks.tex;doc/latex/mdframed;
+mdframed-example-texsx.pdf;doc/latex/mdframed;
+md-frame-3.mdf;tex/latex/mdframed;
+mdframed-example-texsx.tex;doc/latex/mdframed;
+mdframed-example-tikz.pdf;doc/latex/mdframed;
+mdframed-example-tikz.tex;doc/latex/mdframed;
+mdframed.pdf;doc/latex/mdframed;
+README.txt;doc/latex/mdframed;
+mdframed-src.tar.bz2;source;
+ltxmdf.cls;tex/latex/mdframed;
+md-frame-0.mdf;tex/latex/mdframed;
+md-frame-1.mdf;tex/latex/mdframed;
+md-frame-2.mdf;tex/latex/mdframed;
+mdframed.sty;tex/latex/mdframed;
+mdframed.tpm;tpm/packages;
+zref-abspage.sty;tex/latex/zref;
+zref-abspos.sty;tex/latex/zref;
+zref-base.sty;tex/latex/zref;
+zref-counter.sty;tex/latex/zref;
+zref-dotfill.sty;tex/latex/zref;
+zref-env.sty;tex/latex/zref;
+zref-hyperref.sty;tex/latex/zref;
+zref-lastpage.sty;tex/latex/zref;
+zref-marks.sty;tex/latex/zref;
+zref-nextpage.sty;tex/latex/zref;
+zref-pageattr.sty;tex/latex/zref;
+zref-pagelayout.sty;tex/latex/zref;
+zref-perpage.sty;tex/latex/zref;
+zref-runs.sty;tex/latex/zref;
+zref-savepos.sty;tex/latex/zref;
+zref-thepage.sty;tex/latex/zref;
+zref-titleref.sty;tex/latex/zref;
+zref-totpages.sty;tex/latex/zref;
+zref-user.sty;tex/latex/zref;
+zref-xr.sty;tex/latex/zref;
+zref.sty;tex/latex/zref;
+zref.tpm;tpm/packages;
+needspace.pdf;doc/latex/needspace;
+README;doc/latex/needspace;
+needspace-src.tar.bz2;source;
+needspace.sty;tex/latex/needspace;
+needspace.tpm;tpm/packages;
+README.md;doc/latex/tkz-tab;
+TKZdoc-tab.pdf;doc/latex/tkz-tab;
+tkz-tab-src.tar.xz;source;
+tkz-tab.sty;tex/latex/tkz-tab;
+tkz-tab.tpm;tpm/packages;
+README.md;doc/latex/tabu;
+tabu.pdf;doc/latex/tabu;
+tabu-src.tar.xz;source;
+tabu.sty;tex/latex/tabu;
+tabu.tpm;tpm/packages;
+varwidth.sty;tex/latex/varwidth;
+varwidth-doc.pdf;doc/latex/varwidth;
+varwidth-src.tar.bz2;source;
+miscdoc.sty;tex/latex/varwidth;
+varwidth.tpm;tpm/packages;
+esvect.pdf;doc/fonts/esvect;
+uesvect.fd;tex/latex/esvect;
+README;doc/fonts/esvect;
+vect10.mf;fonts/source/public/esvect;
+esvect.map;fonts/map/dvips/esvect;
+mathvec.mf;fonts/source/public/esvect;
+vecsym.mf;fonts/source/public/esvect;
+vect5.mf;fonts/source/public/esvect;
+vect6.mf;fonts/source/public/esvect;
+vect7.mf;fonts/source/public/esvect;
+vect8.mf;fonts/source/public/esvect;
+vect9.mf;fonts/source/public/esvect;
+vsymbol.mf;fonts/source/public/esvect;
+vect10.pfb;fonts/type1/public/esvect;
+vect5.pfb;fonts/type1/public/esvect;
+vect6.pfb;fonts/type1/public/esvect;
+vect7.pfb;fonts/type1/public/esvect;
+vect8.pfb;fonts/type1/public/esvect;
+vect9.pfb;fonts/type1/public/esvect;
+esvect-src.tar.bz2;source;
+esvect.sty;tex/latex/esvect;
+esvect.tpm;tpm/packages;
+makecell-rus.pdf;doc/latex/makecell;
+makecell.pdf;doc/latex/makecell;
+README;doc/latex/makecell;
+makecell-src.tar.bz2;source;
+makecell.sty;tex/latex/makecell;
+makecell.tpm;tpm/packages;
+putr8a.tfm;fonts/tfm/public/fourier;
+fourier-alt-black.afm;fonts/afm/public/fourier;
+fourier-alt.tfm;fonts/tfm/public/fourier;
+fourier-alt-bold.afm;fonts/afm/public/fourier;
+futbi8t.vf;fonts/vf/public/fourier;
+fourier-alt-boldita.afm;fonts/afm/public/fourier;
+futbo9c.tfm;fonts/tfm/public/fourier;
+futso9c.vf;fonts/vf/public/fourier;
+fourier-alt-semiita.tfm;fonts/tfm/public/fourier;
+futrci9e.tfm;fonts/tfm/public/fourier;
+fourier-alt-semi-sl.tfm;fonts/tfm/public/fourier;
+futsi9e.tfm;fonts/tfm/public/fourier;
+fourier-mlitb.afm;fonts/afm/public/fourier;
+fourier-alt-ita.afm;fonts/afm/public/fourier;
+futb8x.tfm;fonts/tfm/public/fourier;
+fourier-alt-semi.afm;fonts/afm/public/fourier;
+fourier-mcl.afm;fonts/afm/public/fourier;
+fourier-alt-semiita.afm;fonts/afm/public/fourier;
+fourier-ligs-it.tfm;fonts/tfm/public/fourier;
+fourier-alt.afm;fonts/afm/public/fourier;
+futbi-sup.tfm;fonts/tfm/public/fourier;
+futsc8r.tfm;fonts/tfm/public/fourier;
+fourier-ms.tfm;fonts/tfm/public/fourier;
+futs-sup.vf;fonts/vf/public/fourier;
+fourier-bb.afm;fonts/afm/public/fourier;
+futrc9d.vf;fonts/vf/public/fourier;
+futb8r.tfm;fonts/tfm/public/fourier;
+futsorn.tfm;fonts/tfm/public/fourier;
+fourier-mex.afm;fonts/afm/public/fourier;
+fmlfutm.fd;tex/latex/fourier;
+fourier-mlb.afm;fonts/afm/public/fourier;
+fourier-ml.afm;fonts/afm/public/fourier;
+futbi8c.tfm;fonts/tfm/public/fourier;
+fourier-mlit.afm;fonts/afm/public/fourier;
+futbi8c.vf;fonts/vf/public/fourier;
+fourier-ms.afm;fonts/afm/public/fourier;
+fourier-orns.afm;fonts/afm/public/fourier;
+fourier-utopia-expert.map;fonts/map/dvips/fourier;
+fourier-mex.tfm;fonts/tfm/public/fourier;
+fourier.map;fonts/map/dvips/fourier;
+FourierOrns-Regular.otf;fonts/opentype/public/fourier;
+fourier-alt-black.tfm;fonts/tfm/public/fourier;
+futbi9e.tfm;fonts/tfm/public/fourier;
+ts1futj.fd;tex/latex/fourier;
+futbi8r.tfm;fonts/tfm/public/fourier;
+fourier-alt-bold-sl.tfm;fonts/tfm/public/fourier;
+futsoorn.vf;fonts/vf/public/fourier;
+fourier-ml.tfm;fonts/tfm/public/fourier;
+fourier-alt-bold.tfm;fonts/tfm/public/fourier;
+futbo8r.tfm;fonts/tfm/public/fourier;
+putbo8x.tfm;fonts/tfm/public/fourier;
+fourier-alt-boldita.tfm;fonts/tfm/public/fourier;
+futsc9e.vf;fonts/vf/public/fourier;
+fourier-alt-semi.tfm;fonts/tfm/public/fourier;
+fourier-alt-ita.tfm;fonts/tfm/public/fourier;
+futborn.vf;fonts/vf/public/fourier;
+fourier-alt-sl.tfm;fonts/tfm/public/fourier;
+putri8a.tfm;fonts/tfm/public/fourier;
+fourier-bb.tfm;fonts/tfm/public/fourier;
+fourier-mcl.tfm;fonts/tfm/public/fourier;
+fourier-mlb.tfm;fonts/tfm/public/fourier;
+futb9c.tfm;fonts/tfm/public/fourier;
+fourier-mlit.tfm;fonts/tfm/public/fourier;
+fourier-mlitb.tfm;fonts/tfm/public/fourier;
+fourier-orns.tfm;fonts/tfm/public/fourier;
+futbi8x.tfm;fonts/tfm/public/fourier;
+futb-sup.tfm;fonts/tfm/public/fourier;
+futbo9e.tfm;fonts/tfm/public/fourier;
+futs9e.vf;fonts/vf/public/fourier;
+futb8c.tfm;fonts/tfm/public/fourier;
+futb8t.tfm;fonts/tfm/public/fourier;
+futr-sup.vf;fonts/vf/public/fourier;
+futb9d.tfm;fonts/tfm/public/fourier;
+futbo8c.vf;fonts/vf/public/fourier;
+futb9e.tfm;fonts/tfm/public/fourier;
+futsco8r.tfm;fonts/tfm/public/fourier;
+futbc8t.tfm;fonts/tfm/public/fourier;
+futbi9c.tfm;fonts/tfm/public/fourier;
+futbi8t.tfm;fonts/tfm/public/fourier;
+futbi9d.tfm;fonts/tfm/public/fourier;
+futbo8c.tfm;fonts/tfm/public/fourier;
+futbo8t.tfm;fonts/tfm/public/fourier;
+fourier-mlit.pfb;fonts/type1/public/fourier;
+futbo8x.tfm;fonts/tfm/public/fourier;
+futbo9d.tfm;fonts/tfm/public/fourier;
+futboorn.tfm;fonts/tfm/public/fourier;
+futborn.tfm;fonts/tfm/public/fourier;
+futc-sup.tfm;fonts/tfm/public/fourier;
+futc8r.tfm;fonts/tfm/public/fourier;
+futc8x.tfm;fonts/tfm/public/fourier;
+futc9c.tfm;fonts/tfm/public/fourier;
+futc9d.tfm;fonts/tfm/public/fourier;
+futc9e.tfm;fonts/tfm/public/fourier;
+futcorn.tfm;fonts/tfm/public/fourier;
+futmi.tfm;fonts/tfm/public/fourier;
+futmib.tfm;fonts/tfm/public/fourier;
+fourier-bb.pfb;fonts/type1/public/fourier;
+futmii.tfm;fonts/tfm/public/fourier;
+futmiib.tfm;fonts/tfm/public/fourier;
+futsci9e.vf;fonts/vf/public/fourier;
+futr-sup.tfm;fonts/tfm/public/fourier;
+futsi9d.tfm;fonts/tfm/public/fourier;
+futr8c.tfm;fonts/tfm/public/fourier;
+futr8r.tfm;fonts/tfm/public/fourier;
+futr8t.tfm;fonts/tfm/public/fourier;
+futr8x.tfm;fonts/tfm/public/fourier;
+futr9c.tfm;fonts/tfm/public/fourier;
+futso9d.vf;fonts/vf/public/fourier;
+futr9d.tfm;fonts/tfm/public/fourier;
+futr9e.tfm;fonts/tfm/public/fourier;
+futrc8r.tfm;fonts/tfm/public/fourier;
+fourier-ms.pfb;fonts/type1/public/fourier;
+futrorn.tfm;fonts/tfm/public/fourier;
+futrc8t.tfm;fonts/tfm/public/fourier;
+futrc9d.tfm;fonts/tfm/public/fourier;
+futrc9e.tfm;fonts/tfm/public/fourier;
+futrci9d.tfm;fonts/tfm/public/fourier;
+futrco8r.tfm;fonts/tfm/public/fourier;
+futrco9d.tfm;fonts/tfm/public/fourier;
+futrd8r.tfm;fonts/tfm/public/fourier;
+ts1futs.fd;tex/latex/fourier;
+futsorn.vf;fonts/vf/public/fourier;
+futrd8t.tfm;fonts/tfm/public/fourier;
+futri-sup.tfm;fonts/tfm/public/fourier;
+futri8c.tfm;fonts/tfm/public/fourier;
+fourier-alt-semi.pfb;fonts/type1/public/fourier;
+futri8r.tfm;fonts/tfm/public/fourier;
+futri8t.tfm;fonts/tfm/public/fourier;
+ts1futx.fd;tex/latex/fourier;
+futri8x.tfm;fonts/tfm/public/fourier;
+futri9c.tfm;fonts/tfm/public/fourier;
+futri-sup.vf;fonts/vf/public/fourier;
+futri9d.tfm;fonts/tfm/public/fourier;
+futri9e.tfm;fonts/tfm/public/fourier;
+futro8c.tfm;fonts/tfm/public/fourier;
+futro8r.tfm;fonts/tfm/public/fourier;
+futro8t.tfm;fonts/tfm/public/fourier;
+futro8x.tfm;fonts/tfm/public/fourier;
+futro9c.tfm;fonts/tfm/public/fourier;
+futro9d.tfm;fonts/tfm/public/fourier;
+fourier-mcl.pfb;fonts/type1/public/fourier;
+putb8a.tfm;fonts/tfm/public/fourier;
+futro9e.tfm;fonts/tfm/public/fourier;
+futr9c.vf;fonts/vf/public/fourier;
+futroorn.tfm;fonts/tfm/public/fourier;
+fourier-ml.pfb;fonts/type1/public/fourier;
+futs-sup.tfm;fonts/tfm/public/fourier;
+futs8r.tfm;fonts/tfm/public/fourier;
+futs8x.tfm;fonts/tfm/public/fourier;
+futbo9e.vf;fonts/vf/public/fourier;
+futs9c.tfm;fonts/tfm/public/fourier;
+futs9d.tfm;fonts/tfm/public/fourier;
+futs9e.tfm;fonts/tfm/public/fourier;
+futsc9d.tfm;fonts/tfm/public/fourier;
+futsc9e.tfm;fonts/tfm/public/fourier;
+futsci9d.tfm;fonts/tfm/public/fourier;
+futsci9e.tfm;fonts/tfm/public/fourier;
+futsi-sup.tfm;fonts/tfm/public/fourier;
+futsi8r.tfm;fonts/tfm/public/fourier;
+futc-sup.vf;fonts/vf/public/fourier;
+futsi8x.tfm;fonts/tfm/public/fourier;
+futsi9c.tfm;fonts/tfm/public/fourier;
+futso8r.tfm;fonts/tfm/public/fourier;
+futso8x.tfm;fonts/tfm/public/fourier;
+futso9c.tfm;fonts/tfm/public/fourier;
+futsi9d.vf;fonts/vf/public/fourier;
+futso9d.tfm;fonts/tfm/public/fourier;
+futsy.vf;fonts/vf/public/fourier;
+futso9e.tfm;fonts/tfm/public/fourier;
+futsoorn.tfm;fonts/tfm/public/fourier;
+futsy.tfm;fonts/tfm/public/fourier;
+putb8x.tfm;fonts/tfm/public/fourier;
+putbi8a.tfm;fonts/tfm/public/fourier;
+fourier-mex.pfb;fonts/type1/public/fourier;
+putbi8x.tfm;fonts/tfm/public/fourier;
+putc8a.tfm;fonts/tfm/public/fourier;
+futbi9e.vf;fonts/vf/public/fourier;
+putc8x.tfm;fonts/tfm/public/fourier;
+putr8x.tfm;fonts/tfm/public/fourier;
+putrc8a.tfm;fonts/tfm/public/fourier;
+putrd8a.tfm;fonts/tfm/public/fourier;
+putri8x.tfm;fonts/tfm/public/fourier;
+putro8x.tfm;fonts/tfm/public/fourier;
+puts8a.tfm;fonts/tfm/public/fourier;
+puts8x.tfm;fonts/tfm/public/fourier;
+putsc8a.tfm;fonts/tfm/public/fourier;
+putsi8a.tfm;fonts/tfm/public/fourier;
+putsi8x.tfm;fonts/tfm/public/fourier;
+putso8x.tfm;fonts/tfm/public/fourier;
+fourier-alt-black.pfb;fonts/type1/public/fourier;
+fourier-alt-bold.pfb;fonts/type1/public/fourier;
+fourier-alt-boldita.pfb;fonts/type1/public/fourier;
+fourier-alt-ita.pfb;fonts/type1/public/fourier;
+futsc9d.vf;fonts/vf/public/fourier;
+fourier-alt-semiita.pfb;fonts/type1/public/fourier;
+fourier-alt.pfb;fonts/type1/public/fourier;
+fourier-mlb.pfb;fonts/type1/public/fourier;
+fourier-mlitb.pfb;fonts/type1/public/fourier;
+fourier-orns.pfb;fonts/type1/public/fourier;
+futb-sup.vf;fonts/vf/public/fourier;
+futb8c.vf;fonts/vf/public/fourier;
+futb8t.vf;fonts/vf/public/fourier;
+futb9c.vf;fonts/vf/public/fourier;
+futbc8t.vf;fonts/vf/public/fourier;
+futb9d.vf;fonts/vf/public/fourier;
+futb9e.vf;fonts/vf/public/fourier;
+futbi-sup.vf;fonts/vf/public/fourier;
+futbi9c.vf;fonts/vf/public/fourier;
+futbi9d.vf;fonts/vf/public/fourier;
+futbo8t.vf;fonts/vf/public/fourier;
+futbo9c.vf;fonts/vf/public/fourier;
+futrd8t.vf;fonts/vf/public/fourier;
+futbo9d.vf;fonts/vf/public/fourier;
+futboorn.vf;fonts/vf/public/fourier;
+futc9c.vf;fonts/vf/public/fourier;
+futc9d.vf;fonts/vf/public/fourier;
+futc9e.vf;fonts/vf/public/fourier;
+futcorn.vf;fonts/vf/public/fourier;
+futmi.vf;fonts/vf/public/fourier;
+futmib.vf;fonts/vf/public/fourier;
+futmii.vf;fonts/vf/public/fourier;
+futmiib.vf;fonts/vf/public/fourier;
+futr8c.vf;fonts/vf/public/fourier;
+futr8t.vf;fonts/vf/public/fourier;
+futr9d.vf;fonts/vf/public/fourier;
+futr9e.vf;fonts/vf/public/fourier;
+futrc8t.vf;fonts/vf/public/fourier;
+futrc9e.vf;fonts/vf/public/fourier;
+futrci9d.vf;fonts/vf/public/fourier;
+futrci9e.vf;fonts/vf/public/fourier;
+futrco9d.vf;fonts/vf/public/fourier;
+futri8c.vf;fonts/vf/public/fourier;
+futri8t.vf;fonts/vf/public/fourier;
+futri9c.vf;fonts/vf/public/fourier;
+futri9d.vf;fonts/vf/public/fourier;
+futri9e.vf;fonts/vf/public/fourier;
+futro8c.vf;fonts/vf/public/fourier;
+futro8t.vf;fonts/vf/public/fourier;
+futro9c.vf;fonts/vf/public/fourier;
+futro9d.vf;fonts/vf/public/fourier;
+futro9e.vf;fonts/vf/public/fourier;
+futsci9d.vf;fonts/vf/public/fourier;
+futroorn.vf;fonts/vf/public/fourier;
+futrorn.vf;fonts/vf/public/fourier;
+futs9c.vf;fonts/vf/public/fourier;
+futs9d.vf;fonts/vf/public/fourier;
+futsco9d.vf;fonts/vf/public/fourier;
+futsi-sup.vf;fonts/vf/public/fourier;
+futsi9c.vf;fonts/vf/public/fourier;
+futsi9e.vf;fonts/vf/public/fourier;
+futso9e.vf;fonts/vf/public/fourier;
+fmlfutmi.fd;tex/latex/fourier;
+fmsfutm.fd;tex/latex/fourier;
+fmxfutm.fd;tex/latex/fourier;
+fourier-orns.sty;tex/latex/fourier;
+fourier.sty;tex/latex/fourier;
+t1fut-sup.fd;tex/latex/fourier;
+t1futj.fd;tex/latex/fourier;
+t1futs.fd;tex/latex/fourier;
+t1futx.fd;tex/latex/fourier;
+ufuts.fd;tex/latex/fourier;
+fourier.tpm;tpm/packages;
+pdfglyphlist.txt;fonts/map/glyphlist;
+glyphlist.txt;fonts/map/glyphlist;
+texglyphlist.txt;fonts/map/glyphlist;
+glyphlist.tpm;tpm/packages;
+putbo8t.tfm;fonts/tfm/adobe/utopia;
+putb7t.tfm;fonts/tfm/adobe/utopia;
+putro8t.tfm;fonts/tfm/adobe/utopia;
+putbi8r.tfm;fonts/tfm/adobe/utopia;
+putr8a.afm;fonts/afm/adobe/utopia;
+utopia.tpm;tpm/packages;
+putri8r.tfm;fonts/tfm/adobe/utopia;
+putb8a.afm;fonts/afm/adobe/utopia;
+putr8a.pfb;fonts/type1/adobe/utopia;
+putri8a.afm;fonts/afm/adobe/utopia;
+putbi8a.afm;fonts/afm/adobe/utopia;
+putb8c.vf;fonts/vf/adobe/utopia;
+putb8c.tfm;fonts/tfm/adobe/utopia;
+putbo8c.vf;fonts/vf/adobe/utopia;
+putb8r.tfm;fonts/tfm/adobe/utopia;
+putbo7t.tfm;fonts/tfm/adobe/utopia;
+putb8t.tfm;fonts/tfm/adobe/utopia;
+putro7t.vf;fonts/vf/adobe/utopia;
+putbi8c.tfm;fonts/tfm/adobe/utopia;
+putbc7t.tfm;fonts/tfm/adobe/utopia;
+putri8t.vf;fonts/vf/adobe/utopia;
+putbc8t.tfm;fonts/tfm/adobe/utopia;
+putbi7t.tfm;fonts/tfm/adobe/utopia;
+putro8r.tfm;fonts/tfm/adobe/utopia;
+putbi8t.tfm;fonts/tfm/adobe/utopia;
+putbi7t.vf;fonts/vf/adobe/utopia;
+putbo8c.tfm;fonts/tfm/adobe/utopia;
+putbo8r.tfm;fonts/tfm/adobe/utopia;
+putr7t.tfm;fonts/tfm/adobe/utopia;
+putro8t.vf;fonts/vf/adobe/utopia;
+putr8c.tfm;fonts/tfm/adobe/utopia;
+putr8t.vf;fonts/vf/adobe/utopia;
+putr8r.tfm;fonts/tfm/adobe/utopia;
+putbc7t.vf;fonts/vf/adobe/utopia;
+putr8t.tfm;fonts/tfm/adobe/utopia;
+putbo7t.vf;fonts/vf/adobe/utopia;
+putrc7t.tfm;fonts/tfm/adobe/utopia;
+readme.utopia;doc/fonts/utopia;
+putbi8t.vf;fonts/vf/adobe/utopia;
+putrc8t.tfm;fonts/tfm/adobe/utopia;
+putri7t.vf;fonts/vf/adobe/utopia;
+putro8c.tfm;fonts/tfm/adobe/utopia;
+putri7t.tfm;fonts/tfm/adobe/utopia;
+putri8c.vf;fonts/vf/adobe/utopia;
+putri8c.tfm;fonts/tfm/adobe/utopia;
+putri8t.tfm;fonts/tfm/adobe/utopia;
+putro7t.tfm;fonts/tfm/adobe/utopia;
+putb8a.pfb;fonts/type1/adobe/utopia;
+putbi8a.pfb;fonts/type1/adobe/utopia;
+putri8a.pfb;fonts/type1/adobe/utopia;
+putb7t.vf;fonts/vf/adobe/utopia;
+putb8t.vf;fonts/vf/adobe/utopia;
+putbc8t.vf;fonts/vf/adobe/utopia;
+putbi8c.vf;fonts/vf/adobe/utopia;
+putbo8t.vf;fonts/vf/adobe/utopia;
+putr7t.vf;fonts/vf/adobe/utopia;
+putr8c.vf;fonts/vf/adobe/utopia;
+putrc7t.vf;fonts/vf/adobe/utopia;
+putrc8t.vf;fonts/vf/adobe/utopia;
+putro8c.vf;fonts/vf/adobe/utopia;
